TpTrace Verbose: 0 : 35804, 1, 2024/05/08, 17:24:46.671, 8915119638364, testhost.dll, Version: 17.9.0 Current process architecture: X64
TpTrace Verbose: 0 : 35804, 1, 2024/05/08, 17:24:46.673, 8915119656941, testhost.dll, Runtime location: C:\Program Files\dotnet\shared\Microsoft.NETCore.App\6.0.28
TpTrace Information: 0 : 35804, 1, 2024/05/08, 17:24:46.674, 8915119672018, testhost.dll, DefaultEngineInvoker.Invoke: Testhost process started with args :[--port, 51139],[--endpoint, 127.0.0.1:051139],[--role, client],[--parentprocessid, 26428],[--diag, C:\Exercism-Solutions\csharp\bin\Debug\net6.0\fine-code-coverage\coverage-tool-output\diagnostics.host.24-05-08_17-24-46_48720_6.log],[--tracelevel, 4],[--datacollectionport, 51138],[--telemetryoptedin, false]
TpTrace Information: 0 : 35804, 1, 2024/05/08, 17:24:46.677, 8915119697863, testhost.dll, Setting up debug trace listener.
TpTrace Verbose: 0 : 35804, 1, 2024/05/08, 17:24:46.677, 8915119699981, testhost.dll, TestPlatformTraceListener.Setup: Replacing listener System.Diagnostics.DefaultTraceListener with TestHostTraceListener.
TpTrace Verbose: 0 : 35804, 1, 2024/05/08, 17:24:46.677, 8915119700444, testhost.dll, TestPlatformTraceListener.Setup: Added test platform trace listener.
TpTrace Information: 0 : 35804, 1, 2024/05/08, 17:24:46.677, 8915119703072, testhost.dll, DefaultEngineInvoker.SetParentProcessExitCallback: Monitoring parent process with id: '26428'
TpTrace Information: 0 : 35804, 1, 2024/05/08, 17:24:46.682, 8915119749973, testhost.dll, DefaultEngineInvoker.GetConnectionInfo: Initialize communication on endpoint address: '127.0.0.1:051139'
TpTrace Information: 0 : 35804, 1, 2024/05/08, 17:24:46.691, 8915119837288, testhost.dll, SocketClient.Start: connecting to server endpoint: 127.0.0.1:051139
TpTrace Information: 0 : 35804, 1, 2024/05/08, 17:24:46.698, 8915119911155, testhost.dll, DefaultEngineInvoker.ConnectToDatacollector: Connecting to datacollector, port: 51138
TpTrace Information: 0 : 35804, 10, 2024/05/08, 17:24:46.700, 8915119928125, testhost.dll, SocketClient.OnServerConnected: connected to server endpoint: 127.0.0.1:051139
TpTrace Information: 0 : 35804, 1, 2024/05/08, 17:24:46.701, 8915119939166, testhost.dll, Trying to connect to server on socket : 127.0.0.1:51138 
TpTrace Verbose: 0 : 35804, 1, 2024/05/08, 17:24:46.701, 8915119941376, testhost.dll, SocketCommunicationManager : SetupClientAsync : Attempting to connect to the server.
TpTrace Verbose: 0 : 35804, 10, 2024/05/08, 17:24:46.702, 8915119953161, testhost.dll, MulticastDelegateUtilities.SafeInvoke: SocketClient: ServerConnected: Invoking callback 1/1 for Microsoft.VisualStudio.TestPlatform.CommunicationUtilities.TestRequestHandler., took 0 ms.
TpTrace Verbose: 0 : 35804, 10, 2024/05/08, 17:24:46.702, 8915119953886, testhost.dll, Connected to server, and starting MessageLoopAsync
TpTrace Information: 0 : 35804, 11, 2024/05/08, 17:24:46.703, 8915119958197, testhost.dll, Connected to the server successfully 
TpTrace Information: 0 : 35804, 11, 2024/05/08, 17:24:46.703, 8915119958886, testhost.dll, Using the buffer size of 16384 bytes
TpTrace Verbose: 0 : 35804, 1, 2024/05/08, 17:24:46.703, 8915119960169, testhost.dll, SocketCommunicationManager.WaitForServerConnection took: 0 ms, with 90000 ms timeout, and finished with True.
TpTrace Information: 0 : 35804, 1, 2024/05/08, 17:24:46.703, 8915119960999, testhost.dll, DefaultEngineInvoker.Invoke: Start Request Processing.
TpTrace Information: 0 : 35804, 14, 2024/05/08, 17:24:46.704, 8915119967047, testhost.dll, DefaultEngineInvoker.StartProcessingAsync: Connected to vstest.console, Starting process requests.
TpTrace Verbose: 0 : 35804, 12, 2024/05/08, 17:24:46.707, 8915119998251, testhost.dll, TcpClientExtensions.MessageLoopAsync: Polling on remoteEndPoint: [::ffff:127.0.0.1]:51139 localEndPoint: [::ffff:127.0.0.1]:51140 after 0 ms
TpTrace Verbose: 0 : 35804, 12, 2024/05/08, 17:24:46.708, 8915120007771, testhost.dll, TcpClientExtensions.MessageLoopAsync: NotifyDataAvailable remoteEndPoint: [::ffff:127.0.0.1]:51139 localEndPoint: [::ffff:127.0.0.1]:51140
TpTrace Information: 0 : 35804, 12, 2024/05/08, 17:24:46.711, 8915120041878, testhost.dll, TestRequestHandler.OnMessageReceived: received message: (ProtocolVersion) -> {"MessageType":"ProtocolVersion","Payload":7}
TpTrace Verbose: 0 : 35804, 12, 2024/05/08, 17:24:46.808, 8915121008808, testhost.dll, TestRequestHandler.SendData: sending data from testhost: {"Version":7,"MessageType":"TestSession.Message","Payload":{"MessageLevel":0,"Message":"Logging TestHost Diagnostics in file: C:\\Exercism-Solutions\\csharp\\bin\\Debug\\net6.0\\fine-code-coverage\\coverage-tool-output\\diagnostics.host.24-05-08_17-24-46_48720_6.log"}}
TpTrace Verbose: 0 : 35804, 12, 2024/05/08, 17:24:46.808, 8915121010751, testhost.dll, MulticastDelegateUtilities.SafeInvoke: LengthPrefixCommunicationChannel: MessageReceived: Invoking callback 1/1 for Microsoft.VisualStudio.TestPlatform.CommunicationUtilities.TestRequestHandler., took 98 ms.
TpTrace Verbose: 0 : 35804, 12, 2024/05/08, 17:24:46.808, 8915121011107, testhost.dll, TcpClientExtensions.MessageLoopAsync: Polling on remoteEndPoint: [::ffff:127.0.0.1]:51139 localEndPoint: [::ffff:127.0.0.1]:51140 after 101 ms
TpTrace Verbose: 0 : 35804, 12, 2024/05/08, 17:24:46.808, 8915121011411, testhost.dll, TcpClientExtensions.MessageLoopAsync: NotifyDataAvailable remoteEndPoint: [::ffff:127.0.0.1]:51139 localEndPoint: [::ffff:127.0.0.1]:51140
TpTrace Information: 0 : 35804, 12, 2024/05/08, 17:24:46.808, 8915121011922, testhost.dll, TestRequestHandler.OnMessageReceived: received message: (TestExecution.Initialize) -> {"Version":7,"MessageType":"TestExecution.Initialize","Payload":["C:\\Exercism-Solutions\\csharp\\bin\\Debug\\net6.0\\fine-code-coverage\\build-output\\xunit.runner.visualstudio.testadapter.dll"]}
TpTrace Verbose: 0 : 35804, 12, 2024/05/08, 17:24:46.814, 8915121071408, testhost.dll, MulticastDelegateUtilities.SafeInvoke: LengthPrefixCommunicationChannel: MessageReceived: Invoking callback 1/1 for Microsoft.VisualStudio.TestPlatform.CommunicationUtilities.TestRequestHandler., took 5 ms.
TpTrace Verbose: 0 : 35804, 12, 2024/05/08, 17:24:46.814, 8915121072147, testhost.dll, TcpClientExtensions.MessageLoopAsync: Polling on remoteEndPoint: [::ffff:127.0.0.1]:51139 localEndPoint: [::ffff:127.0.0.1]:51140 after 6 ms
TpTrace Verbose: 0 : 35804, 12, 2024/05/08, 17:24:46.814, 8915121072446, testhost.dll, TcpClientExtensions.MessageLoopAsync: NotifyDataAvailable remoteEndPoint: [::ffff:127.0.0.1]:51139 localEndPoint: [::ffff:127.0.0.1]:51140
TpTrace Information: 0 : 35804, 12, 2024/05/08, 17:24:46.814, 8915121072998, testhost.dll, TestRequestHandler.OnMessageReceived: received message: (TestExecution.StartWithSources) -> {"Version":7,"MessageType":"TestExecution.StartWithSources","Payload":{"AdapterSourceMap":{"_none_":["C:\\Exercism-Solutions\\csharp\\bin\\Debug\\net6.0\\fine-code-coverage\\build-output\\csharp-exercises.dll"]},"RunSettings":"<RunSettings>\r\n  <RunConfiguration>\r\n    <ResultsDirectory>C:\\Exercism-Solutions\\csharp\\bin\\Debug\\net6.0\\fine-code-coverage\\coverage-tool-output</ResultsDirectory>\r\n    <TargetFrameworkVersion>.NETCoreApp,Version=v6.0</TargetFrameworkVersion>\r\n    <DesignMode>False</DesignMode>\r\n    <CollectSourceInformation>False</CollectSourceInformation>\r\n  </RunConfiguration>\r\n  <LoggerRunSettings>\r\n    <Loggers>\r\n      <Logger friendlyName=\"blame\" enabled=\"True\" />\r\n      <Logger friendlyName=\"Console\" uri=\"logger://microsoft/TestPlatform/ConsoleLogger/v1\" assemblyQualifiedName=\"Microsoft.VisualStudio.TestPlatform.CommandLine.Internal.ConsoleLogger, vstest.console, Version=15.0.0.0, Culture=neutral, PublicKeyToken=b03f5f7f11d50a3a\" codeBase=\"C:\\Program Files\\dotnet\\sdk\\8.0.202\\vstest.console.dll\" enabled=\"True\" />\r\n    </Loggers>\r\n  </LoggerRunSettings>\r\n  <DataCollectionRunSettings>\r\n    <DataCollectors>\r\n      <DataCollector friendlyName=\"blame\" enabled=\"True\">\r\n        <Configuration>\r\n          <ResultsDirectory>C:\\Exercism-Solutions\\csharp\\bin\\Debug\\net6.0\\fine-code-coverage\\coverage-tool-output</ResultsDirectory>\r\n        </Configuration>\r\n      </DataCollector>\r\n    </DataCollectors>\r\n  </DataCollectionRunSettings>\r\n</RunSettings>","TestExecutionContext":{"FrequencyOfRunStatsChangeEvent":10,"RunStatsChangeEventTimeout":"00:00:01.5000000","InIsolation":false,"KeepAlive":false,"AreTestCaseLevelEventsRequired":false,"IsDebug":false,"TestCaseFilter":null,"FilterOptions":null},"Package":null}}
TpTrace Information: 0 : 35804, 5, 2024/05/08, 17:24:46.814, 8915121075320, testhost.dll, TestRequestHandler.OnMessageReceived: Running job 'TestExecution.Initialize'.
TpTrace Verbose: 0 : 35804, 5, 2024/05/08, 17:24:46.816, 8915121088407, testhost.dll, TestExecutorService: Loading the extensions
TpTrace Verbose: 0 : 35804, 5, 2024/05/08, 17:24:46.817, 8915121100784, testhost.dll, TestPluginCache.DiscoverTestExtensions: finding test extensions in assemblies ends with: TestAdapter.dll TPluginInfo: Microsoft.VisualStudio.TestPlatform.Common.ExtensionFramework.Utilities.TestExecutorPluginInformation TExtension: Microsoft.VisualStudio.TestPlatform.ObjectModel.Adapter.ITestExecutor
TpTrace Verbose: 0 : 35804, 5, 2024/05/08, 17:24:46.818, 8915121108368, testhost.dll, TestPluginCache.GetExtensionPaths: Filtered extension paths: 
TpTrace Verbose: 0 : 35804, 5, 2024/05/08, 17:24:46.818, 8915121110836, testhost.dll, TestPluginCache.GetExtensionPaths: Added default extension paths: C:\Exercism-Solutions\csharp\bin\Debug\net6.0\fine-code-coverage\build-output\xunit.runner.visualstudio.testadapter.dll
TpTrace Verbose: 0 : 35804, 5, 2024/05/08, 17:24:46.818, 8915121111133, testhost.dll, TestPluginCache.GetExtensionPaths: Added unfilterableExtensionPaths: 
TpTrace Information: 0 : 35804, 5, 2024/05/08, 17:24:46.819, 8915121124729, testhost.dll, AssemblyResolver.ctor: Creating AssemblyResolver with searchDirectories C:\Exercism-Solutions\csharp\bin\Debug\net6.0\fine-code-coverage\build-output
TpTrace Verbose: 0 : 35804, 5, 2024/05/08, 17:24:46.821, 8915121137768, testhost.dll, TestPluginCache.DiscoverTestExtensions: Discovering the extensions using extension path.
TpTrace Verbose: 0 : 35804, 5, 2024/05/08, 17:24:46.821, 8915121138829, testhost.dll, TestPluginCache.GetExtensionPaths: Filtered extension paths: 
TpTrace Verbose: 0 : 35804, 5, 2024/05/08, 17:24:46.821, 8915121139103, testhost.dll, TestPluginCache.GetExtensionPaths: Added default extension paths: C:\Exercism-Solutions\csharp\bin\Debug\net6.0\fine-code-coverage\build-output\xunit.runner.visualstudio.testadapter.dll
TpTrace Verbose: 0 : 35804, 5, 2024/05/08, 17:24:46.821, 8915121139257, testhost.dll, TestPluginCache.GetExtensionPaths: Added unfilterableExtensionPaths: 
TpTrace Verbose: 0 : 35804, 5, 2024/05/08, 17:24:46.821, 8915121139571, testhost.dll, TestPluginCache.DiscoverTestExtensions: Discovering the extensions using allExtensionPaths: C:\Exercism-Solutions\csharp\bin\Debug\net6.0\fine-code-coverage\build-output\xunit.runner.visualstudio.testadapter.dll
TpTrace Information: 0 : 35804, 5, 2024/05/08, 17:24:46.821, 8915121145107, testhost.dll, AssemblyResolver.AddSearchDirectories: Adding more searchDirectories C:\Exercism-Solutions\csharp\bin\Debug\net6.0\fine-code-coverage\build-output
TpTrace Information: 0 : 35804, 5, 2024/05/08, 17:24:46.825, 8915121176527, testhost.dll, AssemblyResolver.OnResolve: xunit.runner.visualstudio.testadapter: Resolving assembly.
TpTrace Information: 0 : 35804, 5, 2024/05/08, 17:24:46.825, 8915121177206, testhost.dll, AssemblyResolver.OnResolve: xunit.runner.visualstudio.testadapter: Searching in: 'C:\Exercism-Solutions\csharp\bin\Debug\net6.0\fine-code-coverage\build-output'.
TpTrace Information: 0 : 35804, 5, 2024/05/08, 17:24:46.826, 8915121185732, testhost.dll, AssemblyResolver.OnResolve: xunit.runner.visualstudio.testadapter: Loading assembly 'C:\Exercism-Solutions\csharp\bin\Debug\net6.0\fine-code-coverage\build-output\xunit.runner.visualstudio.testadapter.dll'.
TpTrace Information: 0 : 35804, 5, 2024/05/08, 17:24:46.826, 8915121191285, testhost.dll, AssemblyResolver.OnResolve: Resolved assembly: xunit.runner.visualstudio.testadapter, from path: C:\Exercism-Solutions\csharp\bin\Debug\net6.0\fine-code-coverage\build-output\xunit.runner.visualstudio.testadapter.dll
TpTrace Verbose: 0 : 35804, 12, 2024/05/08, 17:24:46.834, 8915121271543, testhost.dll, MulticastDelegateUtilities.SafeInvoke: LengthPrefixCommunicationChannel: MessageReceived: Invoking callback 1/1 for Microsoft.VisualStudio.TestPlatform.CommunicationUtilities.TestRequestHandler., took 19 ms.
TpTrace Verbose: 0 : 35804, 12, 2024/05/08, 17:24:46.834, 8915121273132, testhost.dll, TcpClientExtensions.MessageLoopAsync: Polling on remoteEndPoint: [::ffff:127.0.0.1]:51139 localEndPoint: [::ffff:127.0.0.1]:51140 after 20 ms
TpTrace Verbose: 0 : 35804, 5, 2024/05/08, 17:24:46.845, 8915121380261, testhost.dll, MetadataReaderExtensionsHelper: Discovering extensions inside assembly 'xunit.runner.visualstudio.testadapter, Version=2.8.0.0, Culture=neutral, PublicKeyToken=null' file path 'C:\Exercism-Solutions\csharp\bin\Debug\net6.0\fine-code-coverage\build-output\xunit.runner.visualstudio.testadapter.dll'
TpTrace Information: 0 : 35804, 5, 2024/05/08, 17:24:46.852, 8915121448145, testhost.dll, AssemblyResolver.OnResolve: xunit.runner.utility.netcoreapp10: Resolving assembly.
TpTrace Information: 0 : 35804, 5, 2024/05/08, 17:24:46.852, 8915121449412, testhost.dll, AssemblyResolver.OnResolve: xunit.runner.utility.netcoreapp10: Searching in: 'C:\Exercism-Solutions\csharp\bin\Debug\net6.0\fine-code-coverage\build-output'.
TpTrace Information: 0 : 35804, 5, 2024/05/08, 17:24:46.852, 8915121452298, testhost.dll, AssemblyResolver.OnResolve: xunit.runner.utility.netcoreapp10: Loading assembly 'C:\Exercism-Solutions\csharp\bin\Debug\net6.0\fine-code-coverage\build-output\xunit.runner.utility.netcoreapp10.dll'.
TpTrace Information: 0 : 35804, 5, 2024/05/08, 17:24:46.853, 8915121456667, testhost.dll, AssemblyResolver.OnResolve: Resolved assembly: xunit.runner.utility.netcoreapp10, from path: C:\Exercism-Solutions\csharp\bin\Debug\net6.0\fine-code-coverage\build-output\xunit.runner.utility.netcoreapp10.dll
TpTrace Information: 0 : 35804, 5, 2024/05/08, 17:24:46.855, 8915121480259, testhost.dll, GetTestExtensionFromType: Register extension with identifier data 'executor://xunit/VsTestRunner2/netcoreapp' and type 'Xunit.Runner.VisualStudio.VsTestRunner, xunit.runner.visualstudio.testadapter, Version=2.8.0.0, Culture=neutral, PublicKeyToken=null' inside file 'C:\Exercism-Solutions\csharp\bin\Debug\net6.0\fine-code-coverage\build-output\xunit.runner.visualstudio.testadapter.dll'
TpTrace Verbose: 0 : 35804, 5, 2024/05/08, 17:24:46.857, 8915121497133, testhost.dll, TestPluginCache: Discovered the extensions using extension path ''.
TpTrace Verbose: 0 : 35804, 5, 2024/05/08, 17:24:46.857, 8915121500350, testhost.dll, TestPluginCache: Discoverers are ''.
TpTrace Verbose: 0 : 35804, 5, 2024/05/08, 17:24:46.857, 8915121500789, testhost.dll, TestPluginCache: Executors are 'executor://xunit/VsTestRunner2/netcoreapp'.
TpTrace Verbose: 0 : 35804, 5, 2024/05/08, 17:24:46.857, 8915121501110, testhost.dll, TestPluginCache: Executors2 are ''.
TpTrace Verbose: 0 : 35804, 5, 2024/05/08, 17:24:46.857, 8915121501391, testhost.dll, TestPluginCache: Setting providers are ''.
TpTrace Verbose: 0 : 35804, 5, 2024/05/08, 17:24:46.857, 8915121501654, testhost.dll, TestPluginCache: Loggers are ''.
TpTrace Verbose: 0 : 35804, 5, 2024/05/08, 17:24:46.857, 8915121501916, testhost.dll, TestPluginCache: TestHosts are ''.
TpTrace Verbose: 0 : 35804, 5, 2024/05/08, 17:24:46.857, 8915121502166, testhost.dll, TestPluginCache: DataCollectors are ''.
TpTrace Verbose: 0 : 35804, 5, 2024/05/08, 17:24:46.859, 8915121521017, testhost.dll, TestPluginCache.DiscoverTestExtensions: finding test extensions in assemblies ends with: TestAdapter.dll TPluginInfo: Microsoft.VisualStudio.TestPlatform.Common.ExtensionFramework.Utilities.TestExecutorPluginInformation2 TExtension: Microsoft.VisualStudio.TestPlatform.ObjectModel.Adapter.ITestExecutor2
TpTrace Verbose: 0 : 35804, 5, 2024/05/08, 17:24:46.859, 8915121522590, testhost.dll, TestPluginCache.GetExtensionPaths: Filtered extension paths: 
TpTrace Verbose: 0 : 35804, 5, 2024/05/08, 17:24:46.859, 8915121523367, testhost.dll, TestPluginCache.GetExtensionPaths: Added default extension paths: C:\Exercism-Solutions\csharp\bin\Debug\net6.0\fine-code-coverage\build-output\xunit.runner.visualstudio.testadapter.dll
TpTrace Verbose: 0 : 35804, 5, 2024/05/08, 17:24:46.859, 8915121523580, testhost.dll, TestPluginCache.GetExtensionPaths: Added unfilterableExtensionPaths: 
TpTrace Information: 0 : 35804, 5, 2024/05/08, 17:24:46.859, 8915121524735, testhost.dll, AssemblyResolver.AddSearchDirectories: Adding more searchDirectories C:\Exercism-Solutions\csharp\bin\Debug\net6.0\fine-code-coverage\build-output
TpTrace Verbose: 0 : 35804, 5, 2024/05/08, 17:24:46.859, 8915121524999, testhost.dll, TestPluginCache.DiscoverTestExtensions: Discovering the extensions using extension path.
TpTrace Verbose: 0 : 35804, 5, 2024/05/08, 17:24:46.859, 8915121525169, testhost.dll, TestPluginCache.GetExtensionPaths: Filtered extension paths: 
TpTrace Verbose: 0 : 35804, 5, 2024/05/08, 17:24:46.859, 8915121525343, testhost.dll, TestPluginCache.GetExtensionPaths: Added default extension paths: C:\Exercism-Solutions\csharp\bin\Debug\net6.0\fine-code-coverage\build-output\xunit.runner.visualstudio.testadapter.dll
TpTrace Verbose: 0 : 35804, 5, 2024/05/08, 17:24:46.859, 8915121525488, testhost.dll, TestPluginCache.GetExtensionPaths: Added unfilterableExtensionPaths: 
TpTrace Verbose: 0 : 35804, 5, 2024/05/08, 17:24:46.860, 8915121525647, testhost.dll, TestPluginCache.DiscoverTestExtensions: Discovering the extensions using allExtensionPaths: C:\Exercism-Solutions\csharp\bin\Debug\net6.0\fine-code-coverage\build-output\xunit.runner.visualstudio.testadapter.dll
TpTrace Information: 0 : 35804, 5, 2024/05/08, 17:24:46.860, 8915121525885, testhost.dll, AssemblyResolver.AddSearchDirectories: Adding more searchDirectories C:\Exercism-Solutions\csharp\bin\Debug\net6.0\fine-code-coverage\build-output
TpTrace Verbose: 0 : 35804, 5, 2024/05/08, 17:24:46.860, 8915121526301, testhost.dll, MetadataReaderExtensionsHelper: Discovering extensions inside assembly 'xunit.runner.visualstudio.testadapter, Version=2.8.0.0, Culture=neutral, PublicKeyToken=null' file path 'C:\Exercism-Solutions\csharp\bin\Debug\net6.0\fine-code-coverage\build-output\xunit.runner.visualstudio.testadapter.dll'
TpTrace Verbose: 0 : 35804, 5, 2024/05/08, 17:24:46.860, 8915121530442, testhost.dll, TestPluginCache: Discovered the extensions using extension path ''.
TpTrace Verbose: 0 : 35804, 5, 2024/05/08, 17:24:46.860, 8915121530776, testhost.dll, TestPluginCache: Discoverers are ''.
TpTrace Verbose: 0 : 35804, 5, 2024/05/08, 17:24:46.860, 8915121531031, testhost.dll, TestPluginCache: Executors are 'executor://xunit/VsTestRunner2/netcoreapp'.
TpTrace Verbose: 0 : 35804, 5, 2024/05/08, 17:24:46.860, 8915121531363, testhost.dll, TestPluginCache: Executors2 are ''.
TpTrace Verbose: 0 : 35804, 5, 2024/05/08, 17:24:46.860, 8915121531521, testhost.dll, TestPluginCache: Setting providers are ''.
TpTrace Verbose: 0 : 35804, 5, 2024/05/08, 17:24:46.860, 8915121531707, testhost.dll, TestPluginCache: Loggers are ''.
TpTrace Verbose: 0 : 35804, 5, 2024/05/08, 17:24:46.860, 8915121531848, testhost.dll, TestPluginCache: TestHosts are ''.
TpTrace Verbose: 0 : 35804, 5, 2024/05/08, 17:24:46.860, 8915121531985, testhost.dll, TestPluginCache: DataCollectors are ''.
TpTrace Information: 0 : 35804, 5, 2024/05/08, 17:24:46.863, 8915121561027, testhost.dll, TestPluginManager.CreateTestExtension: Attempting to load test extension: Xunit.Runner.VisualStudio.VsTestRunner
TpTrace Verbose: 0 : 35804, 5, 2024/05/08, 17:24:46.863, 8915121563529, testhost.dll, TestExecutorExtensionManager: Loading executor Microsoft.VisualStudio.TestPlatform.Common.ExtensionDecorators.SerialTestRunDecorator
TpTrace Verbose: 0 : 35804, 5, 2024/05/08, 17:24:46.863, 8915121563861, testhost.dll, TestExecutorService: Loaded the executors
TpTrace Verbose: 0 : 35804, 5, 2024/05/08, 17:24:46.864, 8915121570647, testhost.dll, TestPluginCache.DiscoverTestExtensions: finding test extensions in assemblies ends with: TestAdapter.dll TPluginInfo: Microsoft.VisualStudio.TestPlatform.Common.ExtensionFramework.Utilities.TestSettingsProviderPluginInformation TExtension: Microsoft.VisualStudio.TestPlatform.ObjectModel.Adapter.ISettingsProvider
TpTrace Verbose: 0 : 35804, 5, 2024/05/08, 17:24:46.864, 8915121571356, testhost.dll, TestPluginCache.GetExtensionPaths: Filtered extension paths: 
TpTrace Verbose: 0 : 35804, 5, 2024/05/08, 17:24:46.864, 8915121571601, testhost.dll, TestPluginCache.GetExtensionPaths: Added default extension paths: C:\Exercism-Solutions\csharp\bin\Debug\net6.0\fine-code-coverage\build-output\xunit.runner.visualstudio.testadapter.dll
TpTrace Verbose: 0 : 35804, 5, 2024/05/08, 17:24:46.864, 8915121571751, testhost.dll, TestPluginCache.GetExtensionPaths: Added unfilterableExtensionPaths: 
TpTrace Information: 0 : 35804, 5, 2024/05/08, 17:24:46.864, 8915121572495, testhost.dll, AssemblyResolver.AddSearchDirectories: Adding more searchDirectories C:\Exercism-Solutions\csharp\bin\Debug\net6.0\fine-code-coverage\build-output
TpTrace Verbose: 0 : 35804, 5, 2024/05/08, 17:24:46.864, 8915121572780, testhost.dll, TestPluginCache.DiscoverTestExtensions: Discovering the extensions using extension path.
TpTrace Verbose: 0 : 35804, 5, 2024/05/08, 17:24:46.864, 8915121572940, testhost.dll, TestPluginCache.GetExtensionPaths: Filtered extension paths: 
TpTrace Verbose: 0 : 35804, 5, 2024/05/08, 17:24:46.864, 8915121573084, testhost.dll, TestPluginCache.GetExtensionPaths: Added default extension paths: C:\Exercism-Solutions\csharp\bin\Debug\net6.0\fine-code-coverage\build-output\xunit.runner.visualstudio.testadapter.dll
TpTrace Verbose: 0 : 35804, 5, 2024/05/08, 17:24:46.864, 8915121573226, testhost.dll, TestPluginCache.GetExtensionPaths: Added unfilterableExtensionPaths: 
TpTrace Verbose: 0 : 35804, 5, 2024/05/08, 17:24:46.864, 8915121573383, testhost.dll, TestPluginCache.DiscoverTestExtensions: Discovering the extensions using allExtensionPaths: C:\Exercism-Solutions\csharp\bin\Debug\net6.0\fine-code-coverage\build-output\xunit.runner.visualstudio.testadapter.dll
TpTrace Information: 0 : 35804, 5, 2024/05/08, 17:24:46.864, 8915121573624, testhost.dll, AssemblyResolver.AddSearchDirectories: Adding more searchDirectories C:\Exercism-Solutions\csharp\bin\Debug\net6.0\fine-code-coverage\build-output
TpTrace Verbose: 0 : 35804, 5, 2024/05/08, 17:24:46.864, 8915121573982, testhost.dll, MetadataReaderExtensionsHelper: Discovering extensions inside assembly 'xunit.runner.visualstudio.testadapter, Version=2.8.0.0, Culture=neutral, PublicKeyToken=null' file path 'C:\Exercism-Solutions\csharp\bin\Debug\net6.0\fine-code-coverage\build-output\xunit.runner.visualstudio.testadapter.dll'
TpTrace Verbose: 0 : 35804, 5, 2024/05/08, 17:24:46.865, 8915121577094, testhost.dll, TestPluginCache: Discovered the extensions using extension path ''.
TpTrace Verbose: 0 : 35804, 5, 2024/05/08, 17:24:46.865, 8915121577432, testhost.dll, TestPluginCache: Discoverers are ''.
TpTrace Verbose: 0 : 35804, 5, 2024/05/08, 17:24:46.865, 8915121577589, testhost.dll, TestPluginCache: Executors are 'executor://xunit/VsTestRunner2/netcoreapp'.
TpTrace Verbose: 0 : 35804, 5, 2024/05/08, 17:24:46.865, 8915121577740, testhost.dll, TestPluginCache: Executors2 are ''.
TpTrace Verbose: 0 : 35804, 5, 2024/05/08, 17:24:46.865, 8915121577940, testhost.dll, TestPluginCache: Setting providers are ''.
TpTrace Verbose: 0 : 35804, 5, 2024/05/08, 17:24:46.865, 8915121578103, testhost.dll, TestPluginCache: Loggers are ''.
TpTrace Verbose: 0 : 35804, 5, 2024/05/08, 17:24:46.865, 8915121578239, testhost.dll, TestPluginCache: TestHosts are ''.
TpTrace Verbose: 0 : 35804, 5, 2024/05/08, 17:24:46.865, 8915121578376, testhost.dll, TestPluginCache: DataCollectors are ''.
TpTrace Verbose: 0 : 35804, 5, 2024/05/08, 17:24:46.865, 8915121584235, testhost.dll, TestExecutorService: Loaded the settings providers
TpTrace Information: 0 : 35804, 5, 2024/05/08, 17:24:46.865, 8915121584593, testhost.dll, TestExecutorService: Loaded the extensions
TpTrace Information: 0 : 35804, 5, 2024/05/08, 17:24:46.866, 8915121587700, testhost.dll, TestRequestHandler.OnMessageReceived: Running job 'TestExecution.StartWithSources'.
TpTrace Verbose: 0 : 35804, 5, 2024/05/08, 17:24:46.912, 8915122051116, testhost.dll, MulticastDelegateUtilities.SafeInvoke: TestCaseEventsHandler.RaiseSessionStart: Invoking callbacks was skipped because there are no subscribers.
TpTrace Information: 0 : 35804, 5, 2024/05/08, 17:24:46.915, 8915122085211, testhost.dll, TestDiscoveryManager: Discovering tests from sources C:\Exercism-Solutions\csharp\bin\Debug\net6.0\fine-code-coverage\build-output\csharp-exercises.dll
TpTrace Verbose: 0 : 35804, 5, 2024/05/08, 17:24:46.919, 8915122118927, testhost.dll, TestPluginCache.DiscoverTestExtensions: finding test extensions in assemblies ends with: TestAdapter.dll TPluginInfo: Microsoft.VisualStudio.TestPlatform.Common.ExtensionFramework.Utilities.TestDiscovererPluginInformation TExtension: Microsoft.VisualStudio.TestPlatform.ObjectModel.Adapter.ITestDiscoverer
TpTrace Verbose: 0 : 35804, 5, 2024/05/08, 17:24:46.919, 8915122119981, testhost.dll, TestPluginCache.GetExtensionPaths: Filtered extension paths: 
TpTrace Verbose: 0 : 35804, 5, 2024/05/08, 17:24:46.919, 8915122120224, testhost.dll, TestPluginCache.GetExtensionPaths: Added default extension paths: C:\Exercism-Solutions\csharp\bin\Debug\net6.0\fine-code-coverage\build-output\xunit.runner.visualstudio.testadapter.dll
TpTrace Verbose: 0 : 35804, 5, 2024/05/08, 17:24:46.919, 8915122120445, testhost.dll, TestPluginCache.GetExtensionPaths: Added unfilterableExtensionPaths: 
TpTrace Information: 0 : 35804, 5, 2024/05/08, 17:24:46.919, 8915122121491, testhost.dll, AssemblyResolver.AddSearchDirectories: Adding more searchDirectories C:\Exercism-Solutions\csharp\bin\Debug\net6.0\fine-code-coverage\build-output
TpTrace Verbose: 0 : 35804, 5, 2024/05/08, 17:24:46.919, 8915122121744, testhost.dll, TestPluginCache.DiscoverTestExtensions: Discovering the extensions using extension path.
TpTrace Verbose: 0 : 35804, 5, 2024/05/08, 17:24:46.919, 8915122121910, testhost.dll, TestPluginCache.GetExtensionPaths: Filtered extension paths: 
TpTrace Verbose: 0 : 35804, 5, 2024/05/08, 17:24:46.919, 8915122122055, testhost.dll, TestPluginCache.GetExtensionPaths: Added default extension paths: C:\Exercism-Solutions\csharp\bin\Debug\net6.0\fine-code-coverage\build-output\xunit.runner.visualstudio.testadapter.dll
TpTrace Verbose: 0 : 35804, 5, 2024/05/08, 17:24:46.919, 8915122122261, testhost.dll, TestPluginCache.GetExtensionPaths: Added unfilterableExtensionPaths: 
TpTrace Verbose: 0 : 35804, 5, 2024/05/08, 17:24:46.919, 8915122122419, testhost.dll, TestPluginCache.DiscoverTestExtensions: Discovering the extensions using allExtensionPaths: C:\Exercism-Solutions\csharp\bin\Debug\net6.0\fine-code-coverage\build-output\xunit.runner.visualstudio.testadapter.dll
TpTrace Information: 0 : 35804, 5, 2024/05/08, 17:24:46.919, 8915122122685, testhost.dll, AssemblyResolver.AddSearchDirectories: Adding more searchDirectories C:\Exercism-Solutions\csharp\bin\Debug\net6.0\fine-code-coverage\build-output
TpTrace Verbose: 0 : 35804, 5, 2024/05/08, 17:24:46.919, 8915122123146, testhost.dll, MetadataReaderExtensionsHelper: Discovering extensions inside assembly 'xunit.runner.visualstudio.testadapter, Version=2.8.0.0, Culture=neutral, PublicKeyToken=null' file path 'C:\Exercism-Solutions\csharp\bin\Debug\net6.0\fine-code-coverage\build-output\xunit.runner.visualstudio.testadapter.dll'
TpTrace Information: 0 : 35804, 5, 2024/05/08, 17:24:46.921, 8915122139900, testhost.dll, GetTestExtensionFromType: Register extension with identifier data 'Xunit.Runner.VisualStudio.VsTestRunner, xunit.runner.visualstudio.testadapter, Version=2.8.0.0, Culture=neutral, PublicKeyToken=null' and type 'Xunit.Runner.VisualStudio.VsTestRunner, xunit.runner.visualstudio.testadapter, Version=2.8.0.0, Culture=neutral, PublicKeyToken=null' inside file 'C:\Exercism-Solutions\csharp\bin\Debug\net6.0\fine-code-coverage\build-output\xunit.runner.visualstudio.testadapter.dll'
TpTrace Verbose: 0 : 35804, 5, 2024/05/08, 17:24:46.921, 8915122140988, testhost.dll, TestPluginCache: Discovered the extensions using extension path ''.
TpTrace Verbose: 0 : 35804, 5, 2024/05/08, 17:24:46.921, 8915122141380, testhost.dll, TestPluginCache: Discoverers are 'Xunit.Runner.VisualStudio.VsTestRunner, xunit.runner.visualstudio.testadapter, Version=2.8.0.0, Culture=neutral, PublicKeyToken=null'.
TpTrace Verbose: 0 : 35804, 5, 2024/05/08, 17:24:46.921, 8915122141553, testhost.dll, TestPluginCache: Executors are 'executor://xunit/VsTestRunner2/netcoreapp'.
TpTrace Verbose: 0 : 35804, 5, 2024/05/08, 17:24:46.921, 8915122141716, testhost.dll, TestPluginCache: Executors2 are ''.
TpTrace Verbose: 0 : 35804, 5, 2024/05/08, 17:24:46.921, 8915122141861, testhost.dll, TestPluginCache: Setting providers are ''.
TpTrace Verbose: 0 : 35804, 5, 2024/05/08, 17:24:46.921, 8915122142000, testhost.dll, TestPluginCache: Loggers are ''.
TpTrace Verbose: 0 : 35804, 5, 2024/05/08, 17:24:46.921, 8915122142136, testhost.dll, TestPluginCache: TestHosts are ''.
TpTrace Verbose: 0 : 35804, 5, 2024/05/08, 17:24:46.921, 8915122142276, testhost.dll, TestPluginCache: DataCollectors are ''.
TpTrace Information: 0 : 35804, 5, 2024/05/08, 17:24:46.924, 8915122166473, testhost.dll, PEReaderHelper.GetAssemblyType: Determined assemblyType:'Managed' for source: 'C:\Exercism-Solutions\csharp\bin\Debug\net6.0\fine-code-coverage\build-output\csharp-exercises.dll'
TpTrace Verbose: 0 : 35804, 5, 2024/05/08, 17:24:46.927, 8915122203786, testhost.dll, BaseRunTests.RunTestInternalWithExecutors: Running tests for executor://xunit/VsTestRunner2/netcoreapp
TpTrace Information: 0 : 35804, 5, 2024/05/08, 17:24:46.937, 8915122304139, testhost.dll, [xUnit.net 00:00:00.00] xUnit.net VSTest Adapter v2.8.0+6438bb880a (64-bit .NET 6.0.28)
TpTrace Verbose: 0 : 35804, 5, 2024/05/08, 17:24:46.937, 8915122305498, testhost.dll, TestRequestHandler.SendData: sending data from testhost: {"Version":7,"MessageType":"TestSession.Message","Payload":{"MessageLevel":0,"Message":"[xUnit.net 00:00:00.00] xUnit.net VSTest Adapter v2.8.0+6438bb880a (64-bit .NET 6.0.28)"}}
TpTrace Verbose: 0 : 35804, 5, 2024/05/08, 17:24:46.938, 8915122306977, testhost.dll, MulticastDelegateUtilities.SafeInvoke: TestRunMessageLoggerProxy.SendMessage: Invoking callback 1/1 for Microsoft.VisualStudio.TestPlatform.CrossPlatEngine.Execution.RunTestsWithSources., took 0 ms.
TpTrace Information: 0 : 35804, 5, 2024/05/08, 17:24:46.950, 8915122430435, testhost.dll, AssemblyResolver.OnResolve: xunit.runner.reporters.netcoreapp10: Resolving assembly.
TpTrace Information: 0 : 35804, 5, 2024/05/08, 17:24:46.950, 8915122431460, testhost.dll, AssemblyResolver.OnResolve: xunit.runner.reporters.netcoreapp10: Searching in: 'C:\Exercism-Solutions\csharp\bin\Debug\net6.0\fine-code-coverage\build-output'.
TpTrace Information: 0 : 35804, 5, 2024/05/08, 17:24:46.950, 8915122434084, testhost.dll, AssemblyResolver.OnResolve: xunit.runner.reporters.netcoreapp10: Loading assembly 'C:\Exercism-Solutions\csharp\bin\Debug\net6.0\fine-code-coverage\build-output\xunit.runner.reporters.netcoreapp10.dll'.
TpTrace Information: 0 : 35804, 5, 2024/05/08, 17:24:46.951, 8915122437752, testhost.dll, AssemblyResolver.OnResolve: Resolved assembly: xunit.runner.reporters.netcoreapp10, from path: C:\Exercism-Solutions\csharp\bin\Debug\net6.0\fine-code-coverage\build-output\xunit.runner.reporters.netcoreapp10.dll
TpTrace Information: 0 : 35804, 5, 2024/05/08, 17:24:47.429, 8915127222881, testhost.dll, [xUnit.net 00:00:00.49]   Discovering: csharp-exercises
TpTrace Verbose: 0 : 35804, 5, 2024/05/08, 17:24:47.429, 8915127224448, testhost.dll, TestRequestHandler.SendData: sending data from testhost: {"Version":7,"MessageType":"TestSession.Message","Payload":{"MessageLevel":0,"Message":"[xUnit.net 00:00:00.49]   Discovering: csharp-exercises"}}
TpTrace Verbose: 0 : 35804, 5, 2024/05/08, 17:24:47.430, 8915127225757, testhost.dll, MulticastDelegateUtilities.SafeInvoke: TestRunMessageLoggerProxy.SendMessage: Invoking callback 1/1 for Microsoft.VisualStudio.TestPlatform.CrossPlatEngine.Execution.RunTestsWithSources., took 0 ms.
TpTrace Information: 0 : 35804, 5, 2024/05/08, 17:24:47.475, 8915127680411, testhost.dll, [xUnit.net 00:00:00.54]   Discovered:  csharp-exercises
TpTrace Verbose: 0 : 35804, 5, 2024/05/08, 17:24:47.475, 8915127681906, testhost.dll, TestRequestHandler.SendData: sending data from testhost: {"Version":7,"MessageType":"TestSession.Message","Payload":{"MessageLevel":0,"Message":"[xUnit.net 00:00:00.54]   Discovered:  csharp-exercises"}}
TpTrace Verbose: 0 : 35804, 5, 2024/05/08, 17:24:47.475, 8915127683302, testhost.dll, MulticastDelegateUtilities.SafeInvoke: TestRunMessageLoggerProxy.SendMessage: Invoking callback 1/1 for Microsoft.VisualStudio.TestPlatform.CrossPlatEngine.Execution.RunTestsWithSources., took 0 ms.
TpTrace Information: 0 : 35804, 5, 2024/05/08, 17:24:47.478, 8915127706101, testhost.dll, [xUnit.net 00:00:00.54]   Starting:    csharp-exercises
TpTrace Verbose: 0 : 35804, 5, 2024/05/08, 17:24:47.478, 8915127707369, testhost.dll, TestRequestHandler.SendData: sending data from testhost: {"Version":7,"MessageType":"TestSession.Message","Payload":{"MessageLevel":0,"Message":"[xUnit.net 00:00:00.54]   Starting:    csharp-exercises"}}
TpTrace Verbose: 0 : 35804, 5, 2024/05/08, 17:24:47.478, 8915127708515, testhost.dll, MulticastDelegateUtilities.SafeInvoke: TestRunMessageLoggerProxy.SendMessage: Invoking callback 1/1 for Microsoft.VisualStudio.TestPlatform.CrossPlatEngine.Execution.RunTestsWithSources., took 0 ms.
TpTrace Verbose: 0 : 35804, 18, 2024/05/08, 17:24:47.522, 8915128146312, testhost.dll, TestExecutionRecorder.RecordStart: Starting test: WordCountTests.Include_numbers.
TpTrace Verbose: 0 : 35804, 18, 2024/05/08, 17:24:47.559, 8915128516465, testhost.dll, MulticastDelegateUtilities.SafeInvoke: TestCaseEventsHandler.RaiseTestCaseStart: Invoking callback 1/1 for Microsoft.VisualStudio.TestPlatform.CrossPlatEngine.DataCollection.ProxyOutOfProcDataCollectionManager., took 34 ms.
TpTrace Verbose: 0 : 35804, 18, 2024/05/08, 17:24:47.559, 8915128519324, testhost.dll, TestExecutionRecorder.RecordStart: Starting test: HelloWorldTests.Say_hi_.
TpTrace Verbose: 0 : 35804, 18, 2024/05/08, 17:24:47.561, 8915128538989, testhost.dll, MulticastDelegateUtilities.SafeInvoke: TestCaseEventsHandler.RaiseTestCaseStart: Invoking callback 1/1 for Microsoft.VisualStudio.TestPlatform.CrossPlatEngine.DataCollection.ProxyOutOfProcDataCollectionManager., took 1 ms.
TpTrace Verbose: 0 : 35804, 18, 2024/05/08, 17:24:47.562, 8915128555592, testhost.dll, TestExecutionRecorder.RecordResult: Received result for test: HelloWorldTests.Say_hi_.
TpTrace Verbose: 0 : 35804, 18, 2024/05/08, 17:24:47.573, 8915128656187, testhost.dll, MulticastDelegateUtilities.SafeInvoke: TestCaseEventsHandler.RaiseTestCaseEnd: Invoking callback 1/1 for Microsoft.VisualStudio.TestPlatform.CrossPlatEngine.DataCollection.ProxyOutOfProcDataCollectionManager., took 9 ms.
TpTrace Verbose: 0 : 35804, 18, 2024/05/08, 17:24:47.575, 8915128677469, testhost.dll, MulticastDelegateUtilities.SafeInvoke: TestCaseEventsHandler.RaiseTestCaseEnd: Invoking callback 1/1 for Microsoft.VisualStudio.TestPlatform.CrossPlatEngine.DataCollection.ProxyOutOfProcDataCollectionManager., took 1 ms.
TpTrace Verbose: 0 : 35804, 18, 2024/05/08, 17:24:47.578, 8915128709070, testhost.dll, TestExecutionRecorder.RecordEnd: test: HelloWorldTests.Say_hi_ execution completed.
TpTrace Verbose: 0 : 35804, 18, 2024/05/08, 17:24:47.578, 8915128712330, testhost.dll, TestExecutionRecorder.RecordResult: Received result for test: WordCountTests.Include_numbers.
TpTrace Verbose: 0 : 35804, 18, 2024/05/08, 17:24:47.581, 8915128735770, testhost.dll, MulticastDelegateUtilities.SafeInvoke: TestCaseEventsHandler.RaiseTestCaseEnd: Invoking callback 1/1 for Microsoft.VisualStudio.TestPlatform.CrossPlatEngine.DataCollection.ProxyOutOfProcDataCollectionManager., took 2 ms.
TpTrace Verbose: 0 : 35804, 18, 2024/05/08, 17:24:47.581, 8915128738771, testhost.dll, MulticastDelegateUtilities.SafeInvoke: TestCaseEventsHandler.RaiseTestCaseEnd: Invoking callback 1/1 for Microsoft.VisualStudio.TestPlatform.CrossPlatEngine.DataCollection.ProxyOutOfProcDataCollectionManager., took 0 ms.
TpTrace Verbose: 0 : 35804, 18, 2024/05/08, 17:24:47.581, 8915128740117, testhost.dll, TestExecutionRecorder.RecordEnd: test: WordCountTests.Include_numbers execution completed.
TpTrace Warning: 0 : 35804, 18, 2024/05/08, 17:24:47.581, 8915128741650, testhost.dll, TestRunCache: InProgressTests is null
TpTrace Verbose: 0 : 35804, 18, 2024/05/08, 17:24:47.581, 8915128742251, testhost.dll, TestExecutionRecorder.RecordStart: Starting test: WordCountTests.With_apostrophes.
TpTrace Verbose: 0 : 35804, 18, 2024/05/08, 17:24:47.583, 8915128757880, testhost.dll, MulticastDelegateUtilities.SafeInvoke: TestCaseEventsHandler.RaiseTestCaseStart: Invoking callback 1/1 for Microsoft.VisualStudio.TestPlatform.CrossPlatEngine.DataCollection.ProxyOutOfProcDataCollectionManager., took 1 ms.
TpTrace Verbose: 0 : 35804, 18, 2024/05/08, 17:24:47.583, 8915128759692, testhost.dll, TestExecutionRecorder.RecordResult: Received result for test: WordCountTests.With_apostrophes.
TpTrace Verbose: 0 : 35804, 18, 2024/05/08, 17:24:47.584, 8915128772173, testhost.dll, MulticastDelegateUtilities.SafeInvoke: TestCaseEventsHandler.RaiseTestCaseEnd: Invoking callback 1/1 for Microsoft.VisualStudio.TestPlatform.CrossPlatEngine.DataCollection.ProxyOutOfProcDataCollectionManager., took 1 ms.
TpTrace Verbose: 0 : 35804, 18, 2024/05/08, 17:24:47.584, 8915128773638, testhost.dll, MulticastDelegateUtilities.SafeInvoke: TestCaseEventsHandler.RaiseTestCaseEnd: Invoking callback 1/1 for Microsoft.VisualStudio.TestPlatform.CrossPlatEngine.DataCollection.ProxyOutOfProcDataCollectionManager., took 0 ms.
TpTrace Verbose: 0 : 35804, 18, 2024/05/08, 17:24:47.584, 8915128774707, testhost.dll, TestExecutionRecorder.RecordEnd: test: WordCountTests.With_apostrophes execution completed.
TpTrace Warning: 0 : 35804, 18, 2024/05/08, 17:24:47.584, 8915128775093, testhost.dll, TestRunCache: InProgressTests is null
TpTrace Verbose: 0 : 35804, 18, 2024/05/08, 17:24:47.585, 8915128775650, testhost.dll, TestExecutionRecorder.RecordStart: Starting test: WordCountTests.Handles_cramped_lists.
TpTrace Verbose: 0 : 35804, 18, 2024/05/08, 17:24:47.586, 8915128788239, testhost.dll, MulticastDelegateUtilities.SafeInvoke: TestCaseEventsHandler.RaiseTestCaseStart: Invoking callback 1/1 for Microsoft.VisualStudio.TestPlatform.CrossPlatEngine.DataCollection.ProxyOutOfProcDataCollectionManager., took 1 ms.
TpTrace Verbose: 0 : 35804, 18, 2024/05/08, 17:24:47.586, 8915128790160, testhost.dll, TestExecutionRecorder.RecordResult: Received result for test: WordCountTests.Handles_cramped_lists.
TpTrace Verbose: 0 : 35804, 18, 2024/05/08, 17:24:47.587, 8915128805265, testhost.dll, MulticastDelegateUtilities.SafeInvoke: TestCaseEventsHandler.RaiseTestCaseEnd: Invoking callback 1/1 for Microsoft.VisualStudio.TestPlatform.CrossPlatEngine.DataCollection.ProxyOutOfProcDataCollectionManager., took 1 ms.
TpTrace Verbose: 0 : 35804, 18, 2024/05/08, 17:24:47.588, 8915128806346, testhost.dll, MulticastDelegateUtilities.SafeInvoke: TestCaseEventsHandler.RaiseTestCaseEnd: Invoking callback 1/1 for Microsoft.VisualStudio.TestPlatform.CrossPlatEngine.DataCollection.ProxyOutOfProcDataCollectionManager., took 0 ms.
TpTrace Verbose: 0 : 35804, 18, 2024/05/08, 17:24:47.588, 8915128807316, testhost.dll, TestExecutionRecorder.RecordEnd: test: WordCountTests.Handles_cramped_lists execution completed.
TpTrace Warning: 0 : 35804, 18, 2024/05/08, 17:24:47.588, 8915128807648, testhost.dll, TestRunCache: InProgressTests is null
TpTrace Verbose: 0 : 35804, 18, 2024/05/08, 17:24:47.588, 8915128808236, testhost.dll, TestExecutionRecorder.RecordStart: Starting test: WordCountTests.Count_one_of_each_word.
TpTrace Verbose: 0 : 35804, 18, 2024/05/08, 17:24:47.589, 8915128819392, testhost.dll, MulticastDelegateUtilities.SafeInvoke: TestCaseEventsHandler.RaiseTestCaseStart: Invoking callback 1/1 for Microsoft.VisualStudio.TestPlatform.CrossPlatEngine.DataCollection.ProxyOutOfProcDataCollectionManager., took 1 ms.
TpTrace Verbose: 0 : 35804, 18, 2024/05/08, 17:24:47.589, 8915128821213, testhost.dll, TestExecutionRecorder.RecordResult: Received result for test: WordCountTests.Count_one_of_each_word.
TpTrace Verbose: 0 : 35804, 18, 2024/05/08, 17:24:47.590, 8915128833883, testhost.dll, MulticastDelegateUtilities.SafeInvoke: TestCaseEventsHandler.RaiseTestCaseEnd: Invoking callback 1/1 for Microsoft.VisualStudio.TestPlatform.CrossPlatEngine.DataCollection.ProxyOutOfProcDataCollectionManager., took 1 ms.
TpTrace Verbose: 0 : 35804, 18, 2024/05/08, 17:24:47.590, 8915128835005, testhost.dll, MulticastDelegateUtilities.SafeInvoke: TestCaseEventsHandler.RaiseTestCaseEnd: Invoking callback 1/1 for Microsoft.VisualStudio.TestPlatform.CrossPlatEngine.DataCollection.ProxyOutOfProcDataCollectionManager., took 0 ms.
TpTrace Verbose: 0 : 35804, 18, 2024/05/08, 17:24:47.591, 8915128835634, testhost.dll, TestExecutionRecorder.RecordEnd: test: WordCountTests.Count_one_of_each_word execution completed.
TpTrace Warning: 0 : 35804, 18, 2024/05/08, 17:24:47.591, 8915128835836, testhost.dll, TestRunCache: InProgressTests is null
TpTrace Verbose: 0 : 35804, 18, 2024/05/08, 17:24:47.591, 8915128836135, testhost.dll, TestExecutionRecorder.RecordStart: Starting test: WordCountTests.With_quotations.
TpTrace Verbose: 0 : 35804, 18, 2024/05/08, 17:24:47.592, 8915128850562, testhost.dll, MulticastDelegateUtilities.SafeInvoke: TestCaseEventsHandler.RaiseTestCaseStart: Invoking callback 1/1 for Microsoft.VisualStudio.TestPlatform.CrossPlatEngine.DataCollection.ProxyOutOfProcDataCollectionManager., took 1 ms.
TpTrace Verbose: 0 : 35804, 18, 2024/05/08, 17:24:47.592, 8915128851932, testhost.dll, TestExecutionRecorder.RecordResult: Received result for test: WordCountTests.With_quotations.
TpTrace Verbose: 0 : 35804, 18, 2024/05/08, 17:24:47.593, 8915128864416, testhost.dll, MulticastDelegateUtilities.SafeInvoke: TestCaseEventsHandler.RaiseTestCaseEnd: Invoking callback 1/1 for Microsoft.VisualStudio.TestPlatform.CrossPlatEngine.DataCollection.ProxyOutOfProcDataCollectionManager., took 1 ms.
TpTrace Verbose: 0 : 35804, 18, 2024/05/08, 17:24:47.593, 8915128865567, testhost.dll, MulticastDelegateUtilities.SafeInvoke: TestCaseEventsHandler.RaiseTestCaseEnd: Invoking callback 1/1 for Microsoft.VisualStudio.TestPlatform.CrossPlatEngine.DataCollection.ProxyOutOfProcDataCollectionManager., took 0 ms.
TpTrace Verbose: 0 : 35804, 18, 2024/05/08, 17:24:47.594, 8915128866288, testhost.dll, TestExecutionRecorder.RecordEnd: test: WordCountTests.With_quotations execution completed.
TpTrace Warning: 0 : 35804, 18, 2024/05/08, 17:24:47.594, 8915128866573, testhost.dll, TestRunCache: InProgressTests is null
TpTrace Verbose: 0 : 35804, 18, 2024/05/08, 17:24:47.594, 8915128867068, testhost.dll, TestExecutionRecorder.RecordStart: Starting test: WordCountTests.Alternating_word_separators_not_detected_as_a_word.
TpTrace Verbose: 0 : 35804, 18, 2024/05/08, 17:24:47.595, 8915128880277, testhost.dll, MulticastDelegateUtilities.SafeInvoke: TestCaseEventsHandler.RaiseTestCaseStart: Invoking callback 1/1 for Microsoft.VisualStudio.TestPlatform.CrossPlatEngine.DataCollection.ProxyOutOfProcDataCollectionManager., took 1 ms.
TpTrace Verbose: 0 : 35804, 18, 2024/05/08, 17:24:47.595, 8915128881765, testhost.dll, TestExecutionRecorder.RecordResult: Received result for test: WordCountTests.Alternating_word_separators_not_detected_as_a_word.
TpTrace Verbose: 0 : 35804, 18, 2024/05/08, 17:24:47.596, 8915128895624, testhost.dll, MulticastDelegateUtilities.SafeInvoke: TestCaseEventsHandler.RaiseTestCaseEnd: Invoking callback 1/1 for Microsoft.VisualStudio.TestPlatform.CrossPlatEngine.DataCollection.ProxyOutOfProcDataCollectionManager., took 1 ms.
TpTrace Verbose: 0 : 35804, 18, 2024/05/08, 17:24:47.597, 8915128896608, testhost.dll, MulticastDelegateUtilities.SafeInvoke: TestCaseEventsHandler.RaiseTestCaseEnd: Invoking callback 1/1 for Microsoft.VisualStudio.TestPlatform.CrossPlatEngine.DataCollection.ProxyOutOfProcDataCollectionManager., took 0 ms.
TpTrace Verbose: 0 : 35804, 18, 2024/05/08, 17:24:47.597, 8915128897320, testhost.dll, TestExecutionRecorder.RecordEnd: test: WordCountTests.Alternating_word_separators_not_detected_as_a_word execution completed.
TpTrace Warning: 0 : 35804, 18, 2024/05/08, 17:24:47.597, 8915128897603, testhost.dll, TestRunCache: InProgressTests is null
TpTrace Verbose: 0 : 35804, 18, 2024/05/08, 17:24:47.597, 8915128898087, testhost.dll, TestExecutionRecorder.RecordStart: Starting test: WordCountTests.Multiple_spaces_not_detected_as_a_word.
TpTrace Verbose: 0 : 35804, 18, 2024/05/08, 17:24:47.601, 8915128945420, testhost.dll, MulticastDelegateUtilities.SafeInvoke: TestCaseEventsHandler.RaiseTestCaseStart: Invoking callback 1/1 for Microsoft.VisualStudio.TestPlatform.CrossPlatEngine.DataCollection.ProxyOutOfProcDataCollectionManager., took 4 ms.
TpTrace Verbose: 0 : 35804, 18, 2024/05/08, 17:24:47.602, 8915128947213, testhost.dll, TestExecutionRecorder.RecordResult: Received result for test: WordCountTests.Multiple_spaces_not_detected_as_a_word.
TpTrace Verbose: 0 : 35804, 18, 2024/05/08, 17:24:47.603, 8915128959806, testhost.dll, MulticastDelegateUtilities.SafeInvoke: TestCaseEventsHandler.RaiseTestCaseEnd: Invoking callback 1/1 for Microsoft.VisualStudio.TestPlatform.CrossPlatEngine.DataCollection.ProxyOutOfProcDataCollectionManager., took 1 ms.
TpTrace Verbose: 0 : 35804, 18, 2024/05/08, 17:24:47.603, 8915128961350, testhost.dll, MulticastDelegateUtilities.SafeInvoke: TestCaseEventsHandler.RaiseTestCaseEnd: Invoking callback 1/1 for Microsoft.VisualStudio.TestPlatform.CrossPlatEngine.DataCollection.ProxyOutOfProcDataCollectionManager., took 0 ms.
TpTrace Verbose: 0 : 35804, 18, 2024/05/08, 17:24:47.603, 8915128962190, testhost.dll, TestExecutionRecorder.RecordEnd: test: WordCountTests.Multiple_spaces_not_detected_as_a_word execution completed.
TpTrace Warning: 0 : 35804, 18, 2024/05/08, 17:24:47.603, 8915128962512, testhost.dll, TestRunCache: InProgressTests is null
TpTrace Verbose: 0 : 35804, 18, 2024/05/08, 17:24:47.603, 8915128963134, testhost.dll, TestExecutionRecorder.RecordStart: Starting test: WordCountTests.Multiple_occurrences_of_a_word.
TpTrace Verbose: 0 : 35804, 18, 2024/05/08, 17:24:47.605, 8915128978436, testhost.dll, MulticastDelegateUtilities.SafeInvoke: TestCaseEventsHandler.RaiseTestCaseStart: Invoking callback 1/1 for Microsoft.VisualStudio.TestPlatform.CrossPlatEngine.DataCollection.ProxyOutOfProcDataCollectionManager., took 1 ms.
TpTrace Verbose: 0 : 35804, 18, 2024/05/08, 17:24:47.605, 8915128979729, testhost.dll, TestExecutionRecorder.RecordResult: Received result for test: WordCountTests.Multiple_occurrences_of_a_word.
TpTrace Verbose: 0 : 35804, 18, 2024/05/08, 17:24:47.606, 8915128991075, testhost.dll, MulticastDelegateUtilities.SafeInvoke: TestCaseEventsHandler.RaiseTestCaseEnd: Invoking callback 1/1 for Microsoft.VisualStudio.TestPlatform.CrossPlatEngine.DataCollection.ProxyOutOfProcDataCollectionManager., took 1 ms.
TpTrace Verbose: 0 : 35804, 18, 2024/05/08, 17:24:47.606, 8915128992157, testhost.dll, MulticastDelegateUtilities.SafeInvoke: TestCaseEventsHandler.RaiseTestCaseEnd: Invoking callback 1/1 for Microsoft.VisualStudio.TestPlatform.CrossPlatEngine.DataCollection.ProxyOutOfProcDataCollectionManager., took 0 ms.
TpTrace Verbose: 0 : 35804, 18, 2024/05/08, 17:24:47.606, 8915128992888, testhost.dll, TestExecutionRecorder.RecordEnd: test: WordCountTests.Multiple_occurrences_of_a_word execution completed.
TpTrace Warning: 0 : 35804, 18, 2024/05/08, 17:24:47.606, 8915128993207, testhost.dll, TestRunCache: InProgressTests is null
TpTrace Verbose: 0 : 35804, 18, 2024/05/08, 17:24:47.606, 8915128993645, testhost.dll, TestExecutionRecorder.RecordStart: Starting test: WordCountTests.Handles_expanded_lists.
TpTrace Information: 0 : 35804, 18, 2024/05/08, 17:24:47.608, 8915129013299, testhost.dll, Sending test run statistics
TpTrace Verbose: 0 : 35804, 18, 2024/05/08, 17:24:47.632, 8915129253746, testhost.dll, TestRequestHandler.SendData: sending data from testhost: {"Version":7,"MessageType":"TestExecution.StatsChange","Payload":{"NewTestResults":[{"TestCase":{"Id":"de228eec-db07-5ea5-0b8d-1e50b3458934","FullyQualifiedName":"HelloWorldTests.Say_hi_","DisplayName":"HelloWorldTests.Say_hi_","ExecutorUri":"executor://xunit/VsTestRunner2/netcoreapp","Source":"C:\\Exercism-Solutions\\csharp\\bin\\Debug\\net6.0\\fine-code-coverage\\build-output\\csharp-exercises.dll","CodeFilePath":null,"LineNumber":0,"Properties":[]},"Attachments":[],"Outcome":1,"ErrorMessage":null,"ErrorStackTrace":null,"DisplayName":"HelloWorldTests.Say_hi_","Messages":[],"ComputerName":"PPMSPO002371","Duration":"00:00:00.0055588","StartTime":"2024-05-08T20:24:47.5627067+00:00","EndTime":"2024-05-08T20:24:47.5627266+00:00","Properties":[]},{"TestCase":{"Id":"b82608bb-6e97-9923-6d58-acc931d189e7","FullyQualifiedName":"WordCountTests.Include_numbers","DisplayName":"WordCountTests.Include_numbers","ExecutorUri":"executor://xunit/VsTestRunner2/netcoreapp","Source":"C:\\Exercism-Solutions\\csharp\\bin\\Debug\\net6.0\\fine-code-coverage\\build-output\\csharp-exercises.dll","CodeFilePath":null,"LineNumber":0,"Properties":[]},"Attachments":[],"Outcome":1,"ErrorMessage":null,"ErrorStackTrace":null,"DisplayName":"WordCountTests.Include_numbers","Messages":[],"ComputerName":"PPMSPO002371","Duration":"00:00:00.0220977","StartTime":"2024-05-08T20:24:47.5786583+00:00","EndTime":"2024-05-08T20:24:47.5786584+00:00","Properties":[]},{"TestCase":{"Id":"1b1e016b-d5ee-7316-7956-2b59a9f510e5","FullyQualifiedName":"WordCountTests.With_apostrophes","DisplayName":"WordCountTests.With_apostrophes","ExecutorUri":"executor://xunit/VsTestRunner2/netcoreapp","Source":"C:\\Exercism-Solutions\\csharp\\bin\\Debug\\net6.0\\fine-code-coverage\\build-output\\csharp-exercises.dll","CodeFilePath":null,"LineNumber":0,"Properties":[]},"Attachments":[],"Outcome":1,"ErrorMessage":null,"ErrorStackTrace":null,"DisplayName":"WordCountTests.With_apostrophes","Messages":[],"ComputerName":"PPMSPO002371","Duration":"00:00:00.0002951","StartTime":"2024-05-08T20:24:47.5834002+00:00","EndTime":"2024-05-08T20:24:47.5834007+00:00","Properties":[]},{"TestCase":{"Id":"c943c42e-09cb-093e-7aa9-b73f1449606c","FullyQualifiedName":"WordCountTests.Handles_cramped_lists","DisplayName":"WordCountTests.Handles_cramped_lists","ExecutorUri":"executor://xunit/VsTestRunner2/netcoreapp","Source":"C:\\Exercism-Solutions\\csharp\\bin\\Debug\\net6.0\\fine-code-coverage\\build-output\\csharp-exercises.dll","CodeFilePath":null,"LineNumber":0,"Properties":[]},"Attachments":[],"Outcome":1,"ErrorMessage":null,"ErrorStackTrace":null,"DisplayName":"WordCountTests.Handles_cramped_lists","Messages":[],"ComputerName":"PPMSPO002371","Duration":"00:00:00.0001488","StartTime":"2024-05-08T20:24:47.5864461+00:00","EndTime":"2024-05-08T20:24:47.5864462+00:00","Properties":[]},{"TestCase":{"Id":"76eb9b48-cfba-5db5-485e-562a129021ad","FullyQualifiedName":"WordCountTests.Count_one_of_each_word","DisplayName":"WordCountTests.Count_one_of_each_word","ExecutorUri":"executor://xunit/VsTestRunner2/netcoreapp","Source":"C:\\Exercism-Solutions\\csharp\\bin\\Debug\\net6.0\\fine-code-coverage\\build-output\\csharp-exercises.dll","CodeFilePath":null,"LineNumber":0,"Properties":[]},"Attachments":[],"Outcome":1,"ErrorMessage":null,"ErrorStackTrace":null,"DisplayName":"WordCountTests.Count_one_of_each_word","Messages":[],"ComputerName":"PPMSPO002371","Duration":"00:00:00.0001290","StartTime":"2024-05-08T20:24:47.5895523+00:00","EndTime":"2024-05-08T20:24:47.5895525+00:00","Properties":[]},{"TestCase":{"Id":"ddc0b71b-1fd0-2832-ab04-e6c3d847ce08","FullyQualifiedName":"WordCountTests.With_quotations","DisplayName":"WordCountTests.With_quotations","ExecutorUri":"executor://xunit/VsTestRunner2/netcoreapp","Source":"C:\\Exercism-Solutions\\csharp\\bin\\Debug\\net6.0\\fine-code-coverage\\build-output\\csharp-exercises.dll","CodeFilePath":null,"LineNumber":0,"Properties":[]},"Attachments":[],"Outcome":1,"ErrorMessage":null,"ErrorStackTrace":null,"DisplayName":"WordCountTests.With_quotations","Messages":[],"ComputerName":"PPMSPO002371","Duration":"00:00:00.0001388","StartTime":"2024-05-08T20:24:47.5926256+00:00","EndTime":"2024-05-08T20:24:47.5926256+00:00","Properties":[]},{"TestCase":{"Id":"9f64bcc6-e17e-0795-27e4-746c6f4738ed","FullyQualifiedName":"WordCountTests.Alternating_word_separators_not_detected_as_a_word","DisplayName":"WordCountTests.Alternating_word_separators_not_detected_as_a_word","ExecutorUri":"executor://xunit/VsTestRunner2/netcoreapp","Source":"C:\\Exercism-Solutions\\csharp\\bin\\Debug\\net6.0\\fine-code-coverage\\build-output\\csharp-exercises.dll","CodeFilePath":null,"LineNumber":0,"Properties":[]},"Attachments":[],"Outcome":1,"ErrorMessage":null,"ErrorStackTrace":null,"DisplayName":"WordCountTests.Alternating_word_separators_not_detected_as_a_word","Messages":[],"ComputerName":"PPMSPO002371","Duration":"00:00:00.0001318","StartTime":"2024-05-08T20:24:47.5956078+00:00","EndTime":"2024-05-08T20:24:47.5956079+00:00","Properties":[]},{"TestCase":{"Id":"09b899d6-c006-c4de-2d41-d76bb8121604","FullyQualifiedName":"WordCountTests.Multiple_spaces_not_detected_as_a_word","DisplayName":"WordCountTests.Multiple_spaces_not_detected_as_a_word","ExecutorUri":"executor://xunit/VsTestRunner2/netcoreapp","Source":"C:\\Exercism-Solutions\\csharp\\bin\\Debug\\net6.0\\fine-code-coverage\\build-output\\csharp-exercises.dll","CodeFilePath":null,"LineNumber":0,"Properties":[]},"Attachments":[],"Outcome":1,"ErrorMessage":null,"ErrorStackTrace":null,"DisplayName":"WordCountTests.Multiple_spaces_not_detected_as_a_word","Messages":[],"ComputerName":"PPMSPO002371","Duration":"00:00:00.0001281","StartTime":"2024-05-08T20:24:47.6021526+00:00","EndTime":"2024-05-08T20:24:47.6021528+00:00","Properties":[]},{"TestCase":{"Id":"b8b7ade4-b918-4a64-4666-52f6f858dcae","FullyQualifiedName":"WordCountTests.Multiple_occurrences_of_a_word","DisplayName":"WordCountTests.Multiple_occurrences_of_a_word","ExecutorUri":"executor://xunit/VsTestRunner2/netcoreapp","Source":"C:\\Exercism-Solutions\\csharp\\bin\\Debug\\net6.0\\fine-code-coverage\\build-output\\csharp-exercises.dll","CodeFilePath":null,"LineNumber":0,"Properties":[]},"Attachments":[],"Outcome":1,"ErrorMessage":null,"ErrorStackTrace":null,"DisplayName":"WordCountTests.Multiple_occurrences_of_a_word","Messages":[],"ComputerName":"PPMSPO002371","Duration":"00:00:00.0001423","StartTime":"2024-05-08T20:24:47.6054045+00:00","EndTime":"2024-05-08T20:24:47.6054046+00:00","Properties":[]}],"TestRunStatistics":{"ExecutedTests":9,"Stats":{"Passed":9}},"ActiveTests":[{"Id":"078fb83f-50e2-5800-6d08-0475ef0507ea","FullyQualifiedName":"WordCountTests.Handles_expanded_lists","DisplayName":"WordCountTests.Handles_expanded_lists","ExecutorUri":"executor://xunit/VsTestRunner2/netcoreapp","Source":"C:\\Exercism-Solutions\\csharp\\bin\\Debug\\net6.0\\fine-code-coverage\\build-output\\csharp-exercises.dll","CodeFilePath":null,"LineNumber":0,"Properties":[]}]}}
TpTrace Verbose: 0 : 35804, 18, 2024/05/08, 17:24:47.633, 8915129256490, testhost.dll, TestRunCache: OnNewTestResult: Notified the onCacheHit callback.
TpTrace Verbose: 0 : 35804, 18, 2024/05/08, 17:24:47.634, 8915129269343, testhost.dll, MulticastDelegateUtilities.SafeInvoke: TestCaseEventsHandler.RaiseTestCaseStart: Invoking callback 1/1 for Microsoft.VisualStudio.TestPlatform.CrossPlatEngine.DataCollection.ProxyOutOfProcDataCollectionManager., took 1 ms.
TpTrace Verbose: 0 : 35804, 18, 2024/05/08, 17:24:47.634, 8915129270800, testhost.dll, TestExecutionRecorder.RecordResult: Received result for test: WordCountTests.Handles_expanded_lists.
TpTrace Verbose: 0 : 35804, 18, 2024/05/08, 17:24:47.635, 8915129281410, testhost.dll, MulticastDelegateUtilities.SafeInvoke: TestCaseEventsHandler.RaiseTestCaseEnd: Invoking callback 1/1 for Microsoft.VisualStudio.TestPlatform.CrossPlatEngine.DataCollection.ProxyOutOfProcDataCollectionManager., took 1 ms.
TpTrace Verbose: 0 : 35804, 18, 2024/05/08, 17:24:47.635, 8915129282389, testhost.dll, MulticastDelegateUtilities.SafeInvoke: TestCaseEventsHandler.RaiseTestCaseEnd: Invoking callback 1/1 for Microsoft.VisualStudio.TestPlatform.CrossPlatEngine.DataCollection.ProxyOutOfProcDataCollectionManager., took 0 ms.
TpTrace Warning: 0 : 35804, 18, 2024/05/08, 17:24:47.635, 8915129282733, testhost.dll, TestRunCache: InProgressTests is null
TpTrace Warning: 0 : 35804, 18, 2024/05/08, 17:24:47.635, 8915129284445, testhost.dll, TestRunCache: No test found corresponding to testResult 'WordCountTests.Handles_expanded_lists' in inProgress list.
TpTrace Verbose: 0 : 35804, 18, 2024/05/08, 17:24:47.635, 8915129285144, testhost.dll, TestExecutionRecorder.RecordEnd: test: WordCountTests.Handles_expanded_lists execution completed.
TpTrace Warning: 0 : 35804, 18, 2024/05/08, 17:24:47.635, 8915129285512, testhost.dll, TestRunCache: InProgressTests is null
TpTrace Verbose: 0 : 35804, 18, 2024/05/08, 17:24:47.636, 8915129285966, testhost.dll, TestExecutionRecorder.RecordStart: Starting test: WordCountTests.Ignore_punctuation.
TpTrace Verbose: 0 : 35804, 18, 2024/05/08, 17:24:47.636, 8915129295313, testhost.dll, MulticastDelegateUtilities.SafeInvoke: TestCaseEventsHandler.RaiseTestCaseStart: Invoking callback 1/1 for Microsoft.VisualStudio.TestPlatform.CrossPlatEngine.DataCollection.ProxyOutOfProcDataCollectionManager., took 0 ms.
TpTrace Verbose: 0 : 35804, 18, 2024/05/08, 17:24:47.637, 8915129296994, testhost.dll, TestExecutionRecorder.RecordResult: Received result for test: WordCountTests.Ignore_punctuation.
TpTrace Verbose: 0 : 35804, 18, 2024/05/08, 17:24:47.638, 8915129309036, testhost.dll, MulticastDelegateUtilities.SafeInvoke: TestCaseEventsHandler.RaiseTestCaseEnd: Invoking callback 1/1 for Microsoft.VisualStudio.TestPlatform.CrossPlatEngine.DataCollection.ProxyOutOfProcDataCollectionManager., took 1 ms.
TpTrace Verbose: 0 : 35804, 18, 2024/05/08, 17:24:47.638, 8915129310320, testhost.dll, MulticastDelegateUtilities.SafeInvoke: TestCaseEventsHandler.RaiseTestCaseEnd: Invoking callback 1/1 for Microsoft.VisualStudio.TestPlatform.CrossPlatEngine.DataCollection.ProxyOutOfProcDataCollectionManager., took 0 ms.
TpTrace Verbose: 0 : 35804, 18, 2024/05/08, 17:24:47.638, 8915129311056, testhost.dll, TestExecutionRecorder.RecordEnd: test: WordCountTests.Ignore_punctuation execution completed.
TpTrace Warning: 0 : 35804, 18, 2024/05/08, 17:24:47.638, 8915129311263, testhost.dll, TestRunCache: InProgressTests is null
TpTrace Verbose: 0 : 35804, 18, 2024/05/08, 17:24:47.638, 8915129311740, testhost.dll, TestExecutionRecorder.RecordStart: Starting test: WordCountTests.Substrings_from_the_beginning.
TpTrace Verbose: 0 : 35804, 18, 2024/05/08, 17:24:47.639, 8915129324222, testhost.dll, MulticastDelegateUtilities.SafeInvoke: TestCaseEventsHandler.RaiseTestCaseStart: Invoking callback 1/1 for Microsoft.VisualStudio.TestPlatform.CrossPlatEngine.DataCollection.ProxyOutOfProcDataCollectionManager., took 1 ms.
TpTrace Verbose: 0 : 35804, 18, 2024/05/08, 17:24:47.640, 8915129325781, testhost.dll, TestExecutionRecorder.RecordResult: Received result for test: WordCountTests.Substrings_from_the_beginning.
TpTrace Verbose: 0 : 35804, 18, 2024/05/08, 17:24:47.641, 8915129345106, testhost.dll, MulticastDelegateUtilities.SafeInvoke: TestCaseEventsHandler.RaiseTestCaseEnd: Invoking callback 1/1 for Microsoft.VisualStudio.TestPlatform.CrossPlatEngine.DataCollection.ProxyOutOfProcDataCollectionManager., took 1 ms.
TpTrace Verbose: 0 : 35804, 18, 2024/05/08, 17:24:47.642, 8915129346374, testhost.dll, MulticastDelegateUtilities.SafeInvoke: TestCaseEventsHandler.RaiseTestCaseEnd: Invoking callback 1/1 for Microsoft.VisualStudio.TestPlatform.CrossPlatEngine.DataCollection.ProxyOutOfProcDataCollectionManager., took 0 ms.
TpTrace Verbose: 0 : 35804, 18, 2024/05/08, 17:24:47.642, 8915129347660, testhost.dll, TestExecutionRecorder.RecordEnd: test: WordCountTests.Substrings_from_the_beginning execution completed.
TpTrace Warning: 0 : 35804, 18, 2024/05/08, 17:24:47.642, 8915129348301, testhost.dll, TestRunCache: InProgressTests is null
TpTrace Verbose: 0 : 35804, 18, 2024/05/08, 17:24:47.642, 8915129348780, testhost.dll, TestExecutionRecorder.RecordStart: Starting test: WordCountTests.Count_one_word.
TpTrace Verbose: 0 : 35804, 18, 2024/05/08, 17:24:47.643, 8915129361262, testhost.dll, MulticastDelegateUtilities.SafeInvoke: TestCaseEventsHandler.RaiseTestCaseStart: Invoking callback 1/1 for Microsoft.VisualStudio.TestPlatform.CrossPlatEngine.DataCollection.ProxyOutOfProcDataCollectionManager., took 1 ms.
TpTrace Verbose: 0 : 35804, 18, 2024/05/08, 17:24:47.643, 8915129362686, testhost.dll, TestExecutionRecorder.RecordResult: Received result for test: WordCountTests.Count_one_word.
TpTrace Verbose: 0 : 35804, 18, 2024/05/08, 17:24:47.644, 8915129374177, testhost.dll, MulticastDelegateUtilities.SafeInvoke: TestCaseEventsHandler.RaiseTestCaseEnd: Invoking callback 1/1 for Microsoft.VisualStudio.TestPlatform.CrossPlatEngine.DataCollection.ProxyOutOfProcDataCollectionManager., took 1 ms.
TpTrace Verbose: 0 : 35804, 18, 2024/05/08, 17:24:47.644, 8915129375205, testhost.dll, MulticastDelegateUtilities.SafeInvoke: TestCaseEventsHandler.RaiseTestCaseEnd: Invoking callback 1/1 for Microsoft.VisualStudio.TestPlatform.CrossPlatEngine.DataCollection.ProxyOutOfProcDataCollectionManager., took 0 ms.
TpTrace Verbose: 0 : 35804, 18, 2024/05/08, 17:24:47.645, 8915129375948, testhost.dll, TestExecutionRecorder.RecordEnd: test: WordCountTests.Count_one_word execution completed.
TpTrace Warning: 0 : 35804, 18, 2024/05/08, 17:24:47.645, 8915129376326, testhost.dll, TestRunCache: InProgressTests is null
TpTrace Verbose: 0 : 35804, 18, 2024/05/08, 17:24:47.645, 8915129376882, testhost.dll, TestExecutionRecorder.RecordStart: Starting test: WordCountTests.Normalize_case.
TpTrace Verbose: 0 : 35804, 18, 2024/05/08, 17:24:47.646, 8915129389175, testhost.dll, MulticastDelegateUtilities.SafeInvoke: TestCaseEventsHandler.RaiseTestCaseStart: Invoking callback 1/1 for Microsoft.VisualStudio.TestPlatform.CrossPlatEngine.DataCollection.ProxyOutOfProcDataCollectionManager., took 1 ms.
TpTrace Verbose: 0 : 35804, 18, 2024/05/08, 17:24:47.646, 8915129390998, testhost.dll, TestExecutionRecorder.RecordResult: Received result for test: WordCountTests.Normalize_case.
TpTrace Verbose: 0 : 35804, 18, 2024/05/08, 17:24:47.647, 8915129402274, testhost.dll, MulticastDelegateUtilities.SafeInvoke: TestCaseEventsHandler.RaiseTestCaseEnd: Invoking callback 1/1 for Microsoft.VisualStudio.TestPlatform.CrossPlatEngine.DataCollection.ProxyOutOfProcDataCollectionManager., took 1 ms.
TpTrace Verbose: 0 : 35804, 18, 2024/05/08, 17:24:47.647, 8915129403630, testhost.dll, MulticastDelegateUtilities.SafeInvoke: TestCaseEventsHandler.RaiseTestCaseEnd: Invoking callback 1/1 for Microsoft.VisualStudio.TestPlatform.CrossPlatEngine.DataCollection.ProxyOutOfProcDataCollectionManager., took 0 ms.
TpTrace Verbose: 0 : 35804, 18, 2024/05/08, 17:24:47.647, 8915129404651, testhost.dll, TestExecutionRecorder.RecordEnd: test: WordCountTests.Normalize_case execution completed.
TpTrace Warning: 0 : 35804, 18, 2024/05/08, 17:24:47.647, 8915129405070, testhost.dll, TestRunCache: InProgressTests is null
TpTrace Information: 0 : 35804, 5, 2024/05/08, 17:24:47.651, 8915129438468, testhost.dll, [xUnit.net 00:00:00.71]   Finished:    csharp-exercises
TpTrace Verbose: 0 : 35804, 5, 2024/05/08, 17:24:47.651, 8915129440260, testhost.dll, TestRequestHandler.SendData: sending data from testhost: {"Version":7,"MessageType":"TestSession.Message","Payload":{"MessageLevel":0,"Message":"[xUnit.net 00:00:00.71]   Finished:    csharp-exercises"}}
TpTrace Verbose: 0 : 35804, 5, 2024/05/08, 17:24:47.651, 8915129441817, testhost.dll, MulticastDelegateUtilities.SafeInvoke: TestRunMessageLoggerProxy.SendMessage: Invoking callback 1/1 for Microsoft.VisualStudio.TestPlatform.CrossPlatEngine.Execution.RunTestsWithSources., took 0 ms.
TpTrace Verbose: 0 : 35804, 5, 2024/05/08, 17:24:47.656, 8915129488754, testhost.dll, BaseRunTests.RunTestInternalWithExecutors: Completed running tests for executor://xunit/VsTestRunner2/netcoreapp
TpTrace Verbose: 0 : 35804, 5, 2024/05/08, 17:24:47.657, 8915129504642, testhost.dll, MulticastDelegateUtilities.SafeInvoke: TestCaseEventsHandler.RaiseSessionEnd: Invoking callback 1/1 for Microsoft.VisualStudio.TestPlatform.CrossPlatEngine.DataCollection.ProxyOutOfProcDataCollectionManager., took 0 ms.
TpTrace Information: 0 : 35804, 5, 2024/05/08, 17:24:47.659, 8915129525490, testhost.dll, Sending test run complete
TpTrace Verbose: 0 : 35804, 5, 2024/05/08, 17:24:47.669, 8915129622599, testhost.dll, TestRequestHandler.SendData: sending data from testhost: {"Version":7,"MessageType":"TestExecution.Completed","Payload":{"TestRunCompleteArgs":{"TestRunStatistics":{"ExecutedTests":14,"Stats":{"Passed":14}},"IsCanceled":false,"IsAborted":false,"Error":null,"AttachmentSets":[],"InvokedDataCollectors":[],"ElapsedTimeInRunningTests":"00:00:00.7314305","Metrics":{},"DiscoveredExtensions":{"TestDiscoverers":["Xunit.Runner.VisualStudio.VsTestRunner, xunit.runner.visualstudio.testadapter, Version=2.8.0.0, Culture=neutral, PublicKeyToken=null"],"TestExecutors":["executor://xunit/VsTestRunner2/netcoreapp"],"TestExecutors2":[],"TestSettingsProviders":[]}},"LastRunTests":{"NewTestResults":[{"TestCase":{"Id":"078fb83f-50e2-5800-6d08-0475ef0507ea","FullyQualifiedName":"WordCountTests.Handles_expanded_lists","DisplayName":"WordCountTests.Handles_expanded_lists","ExecutorUri":"executor://xunit/VsTestRunner2/netcoreapp","Source":"C:\\Exercism-Solutions\\csharp\\bin\\Debug\\net6.0\\fine-code-coverage\\build-output\\csharp-exercises.dll","CodeFilePath":null,"LineNumber":0,"Properties":[]},"Attachments":[],"Outcome":1,"ErrorMessage":null,"ErrorStackTrace":null,"DisplayName":"WordCountTests.Handles_expanded_lists","Messages":[],"ComputerName":"PPMSPO002371","Duration":"00:00:00.0001168","StartTime":"2024-05-08T20:24:47.634512+00:00","EndTime":"2024-05-08T20:24:47.6345122+00:00","Properties":[]},{"TestCase":{"Id":"ea1dd87a-4a69-0a4d-cace-5d93371dc70b","FullyQualifiedName":"WordCountTests.Ignore_punctuation","DisplayName":"WordCountTests.Ignore_punctuation","ExecutorUri":"executor://xunit/VsTestRunner2/netcoreapp","Source":"C:\\Exercism-Solutions\\csharp\\bin\\Debug\\net6.0\\fine-code-coverage\\build-output\\csharp-exercises.dll","CodeFilePath":null,"LineNumber":0,"Properties":[]},"Attachments":[],"Outcome":1,"ErrorMessage":null,"ErrorStackTrace":null,"DisplayName":"WordCountTests.Ignore_punctuation","Messages":[],"ComputerName":"PPMSPO002371","Duration":"00:00:00.0001475","StartTime":"2024-05-08T20:24:47.637132+00:00","EndTime":"2024-05-08T20:24:47.637132+00:00","Properties":[]},{"TestCase":{"Id":"3f5ec32f-daee-0ebd-265a-4fbacbe49dcd","FullyQualifiedName":"WordCountTests.Substrings_from_the_beginning","DisplayName":"WordCountTests.Substrings_from_the_beginning","ExecutorUri":"executor://xunit/VsTestRunner2/netcoreapp","Source":"C:\\Exercism-Solutions\\csharp\\bin\\Debug\\net6.0\\fine-code-coverage\\build-output\\csharp-exercises.dll","CodeFilePath":null,"LineNumber":0,"Properties":[]},"Attachments":[],"Outcome":1,"ErrorMessage":null,"ErrorStackTrace":null,"DisplayName":"WordCountTests.Substrings_from_the_beginning","Messages":[],"ComputerName":"PPMSPO002371","Duration":"00:00:00.0001581","StartTime":"2024-05-08T20:24:47.6400091+00:00","EndTime":"2024-05-08T20:24:47.6400092+00:00","Properties":[]},{"TestCase":{"Id":"ebc1d37c-5c58-43b1-6345-4849ac90cf31","FullyQualifiedName":"WordCountTests.Count_one_word","DisplayName":"WordCountTests.Count_one_word","ExecutorUri":"executor://xunit/VsTestRunner2/netcoreapp","Source":"C:\\Exercism-Solutions\\csharp\\bin\\Debug\\net6.0\\fine-code-coverage\\build-output\\csharp-exercises.dll","CodeFilePath":null,"LineNumber":0,"Properties":[]},"Attachments":[],"Outcome":1,"ErrorMessage":null,"ErrorStackTrace":null,"DisplayName":"WordCountTests.Count_one_word","Messages":[],"ComputerName":"PPMSPO002371","Duration":"00:00:00.0001095","StartTime":"2024-05-08T20:24:47.6437014+00:00","EndTime":"2024-05-08T20:24:47.6437014+00:00","Properties":[]},{"TestCase":{"Id":"851da4f7-3d99-21df-6dbd-5fff668c1d62","FullyQualifiedName":"WordCountTests.Normalize_case","DisplayName":"WordCountTests.Normalize_case","ExecutorUri":"executor://xunit/VsTestRunner2/netcoreapp","Source":"C:\\Exercism-Solutions\\csharp\\bin\\Debug\\net6.0\\fine-code-coverage\\build-output\\csharp-exercises.dll","CodeFilePath":null,"LineNumber":0,"Properties":[]},"Attachments":[],"Outcome":1,"ErrorMessage":null,"ErrorStackTrace":null,"DisplayName":"WordCountTests.Normalize_case","Messages":[],"ComputerName":"PPMSPO002371","Duration":"00:00:00.0001173","StartTime":"2024-05-08T20:24:47.6465297+00:00","EndTime":"2024-05-08T20:24:47.6465299+00:00","Properties":[]}],"TestRunStatistics":{"ExecutedTests":14,"Stats":{"Passed":14}},"ActiveTests":[]},"RunAttachments":[],"ExecutorUris":["executor://xunit/VsTestRunner2/netcoreapp"]}}
TpTrace Verbose: 0 : 35804, 5, 2024/05/08, 17:24:47.670, 8915129625706, testhost.dll, BaseRunTests.RunTests: Run is complete.
TpTrace Verbose: 0 : 35804, 12, 2024/05/08, 17:24:47.670, 8915129631749, testhost.dll, TcpClientExtensions.MessageLoopAsync: NotifyDataAvailable remoteEndPoint: [::ffff:127.0.0.1]:51139 localEndPoint: [::ffff:127.0.0.1]:51140
TpTrace Information: 0 : 35804, 12, 2024/05/08, 17:24:47.670, 8915129632452, testhost.dll, TestRequestHandler.OnMessageReceived: received message: (TestSession.Terminate) -> {"MessageType":"TestSession.Terminate","Payload":null}
TpTrace Information: 0 : 35804, 12, 2024/05/08, 17:24:47.670, 8915129632689, testhost.dll, Session End message received from server. Closing the connection.
TpTrace Information: 0 : 35804, 12, 2024/05/08, 17:24:47.670, 8915129634797, testhost.dll, SocketClient.Stop: Stop communication from server endpoint: 127.0.0.1:051139
TpTrace Information: 0 : 35804, 12, 2024/05/08, 17:24:47.670, 8915129635132, testhost.dll, SocketClient: Stop: Cancellation requested. Stopping message loop.
TpTrace Verbose: 0 : 35804, 12, 2024/05/08, 17:24:47.671, 8915129636603, testhost.dll, LengthPrefixCommunicationChannel.Dispose: Dispose reader and writer.
TpTrace Information: 0 : 35804, 12, 2024/05/08, 17:24:47.671, 8915129637197, testhost.dll, Closing the connection !
TpTrace Verbose: 0 : 35804, 12, 2024/05/08, 17:24:47.671, 8915129637461, testhost.dll, MulticastDelegateUtilities.SafeInvoke: LengthPrefixCommunicationChannel: MessageReceived: Invoking callback 1/1 for Microsoft.VisualStudio.TestPlatform.CommunicationUtilities.TestRequestHandler., took 0 ms.
TpTrace Information: 0 : 35804, 12, 2024/05/08, 17:24:47.671, 8915129639171, testhost.dll, SocketClient.PrivateStop: Stop communication from server endpoint: 127.0.0.1:051139, error:
TpTrace Verbose: 0 : 35804, 12, 2024/05/08, 17:24:47.672, 8915129647858, testhost.dll, LengthPrefixCommunicationChannel.Dispose: Dispose reader and writer.
TpTrace Verbose: 0 : 35804, 12, 2024/05/08, 17:24:47.672, 8915129648670, testhost.dll, TcpClientExtensions.MessageLoopAsync: exiting MessageLoopAsync remoteEndPoint: [::ffff:127.0.0.1]:51139 localEndPoint: [::ffff:127.0.0.1]:51140
TpTrace Information: 0 : 35804, 1, 2024/05/08, 17:24:47.672, 8915129647903, testhost.dll, Closing the connection!
TpTrace Information: 0 : 35804, 1, 2024/05/08, 17:24:47.672, 8915129650983, testhost.dll, Testhost process exiting.
