TpTrace Verbose: 0 : 3556, 1, 2024/05/08, 16:47:02.755, 8892480132623, datacollector.dll, Version: 17.9.0-release-24072-02
TpTrace Information: 0 : 3556, 1, 2024/05/08, 16:47:02.759, 8892480170902, datacollector.dll, DataCollectorMain.Run: Starting data collector run with args: --port,49298,--parentprocessid,50568,--diag,C:\Exercism-Solutions\csharp\bin\Debug\net6.0\fine-code-coverage\coverage-tool-output\diagnostics.datacollector.24-05-08_16-47-02_58917_6.log,--tracelevel,4
TpTrace Information: 0 : 3556, 1, 2024/05/08, 16:47:02.759, 8892480171915, datacollector.dll, DataCollector: Monitoring parent process with id: '50568'
TpTrace Information: 0 : 3556, 1, 2024/05/08, 16:47:02.770, 8892480282576, datacollector.dll, Trying to connect to server on socket : 127.0.0.1:49298 
TpTrace Verbose: 0 : 3556, 1, 2024/05/08, 16:47:02.776, 8892480339315, datacollector.dll, SocketCommunicationManager : SetupClientAsync : Attempting to connect to the server.
TpTrace Information: 0 : 3556, 7, 2024/05/08, 16:47:02.784, 8892480420157, datacollector.dll, Connected to the server successfully 
TpTrace Information: 0 : 3556, 7, 2024/05/08, 16:47:02.784, 8892480421053, datacollector.dll, Using the buffer size of 16384 bytes
TpTrace Information: 0 : 3556, 1, 2024/05/08, 16:47:02.828, 8892480860169, datacollector.dll, DataCollector: Start Request Processing.
TpTrace Verbose: 0 : 3556, 1, 2024/05/08, 16:47:02.828, 8892480862608, datacollector.dll, SocketCommunicationManager.WaitForServerConnection took: 0 ms, with 90000 ms timeout, and finished with True.
TpTrace Information: 0 : 3556, 1, 2024/05/08, 16:47:02.829, 8892480864723, datacollector.dll, DataCollectionRequestHandler.ProcessRequests: Datacollector received message: (DataCollection.BeforeTestRunStart) -> {"MessageType":"DataCollection.BeforeTestRunStart","Payload":{"SettingsXml":"<RunSettings><RunConfiguration><ResultsDirectory>C:\\Exercism-Solutions\\csharp\\bin\\Debug\\net6.0\\fine-code-coverage\\coverage-tool-output</ResultsDirectory><TargetPlatform>X64</TargetPlatform><TargetFrameworkVersion>.NETCoreApp,Version=v6.0</TargetFrameworkVersion><DesignMode>False</DesignMode><CollectSourceInformation>False</CollectSourceInformation><TestAdaptersPaths>C:\\Program Files\\dotnet\\sdk\\8.0.202\\Extensions</TestAdaptersPaths></RunConfiguration><LoggerRunSettings><Loggers><Logger friendlyName=\"blame\" enabled=\"True\" /><Logger friendlyName=\"Console\" uri=\"logger://microsoft/TestPlatform/ConsoleLogger/v1\" assemblyQualifiedName=\"Microsoft.VisualStudio.TestPlatform.CommandLine.Internal.ConsoleLogger, vstest.console, Version=15.0.0.0, Culture=neutral, PublicKeyToken=b03f5f7f11d50a3a\" codeBase=\"C:\\Program Files\\dotnet\\sdk\\8.0.202\\vstest.console.dll\" enabled=\"True\" /></Loggers></LoggerRunSettings><DataCollectionRunSettings><DataCollectors><DataCollector friendlyName=\"blame\" enabled=\"True\"><Configuration><ResultsDirectory>C:\\Exercism-Solutions\\csharp\\bin\\Debug\\net6.0\\fine-code-coverage\\coverage-tool-output</ResultsDirectory></Configuration></DataCollector></DataCollectors></DataCollectionRunSettings></RunSettings>","Sources":["C:\\Exercism-Solutions\\csharp\\bin\\Debug\\net6.0\\fine-code-coverage\\build-output\\csharp-exercises.dll"],"IsTelemetryOptedIn":false}}
TpTrace Verbose: 0 : 3556, 1, 2024/05/08, 16:47:02.861, 8892481184304, datacollector.dll, TestPluginCache: Update extensions started. Skip filter = False
TpTrace Verbose: 0 : 3556, 1, 2024/05/08, 16:47:02.861, 8892481192575, datacollector.dll, TestPluginCache: Using directories for assembly resolution 'C:\Program Files\dotnet\sdk\8.0.202\Extensions'.
TpTrace Verbose: 0 : 3556, 1, 2024/05/08, 16:47:02.862, 8892481193467, datacollector.dll, TestPluginCache: Updated the available extensions to 'C:\Program Files\dotnet\sdk\8.0.202\Extensions\Microsoft.TestPlatform.Extensions.BlameDataCollector.dll,C:\Program Files\dotnet\sdk\8.0.202\Extensions\Microsoft.TestPlatform.Extensions.EventLogCollector.dll'.
TpTrace Verbose: 0 : 3556, 1, 2024/05/08, 16:47:02.867, 8892481250216, datacollector.dll, TestPluginCache.DiscoverTestExtensions: finding test extensions in assemblies ends with: Collector.dll TPluginInfo: Microsoft.VisualStudio.TestPlatform.Common.DataCollector.DataCollectorConfig TExtension: Microsoft.VisualStudio.TestPlatform.ObjectModel.DataCollection.DataCollector
TpTrace Verbose: 0 : 3556, 1, 2024/05/08, 16:47:02.869, 8892481264320, datacollector.dll, TestPluginCache.GetExtensionPaths: Filtered extension paths: C:\Program Files\dotnet\sdk\8.0.202\Extensions\Microsoft.TestPlatform.Extensions.BlameDataCollector.dll
C:\Program Files\dotnet\sdk\8.0.202\Extensions\Microsoft.TestPlatform.Extensions.EventLogCollector.dll
TpTrace Verbose: 0 : 3556, 1, 2024/05/08, 16:47:02.869, 8892481265695, datacollector.dll, TestPluginCache.GetExtensionPaths: Added default extension paths: 
TpTrace Verbose: 0 : 3556, 1, 2024/05/08, 16:47:02.869, 8892481266089, datacollector.dll, TestPluginCache.GetExtensionPaths: Added unfilterableExtensionPaths: 
TpTrace Information: 0 : 3556, 1, 2024/05/08, 16:47:02.869, 8892481272159, datacollector.dll, AssemblyResolver.ctor: Creating AssemblyResolver with searchDirectories C:\Program Files\dotnet\sdk\8.0.202\Extensions,C:\Program Files\dotnet\sdk\8.0.202
TpTrace Verbose: 0 : 3556, 1, 2024/05/08, 16:47:02.871, 8892481283040, datacollector.dll, TestPluginCache.DiscoverTestExtensions: Discovering the extensions using extension path.
TpTrace Verbose: 0 : 3556, 1, 2024/05/08, 16:47:02.871, 8892481284886, datacollector.dll, TestPluginCache.GetExtensionPaths: Filtered extension paths: C:\Program Files\dotnet\sdk\8.0.202\Extensions\Microsoft.TestPlatform.Extensions.BlameDataCollector.dll
C:\Program Files\dotnet\sdk\8.0.202\Extensions\Microsoft.TestPlatform.Extensions.EventLogCollector.dll
TpTrace Verbose: 0 : 3556, 1, 2024/05/08, 16:47:02.871, 8892481285445, datacollector.dll, TestPluginCache.GetExtensionPaths: Added default extension paths: 
TpTrace Verbose: 0 : 3556, 1, 2024/05/08, 16:47:02.871, 8892481285756, datacollector.dll, TestPluginCache.GetExtensionPaths: Added unfilterableExtensionPaths: 
TpTrace Verbose: 0 : 3556, 1, 2024/05/08, 16:47:02.871, 8892481286252, datacollector.dll, TestPluginCache.DiscoverTestExtensions: Discovering the extensions using allExtensionPaths: C:\Program Files\dotnet\sdk\8.0.202\Extensions\Microsoft.TestPlatform.Extensions.BlameDataCollector.dll
C:\Program Files\dotnet\sdk\8.0.202\Extensions\Microsoft.TestPlatform.Extensions.EventLogCollector.dll
TpTrace Information: 0 : 3556, 1, 2024/05/08, 16:47:02.871, 8892481287307, datacollector.dll, AssemblyResolver.AddSearchDirectories: Adding more searchDirectories C:\Program Files\dotnet\sdk\8.0.202\Extensions,C:\Program Files\dotnet\sdk\8.0.202
TpTrace Information: 0 : 3556, 1, 2024/05/08, 16:47:02.871, 8892481287909, datacollector.dll, AssemblyResolver.AddSearchDirectories: Adding more searchDirectories C:\Program Files\dotnet\sdk\8.0.202\Extensions,C:\Program Files\dotnet\sdk\8.0.202
TpTrace Information: 0 : 3556, 1, 2024/05/08, 16:47:02.871, 8892481291874, datacollector.dll, AssemblyResolver.OnResolve: Microsoft.TestPlatform.Extensions.BlameDataCollector: Resolving assembly.
TpTrace Information: 0 : 3556, 1, 2024/05/08, 16:47:02.872, 8892481292981, datacollector.dll, AssemblyResolver.OnResolve: Microsoft.TestPlatform.Extensions.BlameDataCollector: Searching in: 'C:\Program Files\dotnet\sdk\8.0.202\Extensions'.
TpTrace Information: 0 : 3556, 1, 2024/05/08, 16:47:02.879, 8892481363688, datacollector.dll, AssemblyResolver.OnResolve: Microsoft.TestPlatform.Extensions.BlameDataCollector: Loading assembly 'C:\Program Files\dotnet\sdk\8.0.202\Extensions\Microsoft.TestPlatform.Extensions.BlameDataCollector.dll'.
TpTrace Information: 0 : 3556, 1, 2024/05/08, 16:47:02.879, 8892481371881, datacollector.dll, AssemblyResolver.OnResolve: Resolved assembly: Microsoft.TestPlatform.Extensions.BlameDataCollector, from path: C:\Program Files\dotnet\sdk\8.0.202\Extensions\Microsoft.TestPlatform.Extensions.BlameDataCollector.dll
TpTrace Verbose: 0 : 3556, 1, 2024/05/08, 16:47:02.883, 8892481411762, datacollector.dll, MetadataReaderExtensionsHelper: Discovering extensions inside assembly 'Microsoft.TestPlatform.Extensions.BlameDataCollector, Version=15.0.0.0, Culture=neutral, PublicKeyToken=b03f5f7f11d50a3a' file path 'C:\Program Files\dotnet\sdk\8.0.202\Extensions\Microsoft.TestPlatform.Extensions.BlameDataCollector.dll'
TpTrace Error: 0 : 3556, 1, 2024/05/08, 16:47:02.885, 8892481431098, datacollector.dll, The type "Microsoft.TestPlatform.Extensions.BlameDataCollector.BlameCollector" defined in "Microsoft.TestPlatform.Extensions.BlameDataCollector.dll" does not have ExtensionUri attribute.
TpTrace Information: 0 : 3556, 1, 2024/05/08, 16:47:02.888, 8892481455196, datacollector.dll, GetTestExtensionFromType: Register extension with identifier data 'datacollector://microsoft/TestPlatform/Extensions/Blame/v1' and type 'Microsoft.TestPlatform.Extensions.BlameDataCollector.BlameCollector, Microsoft.TestPlatform.Extensions.BlameDataCollector, Version=15.0.0.0, Culture=neutral, PublicKeyToken=b03f5f7f11d50a3a' inside file 'C:\Program Files\dotnet\sdk\8.0.202\Extensions\Microsoft.TestPlatform.Extensions.BlameDataCollector.dll'
TpTrace Information: 0 : 3556, 1, 2024/05/08, 16:47:02.888, 8892481457120, datacollector.dll, AssemblyResolver.OnResolve: Microsoft.TestPlatform.Extensions.EventLogCollector: Resolving assembly.
TpTrace Information: 0 : 3556, 1, 2024/05/08, 16:47:02.888, 8892481457753, datacollector.dll, AssemblyResolver.OnResolve: Microsoft.TestPlatform.Extensions.EventLogCollector: Searching in: 'C:\Program Files\dotnet\sdk\8.0.202\Extensions'.
TpTrace Information: 0 : 3556, 1, 2024/05/08, 16:47:02.889, 8892481464872, datacollector.dll, AssemblyResolver.OnResolve: Microsoft.TestPlatform.Extensions.EventLogCollector: Loading assembly 'C:\Program Files\dotnet\sdk\8.0.202\Extensions\Microsoft.TestPlatform.Extensions.EventLogCollector.dll'.
TpTrace Information: 0 : 3556, 1, 2024/05/08, 16:47:02.889, 8892481471609, datacollector.dll, AssemblyResolver.OnResolve: Resolved assembly: Microsoft.TestPlatform.Extensions.EventLogCollector, from path: C:\Program Files\dotnet\sdk\8.0.202\Extensions\Microsoft.TestPlatform.Extensions.EventLogCollector.dll
TpTrace Verbose: 0 : 3556, 1, 2024/05/08, 16:47:02.889, 8892481472950, datacollector.dll, MetadataReaderExtensionsHelper: Discovering extensions inside assembly 'Microsoft.TestPlatform.Extensions.EventLogCollector, Version=15.0.0.0, Culture=neutral, PublicKeyToken=b03f5f7f11d50a3a' file path 'C:\Program Files\dotnet\sdk\8.0.202\Extensions\Microsoft.TestPlatform.Extensions.EventLogCollector.dll'
TpTrace Error: 0 : 3556, 1, 2024/05/08, 16:47:02.892, 8892481498090, datacollector.dll, The type "Microsoft.TestPlatform.Extensions.EventLogCollector.EventLogDataCollector" defined in "Microsoft.TestPlatform.Extensions.EventLogCollector.dll" does not have ExtensionUri attribute.
TpTrace Information: 0 : 3556, 1, 2024/05/08, 16:47:02.892, 8892481501816, datacollector.dll, GetTestExtensionFromType: Register extension with identifier data 'datacollector://microsoft/EventLog/2.0' and type 'Microsoft.TestPlatform.Extensions.EventLogCollector.EventLogDataCollector, Microsoft.TestPlatform.Extensions.EventLogCollector, Version=15.0.0.0, Culture=neutral, PublicKeyToken=b03f5f7f11d50a3a' inside file 'C:\Program Files\dotnet\sdk\8.0.202\Extensions\Microsoft.TestPlatform.Extensions.EventLogCollector.dll'
TpTrace Verbose: 0 : 3556, 1, 2024/05/08, 16:47:02.893, 8892481504032, datacollector.dll, TestPluginCache: Discovered the extensions using extension path 'C:\Program Files\dotnet\sdk\8.0.202\Extensions\Microsoft.TestPlatform.Extensions.BlameDataCollector.dll,C:\Program Files\dotnet\sdk\8.0.202\Extensions\Microsoft.TestPlatform.Extensions.EventLogCollector.dll'.
TpTrace Verbose: 0 : 3556, 1, 2024/05/08, 16:47:02.893, 8892481504442, datacollector.dll, TestPluginCache: Discoverers are ''.
TpTrace Verbose: 0 : 3556, 1, 2024/05/08, 16:47:02.893, 8892481504620, datacollector.dll, TestPluginCache: Executors are ''.
TpTrace Verbose: 0 : 3556, 1, 2024/05/08, 16:47:02.893, 8892481504780, datacollector.dll, TestPluginCache: Executors2 are ''.
TpTrace Verbose: 0 : 3556, 1, 2024/05/08, 16:47:02.893, 8892481504974, datacollector.dll, TestPluginCache: Setting providers are ''.
TpTrace Verbose: 0 : 3556, 1, 2024/05/08, 16:47:02.893, 8892481505185, datacollector.dll, TestPluginCache: Loggers are ''.
TpTrace Verbose: 0 : 3556, 1, 2024/05/08, 16:47:02.893, 8892481505344, datacollector.dll, TestPluginCache: TestHosts are ''.
TpTrace Verbose: 0 : 3556, 1, 2024/05/08, 16:47:02.893, 8892481505907, datacollector.dll, TestPluginCache: DataCollectors are 'datacollector://microsoft/TestPlatform/Extensions/Blame/v1,datacollector://microsoft/EventLog/2.0'.
TpTrace Information: 0 : 3556, 1, 2024/05/08, 16:47:02.894, 8892481515812, datacollector.dll, TestPluginManager.CreateTestExtension: Attempting to load test extension: Microsoft.TestPlatform.Extensions.BlameDataCollector.BlameCollector
TpTrace Information: 0 : 3556, 1, 2024/05/08, 16:47:02.897, 8892481549372, datacollector.dll, [MonitorPostmortemDump]Monitor enabled: 'False'
TpTrace Verbose: 0 : 3556, 1, 2024/05/08, 16:47:02.898, 8892481555074, datacollector.dll, MulticastDelegateUtilities.SafeInvoke: DataCollectionEvents.SessionStart: Invoking callbacks was skipped because there are no subscribers.
TpTrace Information: 0 : 3556, 1, 2024/05/08, 16:47:02.898, 8892481559299, datacollector.dll, Listening on Endpoint : 127.0.0.1:49300
TpTrace Information: 0 : 3556, 1, 2024/05/08, 16:47:02.902, 8892481598765, datacollector.dll, DataCollectionRequestHandler.ProcessRequests : DataCollection started.
TpTrace Information: 0 : 3556, 1, 2024/05/08, 16:47:02.949, 8892482065302, datacollector.dll, DataCollectionRequestHandler.ProcessRequests: Datacollector received message: (DataCollection.TestHostLaunched) -> {"MessageType":"DataCollection.TestHostLaunched","Payload":{"ProcessId":41340}}
TpTrace Verbose: 0 : 3556, 1, 2024/05/08, 16:47:02.951, 8892482084417, datacollector.dll, MulticastDelegateUtilities.SafeInvoke: DataCollectionEvents.TestHostLaunched: Invoking callback 1/1 for Microsoft.TestPlatform.Extensions.BlameDataCollector.BlameCollector., took 0 ms.
TpTrace Verbose: 0 : 3556, 7, 2024/05/08, 16:47:03.147, 8892484049969, datacollector.dll, SocketCommunicationManager.WaitForClientConnection took: 246 ms, with 90000 ms timeout, and finished with True.
TpTrace Information: 0 : 3556, 9, 2024/05/08, 16:47:03.147, 8892484049886, datacollector.dll, Using the buffer size of 16384 bytes
TpTrace Information: 0 : 3556, 9, 2024/05/08, 16:47:03.147, 8892484052244, datacollector.dll, Accepted Client request and set the flag
TpTrace Information: 0 : 3556, 7, 2024/05/08, 16:47:04.079, 8892493369983, datacollector.dll, DataCollectionTestCaseEventHandler: Test case starting.
TpTrace Information: 0 : 3556, 7, 2024/05/08, 16:47:04.092, 8892493502670, datacollector.dll, BlameCollector.EventsTestCaseStart: Test Case Start
TpTrace Verbose: 0 : 3556, 7, 2024/05/08, 16:47:04.093, 8892493505980, datacollector.dll, MulticastDelegateUtilities.SafeInvoke: DataCollectionEvents.TestCaseStart: Invoking callback 1/1 for Microsoft.TestPlatform.Extensions.BlameDataCollector.BlameCollector., took 0 ms.
TpTrace Information: 0 : 3556, 7, 2024/05/08, 16:47:04.093, 8892493510257, datacollector.dll, DataCollectionTestCaseEventHandler: Test case 'WordCountTests.Include_numbers - b82608bb-6e97-9923-6d58-acc931d189e7' started.
TpTrace Information: 0 : 3556, 7, 2024/05/08, 16:47:04.094, 8892493521020, datacollector.dll, DataCollectionTestCaseEventHandler: Test case starting.
TpTrace Information: 0 : 3556, 7, 2024/05/08, 16:47:04.096, 8892493534490, datacollector.dll, BlameCollector.EventsTestCaseStart: Test Case Start
TpTrace Verbose: 0 : 3556, 7, 2024/05/08, 16:47:04.096, 8892493536378, datacollector.dll, MulticastDelegateUtilities.SafeInvoke: DataCollectionEvents.TestCaseStart: Invoking callback 1/1 for Microsoft.TestPlatform.Extensions.BlameDataCollector.BlameCollector., took 0 ms.
TpTrace Information: 0 : 3556, 7, 2024/05/08, 16:47:04.096, 8892493539222, datacollector.dll, DataCollectionTestCaseEventHandler: Test case 'HelloWorldTests.Say_hi_ - de228eec-db07-5ea5-0b8d-1e50b3458934' started.
TpTrace Information: 0 : 3556, 7, 2024/05/08, 16:47:04.102, 8892493602838, datacollector.dll, DataCollectionTestCaseEventHandler: Test case completing.
TpTrace Information: 0 : 3556, 7, 2024/05/08, 16:47:04.107, 8892493646554, datacollector.dll, BlameCollector.EventsTestCaseEnd: Test Case End
TpTrace Verbose: 0 : 3556, 7, 2024/05/08, 16:47:04.107, 8892493649761, datacollector.dll, MulticastDelegateUtilities.SafeInvoke: DataCollectionEvents.TestCaseEnd: Invoking callback 1/1 for Microsoft.TestPlatform.Extensions.BlameDataCollector.BlameCollector., took 0 ms.
TpTrace Information: 0 : 3556, 7, 2024/05/08, 16:47:04.109, 8892493666124, datacollector.dll, DataCollectionTestCaseEventHandler: Test case 'WordCountTests.Include_numbers - b82608bb-6e97-9923-6d58-acc931d189e7' completed
TpTrace Information: 0 : 3556, 7, 2024/05/08, 16:47:04.120, 8892493773263, datacollector.dll, DataCollectionTestCaseEventHandler: Test case starting.
TpTrace Information: 0 : 3556, 7, 2024/05/08, 16:47:04.120, 8892493779790, datacollector.dll, BlameCollector.EventsTestCaseStart: Test Case Start
TpTrace Verbose: 0 : 3556, 7, 2024/05/08, 16:47:04.120, 8892493780718, datacollector.dll, MulticastDelegateUtilities.SafeInvoke: DataCollectionEvents.TestCaseStart: Invoking callback 1/1 for Microsoft.TestPlatform.Extensions.BlameDataCollector.BlameCollector., took 0 ms.
TpTrace Information: 0 : 3556, 7, 2024/05/08, 16:47:04.120, 8892493782389, datacollector.dll, DataCollectionTestCaseEventHandler: Test case 'WordCountTests.With_apostrophes - 1b1e016b-d5ee-7316-7956-2b59a9f510e5' started.
TpTrace Information: 0 : 3556, 7, 2024/05/08, 16:47:04.122, 8892493796341, datacollector.dll, DataCollectionTestCaseEventHandler: Test case completing.
TpTrace Information: 0 : 3556, 7, 2024/05/08, 16:47:04.123, 8892493805330, datacollector.dll, BlameCollector.EventsTestCaseEnd: Test Case End
TpTrace Verbose: 0 : 3556, 7, 2024/05/08, 16:47:04.123, 8892493806338, datacollector.dll, MulticastDelegateUtilities.SafeInvoke: DataCollectionEvents.TestCaseEnd: Invoking callback 1/1 for Microsoft.TestPlatform.Extensions.BlameDataCollector.BlameCollector., took 0 ms.
TpTrace Information: 0 : 3556, 7, 2024/05/08, 16:47:04.123, 8892493808294, datacollector.dll, DataCollectionTestCaseEventHandler: Test case 'WordCountTests.With_apostrophes - 1b1e016b-d5ee-7316-7956-2b59a9f510e5' completed
TpTrace Information: 0 : 3556, 7, 2024/05/08, 16:47:04.124, 8892493817447, datacollector.dll, DataCollectionTestCaseEventHandler: Test case starting.
TpTrace Information: 0 : 3556, 7, 2024/05/08, 16:47:04.125, 8892493825507, datacollector.dll, BlameCollector.EventsTestCaseStart: Test Case Start
TpTrace Verbose: 0 : 3556, 7, 2024/05/08, 16:47:04.125, 8892493826838, datacollector.dll, MulticastDelegateUtilities.SafeInvoke: DataCollectionEvents.TestCaseStart: Invoking callback 1/1 for Microsoft.TestPlatform.Extensions.BlameDataCollector.BlameCollector., took 0 ms.
TpTrace Information: 0 : 3556, 7, 2024/05/08, 16:47:04.125, 8892493828276, datacollector.dll, DataCollectionTestCaseEventHandler: Test case 'WordCountTests.Handles_cramped_lists - c943c42e-09cb-093e-7aa9-b73f1449606c' started.
TpTrace Information: 0 : 3556, 7, 2024/05/08, 16:47:04.126, 8892493836550, datacollector.dll, DataCollectionTestCaseEventHandler: Test case completing.
TpTrace Information: 0 : 3556, 7, 2024/05/08, 16:47:04.127, 8892493843670, datacollector.dll, BlameCollector.EventsTestCaseEnd: Test Case End
TpTrace Verbose: 0 : 3556, 7, 2024/05/08, 16:47:04.127, 8892493844609, datacollector.dll, MulticastDelegateUtilities.SafeInvoke: DataCollectionEvents.TestCaseEnd: Invoking callback 1/1 for Microsoft.TestPlatform.Extensions.BlameDataCollector.BlameCollector., took 0 ms.
TpTrace Information: 0 : 3556, 7, 2024/05/08, 16:47:04.127, 8892493846757, datacollector.dll, DataCollectionTestCaseEventHandler: Test case 'WordCountTests.Handles_cramped_lists - c943c42e-09cb-093e-7aa9-b73f1449606c' completed
TpTrace Information: 0 : 3556, 7, 2024/05/08, 16:47:04.128, 8892493855923, datacollector.dll, DataCollectionTestCaseEventHandler: Test case starting.
TpTrace Information: 0 : 3556, 7, 2024/05/08, 16:47:04.129, 8892493863819, datacollector.dll, BlameCollector.EventsTestCaseStart: Test Case Start
TpTrace Verbose: 0 : 3556, 7, 2024/05/08, 16:47:04.129, 8892493865044, datacollector.dll, MulticastDelegateUtilities.SafeInvoke: DataCollectionEvents.TestCaseStart: Invoking callback 1/1 for Microsoft.TestPlatform.Extensions.BlameDataCollector.BlameCollector., took 0 ms.
TpTrace Information: 0 : 3556, 7, 2024/05/08, 16:47:04.129, 8892493866330, datacollector.dll, DataCollectionTestCaseEventHandler: Test case 'WordCountTests.Count_one_of_each_word - 76eb9b48-cfba-5db5-485e-562a129021ad' started.
TpTrace Information: 0 : 3556, 7, 2024/05/08, 16:47:04.130, 8892493875470, datacollector.dll, DataCollectionTestCaseEventHandler: Test case completing.
TpTrace Information: 0 : 3556, 7, 2024/05/08, 16:47:04.130, 8892493882813, datacollector.dll, BlameCollector.EventsTestCaseEnd: Test Case End
TpTrace Verbose: 0 : 3556, 7, 2024/05/08, 16:47:04.131, 8892493883997, datacollector.dll, MulticastDelegateUtilities.SafeInvoke: DataCollectionEvents.TestCaseEnd: Invoking callback 1/1 for Microsoft.TestPlatform.Extensions.BlameDataCollector.BlameCollector., took 0 ms.
TpTrace Information: 0 : 3556, 7, 2024/05/08, 16:47:04.131, 8892493886354, datacollector.dll, DataCollectionTestCaseEventHandler: Test case 'WordCountTests.Count_one_of_each_word - 76eb9b48-cfba-5db5-485e-562a129021ad' completed
TpTrace Information: 0 : 3556, 7, 2024/05/08, 16:47:04.131, 8892493892534, datacollector.dll, DataCollectionTestCaseEventHandler: Test case starting.
TpTrace Information: 0 : 3556, 7, 2024/05/08, 16:47:04.132, 8892493897478, datacollector.dll, BlameCollector.EventsTestCaseStart: Test Case Start
TpTrace Verbose: 0 : 3556, 7, 2024/05/08, 16:47:04.132, 8892493897992, datacollector.dll, MulticastDelegateUtilities.SafeInvoke: DataCollectionEvents.TestCaseStart: Invoking callback 1/1 for Microsoft.TestPlatform.Extensions.BlameDataCollector.BlameCollector., took 0 ms.
TpTrace Information: 0 : 3556, 7, 2024/05/08, 16:47:04.132, 8892493898979, datacollector.dll, DataCollectionTestCaseEventHandler: Test case 'WordCountTests.With_quotations - ddc0b71b-1fd0-2832-ab04-e6c3d847ce08' started.
TpTrace Information: 0 : 3556, 7, 2024/05/08, 16:47:04.133, 8892493909191, datacollector.dll, DataCollectionTestCaseEventHandler: Test case completing.
TpTrace Information: 0 : 3556, 7, 2024/05/08, 16:47:04.134, 8892493918635, datacollector.dll, BlameCollector.EventsTestCaseEnd: Test Case End
TpTrace Verbose: 0 : 3556, 7, 2024/05/08, 16:47:04.134, 8892493919937, datacollector.dll, MulticastDelegateUtilities.SafeInvoke: DataCollectionEvents.TestCaseEnd: Invoking callback 1/1 for Microsoft.TestPlatform.Extensions.BlameDataCollector.BlameCollector., took 0 ms.
TpTrace Information: 0 : 3556, 7, 2024/05/08, 16:47:04.134, 8892493922300, datacollector.dll, DataCollectionTestCaseEventHandler: Test case 'WordCountTests.With_quotations - ddc0b71b-1fd0-2832-ab04-e6c3d847ce08' completed
TpTrace Information: 0 : 3556, 7, 2024/05/08, 16:47:04.135, 8892493932376, datacollector.dll, DataCollectionTestCaseEventHandler: Test case starting.
TpTrace Information: 0 : 3556, 7, 2024/05/08, 16:47:04.136, 8892493939178, datacollector.dll, BlameCollector.EventsTestCaseStart: Test Case Start
TpTrace Verbose: 0 : 3556, 7, 2024/05/08, 16:47:04.136, 8892493939995, datacollector.dll, MulticastDelegateUtilities.SafeInvoke: DataCollectionEvents.TestCaseStart: Invoking callback 1/1 for Microsoft.TestPlatform.Extensions.BlameDataCollector.BlameCollector., took 0 ms.
TpTrace Information: 0 : 3556, 7, 2024/05/08, 16:47:04.136, 8892493941411, datacollector.dll, DataCollectionTestCaseEventHandler: Test case 'WordCountTests.Alternating_word_separators_not_detected_as_a_word - 9f64bcc6-e17e-0795-27e4-746c6f4738ed' started.
TpTrace Information: 0 : 3556, 7, 2024/05/08, 16:47:04.138, 8892493955689, datacollector.dll, DataCollectionTestCaseEventHandler: Test case completing.
TpTrace Information: 0 : 3556, 7, 2024/05/08, 16:47:04.139, 8892493964146, datacollector.dll, BlameCollector.EventsTestCaseEnd: Test Case End
TpTrace Verbose: 0 : 3556, 7, 2024/05/08, 16:47:04.139, 8892493965158, datacollector.dll, MulticastDelegateUtilities.SafeInvoke: DataCollectionEvents.TestCaseEnd: Invoking callback 1/1 for Microsoft.TestPlatform.Extensions.BlameDataCollector.BlameCollector., took 0 ms.
TpTrace Information: 0 : 3556, 7, 2024/05/08, 16:47:04.139, 8892493967358, datacollector.dll, DataCollectionTestCaseEventHandler: Test case 'WordCountTests.Alternating_word_separators_not_detected_as_a_word - 9f64bcc6-e17e-0795-27e4-746c6f4738ed' completed
TpTrace Information: 0 : 3556, 7, 2024/05/08, 16:47:04.140, 8892493975382, datacollector.dll, DataCollectionTestCaseEventHandler: Test case starting.
TpTrace Information: 0 : 3556, 7, 2024/05/08, 16:47:04.140, 8892493981413, datacollector.dll, BlameCollector.EventsTestCaseStart: Test Case Start
TpTrace Verbose: 0 : 3556, 7, 2024/05/08, 16:47:04.140, 8892493982087, datacollector.dll, MulticastDelegateUtilities.SafeInvoke: DataCollectionEvents.TestCaseStart: Invoking callback 1/1 for Microsoft.TestPlatform.Extensions.BlameDataCollector.BlameCollector., took 0 ms.
TpTrace Information: 0 : 3556, 7, 2024/05/08, 16:47:04.141, 8892493983291, datacollector.dll, DataCollectionTestCaseEventHandler: Test case 'WordCountTests.Multiple_spaces_not_detected_as_a_word - 09b899d6-c006-c4de-2d41-d76bb8121604' started.
TpTrace Information: 0 : 3556, 7, 2024/05/08, 16:47:04.142, 8892493994061, datacollector.dll, DataCollectionTestCaseEventHandler: Test case completing.
TpTrace Information: 0 : 3556, 7, 2024/05/08, 16:47:04.147, 8892494044203, datacollector.dll, BlameCollector.EventsTestCaseEnd: Test Case End
TpTrace Verbose: 0 : 3556, 7, 2024/05/08, 16:47:04.147, 8892494046123, datacollector.dll, MulticastDelegateUtilities.SafeInvoke: DataCollectionEvents.TestCaseEnd: Invoking callback 1/1 for Microsoft.TestPlatform.Extensions.BlameDataCollector.BlameCollector., took 0 ms.
TpTrace Information: 0 : 3556, 7, 2024/05/08, 16:47:04.147, 8892494049043, datacollector.dll, DataCollectionTestCaseEventHandler: Test case 'WordCountTests.Multiple_spaces_not_detected_as_a_word - 09b899d6-c006-c4de-2d41-d76bb8121604' completed
TpTrace Information: 0 : 3556, 7, 2024/05/08, 16:47:04.148, 8892494056259, datacollector.dll, DataCollectionTestCaseEventHandler: Test case starting.
TpTrace Information: 0 : 3556, 7, 2024/05/08, 16:47:04.148, 8892494060966, datacollector.dll, BlameCollector.EventsTestCaseStart: Test Case Start
TpTrace Verbose: 0 : 3556, 7, 2024/05/08, 16:47:04.148, 8892494062082, datacollector.dll, MulticastDelegateUtilities.SafeInvoke: DataCollectionEvents.TestCaseStart: Invoking callback 1/1 for Microsoft.TestPlatform.Extensions.BlameDataCollector.BlameCollector., took 0 ms.
TpTrace Information: 0 : 3556, 7, 2024/05/08, 16:47:04.149, 8892494064213, datacollector.dll, DataCollectionTestCaseEventHandler: Test case 'WordCountTests.Multiple_occurrences_of_a_word - b8b7ade4-b918-4a64-4666-52f6f858dcae' started.
TpTrace Information: 0 : 3556, 7, 2024/05/08, 16:47:04.150, 8892494075865, datacollector.dll, DataCollectionTestCaseEventHandler: Test case completing.
TpTrace Information: 0 : 3556, 7, 2024/05/08, 16:47:04.150, 8892494081471, datacollector.dll, BlameCollector.EventsTestCaseEnd: Test Case End
TpTrace Verbose: 0 : 3556, 7, 2024/05/08, 16:47:04.150, 8892494083022, datacollector.dll, MulticastDelegateUtilities.SafeInvoke: DataCollectionEvents.TestCaseEnd: Invoking callback 1/1 for Microsoft.TestPlatform.Extensions.BlameDataCollector.BlameCollector., took 0 ms.
TpTrace Information: 0 : 3556, 7, 2024/05/08, 16:47:04.151, 8892494084709, datacollector.dll, DataCollectionTestCaseEventHandler: Test case 'WordCountTests.Multiple_occurrences_of_a_word - b8b7ade4-b918-4a64-4666-52f6f858dcae' completed
TpTrace Information: 0 : 3556, 7, 2024/05/08, 16:47:04.180, 8892494376521, datacollector.dll, DataCollectionTestCaseEventHandler: Test case starting.
TpTrace Information: 0 : 3556, 7, 2024/05/08, 16:47:04.180, 8892494382827, datacollector.dll, BlameCollector.EventsTestCaseStart: Test Case Start
TpTrace Verbose: 0 : 3556, 7, 2024/05/08, 16:47:04.181, 8892494383666, datacollector.dll, MulticastDelegateUtilities.SafeInvoke: DataCollectionEvents.TestCaseStart: Invoking callback 1/1 for Microsoft.TestPlatform.Extensions.BlameDataCollector.BlameCollector., took 0 ms.
TpTrace Information: 0 : 3556, 7, 2024/05/08, 16:47:04.181, 8892494385338, datacollector.dll, DataCollectionTestCaseEventHandler: Test case 'WordCountTests.Handles_expanded_lists - 078fb83f-50e2-5800-6d08-0475ef0507ea' started.
TpTrace Information: 0 : 3556, 7, 2024/05/08, 16:47:04.182, 8892494394762, datacollector.dll, DataCollectionTestCaseEventHandler: Test case completing.
TpTrace Information: 0 : 3556, 7, 2024/05/08, 16:47:04.182, 8892494400764, datacollector.dll, BlameCollector.EventsTestCaseEnd: Test Case End
TpTrace Verbose: 0 : 3556, 7, 2024/05/08, 16:47:04.182, 8892494401316, datacollector.dll, MulticastDelegateUtilities.SafeInvoke: DataCollectionEvents.TestCaseEnd: Invoking callback 1/1 for Microsoft.TestPlatform.Extensions.BlameDataCollector.BlameCollector., took 0 ms.
TpTrace Information: 0 : 3556, 7, 2024/05/08, 16:47:04.182, 8892494402729, datacollector.dll, DataCollectionTestCaseEventHandler: Test case 'WordCountTests.Handles_expanded_lists - 078fb83f-50e2-5800-6d08-0475ef0507ea' completed
TpTrace Information: 0 : 3556, 7, 2024/05/08, 16:47:04.184, 8892494415878, datacollector.dll, DataCollectionTestCaseEventHandler: Test case starting.
TpTrace Information: 0 : 3556, 7, 2024/05/08, 16:47:04.184, 8892494422366, datacollector.dll, BlameCollector.EventsTestCaseStart: Test Case Start
TpTrace Verbose: 0 : 3556, 7, 2024/05/08, 16:47:04.185, 8892494423247, datacollector.dll, MulticastDelegateUtilities.SafeInvoke: DataCollectionEvents.TestCaseStart: Invoking callback 1/1 for Microsoft.TestPlatform.Extensions.BlameDataCollector.BlameCollector., took 0 ms.
TpTrace Information: 0 : 3556, 7, 2024/05/08, 16:47:04.185, 8892494424656, datacollector.dll, DataCollectionTestCaseEventHandler: Test case 'WordCountTests.Ignore_punctuation - ea1dd87a-4a69-0a4d-cace-5d93371dc70b' started.
TpTrace Information: 0 : 3556, 7, 2024/05/08, 16:47:04.186, 8892494437595, datacollector.dll, DataCollectionTestCaseEventHandler: Test case completing.
TpTrace Information: 0 : 3556, 7, 2024/05/08, 16:47:04.187, 8892494444222, datacollector.dll, BlameCollector.EventsTestCaseEnd: Test Case End
TpTrace Verbose: 0 : 3556, 7, 2024/05/08, 16:47:04.187, 8892494445082, datacollector.dll, MulticastDelegateUtilities.SafeInvoke: DataCollectionEvents.TestCaseEnd: Invoking callback 1/1 for Microsoft.TestPlatform.Extensions.BlameDataCollector.BlameCollector., took 0 ms.
TpTrace Information: 0 : 3556, 7, 2024/05/08, 16:47:04.187, 8892494446527, datacollector.dll, DataCollectionTestCaseEventHandler: Test case 'WordCountTests.Ignore_punctuation - ea1dd87a-4a69-0a4d-cace-5d93371dc70b' completed
TpTrace Information: 0 : 3556, 7, 2024/05/08, 16:47:04.188, 8892494455641, datacollector.dll, DataCollectionTestCaseEventHandler: Test case starting.
TpTrace Information: 0 : 3556, 7, 2024/05/08, 16:47:04.189, 8892494463140, datacollector.dll, BlameCollector.EventsTestCaseStart: Test Case Start
TpTrace Verbose: 0 : 3556, 7, 2024/05/08, 16:47:04.189, 8892494464569, datacollector.dll, MulticastDelegateUtilities.SafeInvoke: DataCollectionEvents.TestCaseStart: Invoking callback 1/1 for Microsoft.TestPlatform.Extensions.BlameDataCollector.BlameCollector., took 0 ms.
TpTrace Information: 0 : 3556, 7, 2024/05/08, 16:47:04.189, 8892494466173, datacollector.dll, DataCollectionTestCaseEventHandler: Test case 'WordCountTests.Substrings_from_the_beginning - 3f5ec32f-daee-0ebd-265a-4fbacbe49dcd' started.
TpTrace Information: 0 : 3556, 7, 2024/05/08, 16:47:04.190, 8892494476822, datacollector.dll, DataCollectionTestCaseEventHandler: Test case completing.
TpTrace Information: 0 : 3556, 7, 2024/05/08, 16:47:04.191, 8892494486445, datacollector.dll, BlameCollector.EventsTestCaseEnd: Test Case End
TpTrace Verbose: 0 : 3556, 7, 2024/05/08, 16:47:04.191, 8892494487586, datacollector.dll, MulticastDelegateUtilities.SafeInvoke: DataCollectionEvents.TestCaseEnd: Invoking callback 1/1 for Microsoft.TestPlatform.Extensions.BlameDataCollector.BlameCollector., took 0 ms.
TpTrace Information: 0 : 3556, 7, 2024/05/08, 16:47:04.191, 8892494490642, datacollector.dll, DataCollectionTestCaseEventHandler: Test case 'WordCountTests.Substrings_from_the_beginning - 3f5ec32f-daee-0ebd-265a-4fbacbe49dcd' completed
TpTrace Information: 0 : 3556, 7, 2024/05/08, 16:47:04.192, 8892494497968, datacollector.dll, DataCollectionTestCaseEventHandler: Test case starting.
TpTrace Information: 0 : 3556, 7, 2024/05/08, 16:47:04.193, 8892494505779, datacollector.dll, BlameCollector.EventsTestCaseStart: Test Case Start
TpTrace Verbose: 0 : 3556, 7, 2024/05/08, 16:47:04.193, 8892494506941, datacollector.dll, MulticastDelegateUtilities.SafeInvoke: DataCollectionEvents.TestCaseStart: Invoking callback 1/1 for Microsoft.TestPlatform.Extensions.BlameDataCollector.BlameCollector., took 0 ms.
TpTrace Information: 0 : 3556, 7, 2024/05/08, 16:47:04.193, 8892494509317, datacollector.dll, DataCollectionTestCaseEventHandler: Test case 'WordCountTests.Count_one_word - ebc1d37c-5c58-43b1-6345-4849ac90cf31' started.
TpTrace Information: 0 : 3556, 7, 2024/05/08, 16:47:04.195, 8892494531912, datacollector.dll, DataCollectionTestCaseEventHandler: Test case completing.
TpTrace Information: 0 : 3556, 7, 2024/05/08, 16:47:04.196, 8892494537661, datacollector.dll, BlameCollector.EventsTestCaseEnd: Test Case End
TpTrace Verbose: 0 : 3556, 7, 2024/05/08, 16:47:04.196, 8892494538309, datacollector.dll, MulticastDelegateUtilities.SafeInvoke: DataCollectionEvents.TestCaseEnd: Invoking callback 1/1 for Microsoft.TestPlatform.Extensions.BlameDataCollector.BlameCollector., took 0 ms.
TpTrace Information: 0 : 3556, 7, 2024/05/08, 16:47:04.196, 8892494539627, datacollector.dll, DataCollectionTestCaseEventHandler: Test case 'HelloWorldTests.Say_hi_ - de228eec-db07-5ea5-0b8d-1e50b3458934' completed
TpTrace Information: 0 : 3556, 7, 2024/05/08, 16:47:04.211, 8892494689820, datacollector.dll, DataCollectionTestCaseEventHandler: Test case completing.
TpTrace Information: 0 : 3556, 7, 2024/05/08, 16:47:04.212, 8892494699066, datacollector.dll, BlameCollector.EventsTestCaseEnd: Test Case End
TpTrace Verbose: 0 : 3556, 7, 2024/05/08, 16:47:04.212, 8892494700383, datacollector.dll, MulticastDelegateUtilities.SafeInvoke: DataCollectionEvents.TestCaseEnd: Invoking callback 1/1 for Microsoft.TestPlatform.Extensions.BlameDataCollector.BlameCollector., took 0 ms.
TpTrace Information: 0 : 3556, 7, 2024/05/08, 16:47:04.212, 8892494702653, datacollector.dll, DataCollectionTestCaseEventHandler: Test case 'WordCountTests.Count_one_word - ebc1d37c-5c58-43b1-6345-4849ac90cf31' completed
TpTrace Information: 0 : 3556, 7, 2024/05/08, 16:47:04.214, 8892494714081, datacollector.dll, DataCollectionTestCaseEventHandler: Test case starting.
TpTrace Information: 0 : 3556, 7, 2024/05/08, 16:47:04.215, 8892494723405, datacollector.dll, BlameCollector.EventsTestCaseStart: Test Case Start
TpTrace Verbose: 0 : 3556, 7, 2024/05/08, 16:47:04.215, 8892494724669, datacollector.dll, MulticastDelegateUtilities.SafeInvoke: DataCollectionEvents.TestCaseStart: Invoking callback 1/1 for Microsoft.TestPlatform.Extensions.BlameDataCollector.BlameCollector., took 0 ms.
TpTrace Information: 0 : 3556, 7, 2024/05/08, 16:47:04.215, 8892494726648, datacollector.dll, DataCollectionTestCaseEventHandler: Test case 'WordCountTests.Normalize_case - 851da4f7-3d99-21df-6dbd-5fff668c1d62' started.
TpTrace Information: 0 : 3556, 7, 2024/05/08, 16:47:04.216, 8892494741328, datacollector.dll, DataCollectionTestCaseEventHandler: Test case completing.
TpTrace Information: 0 : 3556, 7, 2024/05/08, 16:47:04.217, 8892494749671, datacollector.dll, BlameCollector.EventsTestCaseEnd: Test Case End
TpTrace Verbose: 0 : 3556, 7, 2024/05/08, 16:47:04.217, 8892494750767, datacollector.dll, MulticastDelegateUtilities.SafeInvoke: DataCollectionEvents.TestCaseEnd: Invoking callback 1/1 for Microsoft.TestPlatform.Extensions.BlameDataCollector.BlameCollector., took 0 ms.
TpTrace Information: 0 : 3556, 7, 2024/05/08, 16:47:04.217, 8892494752918, datacollector.dll, DataCollectionTestCaseEventHandler: Test case 'WordCountTests.Normalize_case - 851da4f7-3d99-21df-6dbd-5fff668c1d62' completed
TpTrace Information: 0 : 3556, 7, 2024/05/08, 16:47:04.227, 8892494851388, datacollector.dll, DataCollectionTestCaseEventHandler: Test session ended
TpTrace Information: 0 : 3556, 1, 2024/05/08, 16:47:04.272, 8892495297325, datacollector.dll, DataCollectionRequestHandler.ProcessRequests: Datacollector received message: (DataCollection.AfterTestRunEnd) -> {"MessageType":"DataCollection.AfterTestRunEnd","Payload":false}
TpTrace Information: 0 : 3556, 1, 2024/05/08, 16:47:04.273, 8892495307271, datacollector.dll, Blame Collector: Session End
TpTrace Information: 0 : 3556, 1, 2024/05/08, 16:47:04.273, 8892495309516, datacollector.dll, BlameCollector.CollectDumpAndAbortTesthost: Custom path to dump directory was provided via VSTEST_DUMP_PATH. Skipping attachment upload, the caller is responsible for collecting and uploading the dumps themselves.
TpTrace Verbose: 0 : 3556, 1, 2024/05/08, 16:47:04.273, 8892495310556, datacollector.dll, MulticastDelegateUtilities.SafeInvoke: DataCollectionEvents.SessionEnd: Invoking callback 1/1 for Microsoft.TestPlatform.Extensions.BlameDataCollector.BlameCollector., took 0 ms.
TpTrace Information: 0 : 3556, 1, 2024/05/08, 16:47:04.274, 8892495318277, datacollector.dll, DataCollectionManager.CleanupPlugins: CleanupPlugins called
TpTrace Verbose: 0 : 3556, 1, 2024/05/08, 16:47:04.274, 8892495319100, datacollector.dll, DataCollectionManager.CleanupPlugins: Cleaning up 1 plugins
TpTrace Verbose: 0 : 3556, 1, 2024/05/08, 16:47:04.274, 8892495319857, datacollector.dll, dataCollectorInfo.DisposeDataCollector: calling Dispose() on Microsoft.TestPlatform.Extensions.BlameDataCollector.BlameCollector
TpTrace Information: 0 : 3556, 1, 2024/05/08, 16:47:04.274, 8892495320406, datacollector.dll, DataCollectionManager.CleanupPlugins: CleanupPlugins finished
TpTrace Information: 0 : 3556, 1, 2024/05/08, 16:47:04.278, 8892495358026, datacollector.dll, DataCollectionRequestHandler.ProcessRequests : Session End message received from server. Closing the connection.
TpTrace Information: 0 : 3556, 1, 2024/05/08, 16:47:04.278, 8892495360915, datacollector.dll, Closing the connection !
TpTrace Information: 0 : 3556, 1, 2024/05/08, 16:47:04.278, 8892495361426, datacollector.dll, DataCollectionRequestHandler.ProcessRequests : DataCollection completed
TpTrace Information: 0 : 3556, 1, 2024/05/08, 16:47:04.278, 8892495361681, datacollector.dll, Program.Main: exiting datacollector process.
