TpTrace Verbose: 0 : 41340, 1, 2024/05/08, 16:47:03.108, 8892483656622, testhost.dll, Version: 17.9.0 Current process architecture: X64
TpTrace Verbose: 0 : 41340, 1, 2024/05/08, 16:47:03.110, 8892483682566, testhost.dll, Runtime location: C:\Program Files\dotnet\shared\Microsoft.NETCore.App\6.0.28
TpTrace Information: 0 : 41340, 1, 2024/05/08, 16:47:03.113, 8892483709892, testhost.dll, DefaultEngineInvoker.Invoke: Testhost process started with args :[--port, 49301],[--endpoint, 127.0.0.1:049301],[--role, client],[--parentprocessid, 50568],[--diag, C:\Exercism-Solutions\csharp\bin\Debug\net6.0\fine-code-coverage\coverage-tool-output\diagnostics.host.24-05-08_16-47-02_91084_6.log],[--tracelevel, 4],[--datacollectionport, 49300],[--telemetryoptedin, false]
TpTrace Information: 0 : 41340, 1, 2024/05/08, 16:47:03.120, 8892483774951, testhost.dll, Setting up debug trace listener.
TpTrace Verbose: 0 : 41340, 1, 2024/05/08, 16:47:03.120, 8892483776575, testhost.dll, TestPlatformTraceListener.Setup: Replacing listener System.Diagnostics.DefaultTraceListener with TestHostTraceListener.
TpTrace Verbose: 0 : 41340, 1, 2024/05/08, 16:47:03.120, 8892483776865, testhost.dll, TestPlatformTraceListener.Setup: Added test platform trace listener.
TpTrace Information: 0 : 41340, 1, 2024/05/08, 16:47:03.120, 8892483778978, testhost.dll, DefaultEngineInvoker.SetParentProcessExitCallback: Monitoring parent process with id: '50568'
TpTrace Information: 0 : 41340, 1, 2024/05/08, 16:47:03.124, 8892483815420, testhost.dll, DefaultEngineInvoker.GetConnectionInfo: Initialize communication on endpoint address: '127.0.0.1:049301'
TpTrace Information: 0 : 41340, 1, 2024/05/08, 16:47:03.134, 8892483922011, testhost.dll, SocketClient.Start: connecting to server endpoint: 127.0.0.1:049301
TpTrace Information: 0 : 41340, 1, 2024/05/08, 16:47:03.142, 8892483996670, testhost.dll, DefaultEngineInvoker.ConnectToDatacollector: Connecting to datacollector, port: 49300
TpTrace Information: 0 : 41340, 10, 2024/05/08, 16:47:03.144, 8892484014156, testhost.dll, SocketClient.OnServerConnected: connected to server endpoint: 127.0.0.1:049301
TpTrace Information: 0 : 41340, 1, 2024/05/08, 16:47:03.145, 8892484025575, testhost.dll, Trying to connect to server on socket : 127.0.0.1:49300 
TpTrace Verbose: 0 : 41340, 1, 2024/05/08, 16:47:03.145, 8892484027825, testhost.dll, SocketCommunicationManager : SetupClientAsync : Attempting to connect to the server.
TpTrace Verbose: 0 : 41340, 10, 2024/05/08, 16:47:03.146, 8892484038338, testhost.dll, MulticastDelegateUtilities.SafeInvoke: SocketClient: ServerConnected: Invoking callback 1/1 for Microsoft.VisualStudio.TestPlatform.CommunicationUtilities.TestRequestHandler., took 0 ms.
TpTrace Verbose: 0 : 41340, 10, 2024/05/08, 16:47:03.146, 8892484039106, testhost.dll, Connected to server, and starting MessageLoopAsync
TpTrace Information: 0 : 41340, 11, 2024/05/08, 16:47:03.146, 8892484042918, testhost.dll, Connected to the server successfully 
TpTrace Information: 0 : 41340, 11, 2024/05/08, 16:47:03.147, 8892484043961, testhost.dll, Using the buffer size of 16384 bytes
TpTrace Verbose: 0 : 41340, 1, 2024/05/08, 16:47:03.147, 8892484045778, testhost.dll, SocketCommunicationManager.WaitForServerConnection took: 0 ms, with 90000 ms timeout, and finished with True.
TpTrace Information: 0 : 41340, 1, 2024/05/08, 16:47:03.147, 8892484047161, testhost.dll, DefaultEngineInvoker.Invoke: Start Request Processing.
TpTrace Information: 0 : 41340, 14, 2024/05/08, 16:47:03.148, 8892484054908, testhost.dll, DefaultEngineInvoker.StartProcessingAsync: Connected to vstest.console, Starting process requests.
TpTrace Verbose: 0 : 41340, 12, 2024/05/08, 16:47:03.150, 8892484076153, testhost.dll, TcpClientExtensions.MessageLoopAsync: Polling on remoteEndPoint: [::ffff:127.0.0.1]:49301 localEndPoint: [::ffff:127.0.0.1]:49303 after 0 ms
TpTrace Verbose: 0 : 41340, 12, 2024/05/08, 16:47:03.150, 8892484079534, testhost.dll, TcpClientExtensions.MessageLoopAsync: NotifyDataAvailable remoteEndPoint: [::ffff:127.0.0.1]:49301 localEndPoint: [::ffff:127.0.0.1]:49303
TpTrace Information: 0 : 41340, 12, 2024/05/08, 16:47:03.153, 8892484103911, testhost.dll, TestRequestHandler.OnMessageReceived: received message: (ProtocolVersion) -> {"MessageType":"ProtocolVersion","Payload":7}
TpTrace Verbose: 0 : 41340, 12, 2024/05/08, 16:47:03.293, 8892485504808, testhost.dll, TestRequestHandler.SendData: sending data from testhost: {"Version":7,"MessageType":"TestSession.Message","Payload":{"MessageLevel":0,"Message":"Logging TestHost Diagnostics in file: C:\\Exercism-Solutions\\csharp\\bin\\Debug\\net6.0\\fine-code-coverage\\coverage-tool-output\\diagnostics.host.24-05-08_16-47-02_91084_6.log"}}
TpTrace Verbose: 0 : 41340, 12, 2024/05/08, 16:47:03.293, 8892485507492, testhost.dll, MulticastDelegateUtilities.SafeInvoke: LengthPrefixCommunicationChannel: MessageReceived: Invoking callback 1/1 for Microsoft.VisualStudio.TestPlatform.CommunicationUtilities.TestRequestHandler., took 142 ms.
TpTrace Verbose: 0 : 41340, 12, 2024/05/08, 16:47:03.293, 8892485508168, testhost.dll, TcpClientExtensions.MessageLoopAsync: Polling on remoteEndPoint: [::ffff:127.0.0.1]:49301 localEndPoint: [::ffff:127.0.0.1]:49303 after 143 ms
TpTrace Verbose: 0 : 41340, 12, 2024/05/08, 16:47:03.293, 8892485508610, testhost.dll, TcpClientExtensions.MessageLoopAsync: NotifyDataAvailable remoteEndPoint: [::ffff:127.0.0.1]:49301 localEndPoint: [::ffff:127.0.0.1]:49303
TpTrace Information: 0 : 41340, 12, 2024/05/08, 16:47:03.293, 8892485509352, testhost.dll, TestRequestHandler.OnMessageReceived: received message: (TestExecution.Initialize) -> {"Version":7,"MessageType":"TestExecution.Initialize","Payload":["C:\\Exercism-Solutions\\csharp\\bin\\Debug\\net6.0\\fine-code-coverage\\build-output\\xunit.runner.visualstudio.testadapter.dll"]}
TpTrace Verbose: 0 : 41340, 12, 2024/05/08, 16:47:03.301, 8892485592948, testhost.dll, MulticastDelegateUtilities.SafeInvoke: LengthPrefixCommunicationChannel: MessageReceived: Invoking callback 1/1 for Microsoft.VisualStudio.TestPlatform.CommunicationUtilities.TestRequestHandler., took 8 ms.
TpTrace Verbose: 0 : 41340, 12, 2024/05/08, 16:47:03.302, 8892485594347, testhost.dll, TcpClientExtensions.MessageLoopAsync: Polling on remoteEndPoint: [::ffff:127.0.0.1]:49301 localEndPoint: [::ffff:127.0.0.1]:49303 after 8 ms
TpTrace Verbose: 0 : 41340, 12, 2024/05/08, 16:47:03.302, 8892485594920, testhost.dll, TcpClientExtensions.MessageLoopAsync: NotifyDataAvailable remoteEndPoint: [::ffff:127.0.0.1]:49301 localEndPoint: [::ffff:127.0.0.1]:49303
TpTrace Information: 0 : 41340, 12, 2024/05/08, 16:47:03.302, 8892485595956, testhost.dll, TestRequestHandler.OnMessageReceived: received message: (TestExecution.StartWithSources) -> {"Version":7,"MessageType":"TestExecution.StartWithSources","Payload":{"AdapterSourceMap":{"_none_":["C:\\Exercism-Solutions\\csharp\\bin\\Debug\\net6.0\\fine-code-coverage\\build-output\\csharp-exercises.dll"]},"RunSettings":"<RunSettings>\r\n  <RunConfiguration>\r\n    <ResultsDirectory>C:\\Exercism-Solutions\\csharp\\bin\\Debug\\net6.0\\fine-code-coverage\\coverage-tool-output</ResultsDirectory>\r\n    <TargetFrameworkVersion>.NETCoreApp,Version=v6.0</TargetFrameworkVersion>\r\n    <DesignMode>False</DesignMode>\r\n    <CollectSourceInformation>False</CollectSourceInformation>\r\n  </RunConfiguration>\r\n  <LoggerRunSettings>\r\n    <Loggers>\r\n      <Logger friendlyName=\"blame\" enabled=\"True\" />\r\n      <Logger friendlyName=\"Console\" uri=\"logger://microsoft/TestPlatform/ConsoleLogger/v1\" assemblyQualifiedName=\"Microsoft.VisualStudio.TestPlatform.CommandLine.Internal.ConsoleLogger, vstest.console, Version=15.0.0.0, Culture=neutral, PublicKeyToken=b03f5f7f11d50a3a\" codeBase=\"C:\\Program Files\\dotnet\\sdk\\8.0.202\\vstest.console.dll\" enabled=\"True\" />\r\n    </Loggers>\r\n  </LoggerRunSettings>\r\n  <DataCollectionRunSettings>\r\n    <DataCollectors>\r\n      <DataCollector friendlyName=\"blame\" enabled=\"True\">\r\n        <Configuration>\r\n          <ResultsDirectory>C:\\Exercism-Solutions\\csharp\\bin\\Debug\\net6.0\\fine-code-coverage\\coverage-tool-output</ResultsDirectory>\r\n        </Configuration>\r\n      </DataCollector>\r\n    </DataCollectors>\r\n  </DataCollectionRunSettings>\r\n</RunSettings>","TestExecutionContext":{"FrequencyOfRunStatsChangeEvent":10,"RunStatsChangeEventTimeout":"00:00:01.5000000","InIsolation":false,"KeepAlive":false,"AreTestCaseLevelEventsRequired":false,"IsDebug":false,"TestCaseFilter":null,"FilterOptions":null},"Package":null}}
TpTrace Information: 0 : 41340, 5, 2024/05/08, 16:47:03.302, 8892485597749, testhost.dll, TestRequestHandler.OnMessageReceived: Running job 'TestExecution.Initialize'.
TpTrace Verbose: 0 : 41340, 5, 2024/05/08, 16:47:03.305, 8892485627059, testhost.dll, TestExecutorService: Loading the extensions
TpTrace Verbose: 0 : 41340, 5, 2024/05/08, 16:47:03.307, 8892485649595, testhost.dll, TestPluginCache.DiscoverTestExtensions: finding test extensions in assemblies ends with: TestAdapter.dll TPluginInfo: Microsoft.VisualStudio.TestPlatform.Common.ExtensionFramework.Utilities.TestExecutorPluginInformation TExtension: Microsoft.VisualStudio.TestPlatform.ObjectModel.Adapter.ITestExecutor
TpTrace Verbose: 0 : 41340, 5, 2024/05/08, 16:47:03.309, 8892485665131, testhost.dll, TestPluginCache.GetExtensionPaths: Filtered extension paths: 
TpTrace Verbose: 0 : 41340, 5, 2024/05/08, 16:47:03.309, 8892485670761, testhost.dll, TestPluginCache.GetExtensionPaths: Added default extension paths: C:\Exercism-Solutions\csharp\bin\Debug\net6.0\fine-code-coverage\build-output\xunit.runner.visualstudio.testadapter.dll
TpTrace Verbose: 0 : 41340, 5, 2024/05/08, 16:47:03.309, 8892485672096, testhost.dll, TestPluginCache.GetExtensionPaths: Added unfilterableExtensionPaths: 
TpTrace Information: 0 : 41340, 5, 2024/05/08, 16:47:03.312, 8892485693357, testhost.dll, AssemblyResolver.ctor: Creating AssemblyResolver with searchDirectories C:\Exercism-Solutions\csharp\bin\Debug\net6.0\fine-code-coverage\build-output
TpTrace Verbose: 0 : 41340, 5, 2024/05/08, 16:47:03.314, 8892485716367, testhost.dll, TestPluginCache.DiscoverTestExtensions: Discovering the extensions using extension path.
TpTrace Verbose: 0 : 41340, 5, 2024/05/08, 16:47:03.314, 8892485717997, testhost.dll, TestPluginCache.GetExtensionPaths: Filtered extension paths: 
TpTrace Verbose: 0 : 41340, 5, 2024/05/08, 16:47:03.314, 8892485718503, testhost.dll, TestPluginCache.GetExtensionPaths: Added default extension paths: C:\Exercism-Solutions\csharp\bin\Debug\net6.0\fine-code-coverage\build-output\xunit.runner.visualstudio.testadapter.dll
TpTrace Verbose: 0 : 41340, 5, 2024/05/08, 16:47:03.314, 8892485718781, testhost.dll, TestPluginCache.GetExtensionPaths: Added unfilterableExtensionPaths: 
TpTrace Verbose: 0 : 41340, 5, 2024/05/08, 16:47:03.314, 8892485719327, testhost.dll, TestPluginCache.DiscoverTestExtensions: Discovering the extensions using allExtensionPaths: C:\Exercism-Solutions\csharp\bin\Debug\net6.0\fine-code-coverage\build-output\xunit.runner.visualstudio.testadapter.dll
TpTrace Information: 0 : 41340, 5, 2024/05/08, 16:47:03.315, 8892485729225, testhost.dll, AssemblyResolver.AddSearchDirectories: Adding more searchDirectories C:\Exercism-Solutions\csharp\bin\Debug\net6.0\fine-code-coverage\build-output
TpTrace Information: 0 : 41340, 5, 2024/05/08, 16:47:03.322, 8892485796348, testhost.dll, AssemblyResolver.OnResolve: xunit.runner.visualstudio.testadapter: Resolving assembly.
TpTrace Information: 0 : 41340, 5, 2024/05/08, 16:47:03.322, 8892485797785, testhost.dll, AssemblyResolver.OnResolve: xunit.runner.visualstudio.testadapter: Searching in: 'C:\Exercism-Solutions\csharp\bin\Debug\net6.0\fine-code-coverage\build-output'.
TpTrace Information: 0 : 41340, 5, 2024/05/08, 16:47:03.323, 8892485808709, testhost.dll, AssemblyResolver.OnResolve: xunit.runner.visualstudio.testadapter: Loading assembly 'C:\Exercism-Solutions\csharp\bin\Debug\net6.0\fine-code-coverage\build-output\xunit.runner.visualstudio.testadapter.dll'.
TpTrace Information: 0 : 41340, 5, 2024/05/08, 16:47:03.324, 8892485815710, testhost.dll, AssemblyResolver.OnResolve: Resolved assembly: xunit.runner.visualstudio.testadapter, from path: C:\Exercism-Solutions\csharp\bin\Debug\net6.0\fine-code-coverage\build-output\xunit.runner.visualstudio.testadapter.dll
TpTrace Verbose: 0 : 41340, 12, 2024/05/08, 16:47:03.333, 8892485912035, testhost.dll, MulticastDelegateUtilities.SafeInvoke: LengthPrefixCommunicationChannel: MessageReceived: Invoking callback 1/1 for Microsoft.VisualStudio.TestPlatform.CommunicationUtilities.TestRequestHandler., took 31 ms.
TpTrace Verbose: 0 : 41340, 12, 2024/05/08, 16:47:03.334, 8892485913193, testhost.dll, TcpClientExtensions.MessageLoopAsync: Polling on remoteEndPoint: [::ffff:127.0.0.1]:49301 localEndPoint: [::ffff:127.0.0.1]:49303 after 31 ms
TpTrace Verbose: 0 : 41340, 5, 2024/05/08, 16:47:03.348, 8892486062898, testhost.dll, MetadataReaderExtensionsHelper: Discovering extensions inside assembly 'xunit.runner.visualstudio.testadapter, Version=2.8.0.0, Culture=neutral, PublicKeyToken=null' file path 'C:\Exercism-Solutions\csharp\bin\Debug\net6.0\fine-code-coverage\build-output\xunit.runner.visualstudio.testadapter.dll'
TpTrace Information: 0 : 41340, 5, 2024/05/08, 16:47:03.356, 8892486139052, testhost.dll, AssemblyResolver.OnResolve: xunit.runner.utility.netcoreapp10: Resolving assembly.
TpTrace Information: 0 : 41340, 5, 2024/05/08, 16:47:03.356, 8892486140615, testhost.dll, AssemblyResolver.OnResolve: xunit.runner.utility.netcoreapp10: Searching in: 'C:\Exercism-Solutions\csharp\bin\Debug\net6.0\fine-code-coverage\build-output'.
TpTrace Information: 0 : 41340, 5, 2024/05/08, 16:47:03.357, 8892486143294, testhost.dll, AssemblyResolver.OnResolve: xunit.runner.utility.netcoreapp10: Loading assembly 'C:\Exercism-Solutions\csharp\bin\Debug\net6.0\fine-code-coverage\build-output\xunit.runner.utility.netcoreapp10.dll'.
TpTrace Information: 0 : 41340, 5, 2024/05/08, 16:47:03.357, 8892486148081, testhost.dll, AssemblyResolver.OnResolve: Resolved assembly: xunit.runner.utility.netcoreapp10, from path: C:\Exercism-Solutions\csharp\bin\Debug\net6.0\fine-code-coverage\build-output\xunit.runner.utility.netcoreapp10.dll
TpTrace Information: 0 : 41340, 5, 2024/05/08, 16:47:03.360, 8892486174354, testhost.dll, GetTestExtensionFromType: Register extension with identifier data 'executor://xunit/VsTestRunner2/netcoreapp' and type 'Xunit.Runner.VisualStudio.VsTestRunner, xunit.runner.visualstudio.testadapter, Version=2.8.0.0, Culture=neutral, PublicKeyToken=null' inside file 'C:\Exercism-Solutions\csharp\bin\Debug\net6.0\fine-code-coverage\build-output\xunit.runner.visualstudio.testadapter.dll'
TpTrace Verbose: 0 : 41340, 5, 2024/05/08, 16:47:03.362, 8892486194016, testhost.dll, TestPluginCache: Discovered the extensions using extension path ''.
TpTrace Verbose: 0 : 41340, 5, 2024/05/08, 16:47:03.362, 8892486197491, testhost.dll, TestPluginCache: Discoverers are ''.
TpTrace Verbose: 0 : 41340, 5, 2024/05/08, 16:47:03.362, 8892486197988, testhost.dll, TestPluginCache: Executors are 'executor://xunit/VsTestRunner2/netcoreapp'.
TpTrace Verbose: 0 : 41340, 5, 2024/05/08, 16:47:03.362, 8892486198342, testhost.dll, TestPluginCache: Executors2 are ''.
TpTrace Verbose: 0 : 41340, 5, 2024/05/08, 16:47:03.362, 8892486198656, testhost.dll, TestPluginCache: Setting providers are ''.
TpTrace Verbose: 0 : 41340, 5, 2024/05/08, 16:47:03.362, 8892486198950, testhost.dll, TestPluginCache: Loggers are ''.
TpTrace Verbose: 0 : 41340, 5, 2024/05/08, 16:47:03.362, 8892486199237, testhost.dll, TestPluginCache: TestHosts are ''.
TpTrace Verbose: 0 : 41340, 5, 2024/05/08, 16:47:03.362, 8892486199520, testhost.dll, TestPluginCache: DataCollectors are ''.
TpTrace Verbose: 0 : 41340, 5, 2024/05/08, 16:47:03.364, 8892486221609, testhost.dll, TestPluginCache.DiscoverTestExtensions: finding test extensions in assemblies ends with: TestAdapter.dll TPluginInfo: Microsoft.VisualStudio.TestPlatform.Common.ExtensionFramework.Utilities.TestExecutorPluginInformation2 TExtension: Microsoft.VisualStudio.TestPlatform.ObjectModel.Adapter.ITestExecutor2
TpTrace Verbose: 0 : 41340, 5, 2024/05/08, 16:47:03.365, 8892486223356, testhost.dll, TestPluginCache.GetExtensionPaths: Filtered extension paths: 
TpTrace Verbose: 0 : 41340, 5, 2024/05/08, 16:47:03.365, 8892486224185, testhost.dll, TestPluginCache.GetExtensionPaths: Added default extension paths: C:\Exercism-Solutions\csharp\bin\Debug\net6.0\fine-code-coverage\build-output\xunit.runner.visualstudio.testadapter.dll
TpTrace Verbose: 0 : 41340, 5, 2024/05/08, 16:47:03.365, 8892486224429, testhost.dll, TestPluginCache.GetExtensionPaths: Added unfilterableExtensionPaths: 
TpTrace Information: 0 : 41340, 5, 2024/05/08, 16:47:03.365, 8892486225774, testhost.dll, AssemblyResolver.AddSearchDirectories: Adding more searchDirectories C:\Exercism-Solutions\csharp\bin\Debug\net6.0\fine-code-coverage\build-output
TpTrace Verbose: 0 : 41340, 5, 2024/05/08, 16:47:03.365, 8892486226070, testhost.dll, TestPluginCache.DiscoverTestExtensions: Discovering the extensions using extension path.
TpTrace Verbose: 0 : 41340, 5, 2024/05/08, 16:47:03.365, 8892486226257, testhost.dll, TestPluginCache.GetExtensionPaths: Filtered extension paths: 
TpTrace Verbose: 0 : 41340, 5, 2024/05/08, 16:47:03.365, 8892486226456, testhost.dll, TestPluginCache.GetExtensionPaths: Added default extension paths: C:\Exercism-Solutions\csharp\bin\Debug\net6.0\fine-code-coverage\build-output\xunit.runner.visualstudio.testadapter.dll
TpTrace Verbose: 0 : 41340, 5, 2024/05/08, 16:47:03.365, 8892486226616, testhost.dll, TestPluginCache.GetExtensionPaths: Added unfilterableExtensionPaths: 
TpTrace Verbose: 0 : 41340, 5, 2024/05/08, 16:47:03.365, 8892486226796, testhost.dll, TestPluginCache.DiscoverTestExtensions: Discovering the extensions using allExtensionPaths: C:\Exercism-Solutions\csharp\bin\Debug\net6.0\fine-code-coverage\build-output\xunit.runner.visualstudio.testadapter.dll
TpTrace Information: 0 : 41340, 5, 2024/05/08, 16:47:03.365, 8892486227067, testhost.dll, AssemblyResolver.AddSearchDirectories: Adding more searchDirectories C:\Exercism-Solutions\csharp\bin\Debug\net6.0\fine-code-coverage\build-output
TpTrace Verbose: 0 : 41340, 5, 2024/05/08, 16:47:03.365, 8892486227540, testhost.dll, MetadataReaderExtensionsHelper: Discovering extensions inside assembly 'xunit.runner.visualstudio.testadapter, Version=2.8.0.0, Culture=neutral, PublicKeyToken=null' file path 'C:\Exercism-Solutions\csharp\bin\Debug\net6.0\fine-code-coverage\build-output\xunit.runner.visualstudio.testadapter.dll'
TpTrace Verbose: 0 : 41340, 5, 2024/05/08, 16:47:03.365, 8892486232050, testhost.dll, TestPluginCache: Discovered the extensions using extension path ''.
TpTrace Verbose: 0 : 41340, 5, 2024/05/08, 16:47:03.365, 8892486232426, testhost.dll, TestPluginCache: Discoverers are ''.
TpTrace Verbose: 0 : 41340, 5, 2024/05/08, 16:47:03.365, 8892486232642, testhost.dll, TestPluginCache: Executors are 'executor://xunit/VsTestRunner2/netcoreapp'.
TpTrace Verbose: 0 : 41340, 5, 2024/05/08, 16:47:03.366, 8892486233023, testhost.dll, TestPluginCache: Executors2 are ''.
TpTrace Verbose: 0 : 41340, 5, 2024/05/08, 16:47:03.366, 8892486233202, testhost.dll, TestPluginCache: Setting providers are ''.
TpTrace Verbose: 0 : 41340, 5, 2024/05/08, 16:47:03.366, 8892486233416, testhost.dll, TestPluginCache: Loggers are ''.
TpTrace Verbose: 0 : 41340, 5, 2024/05/08, 16:47:03.366, 8892486233574, testhost.dll, TestPluginCache: TestHosts are ''.
TpTrace Verbose: 0 : 41340, 5, 2024/05/08, 16:47:03.366, 8892486233725, testhost.dll, TestPluginCache: DataCollectors are ''.
TpTrace Information: 0 : 41340, 5, 2024/05/08, 16:47:03.370, 8892486280736, testhost.dll, TestPluginManager.CreateTestExtension: Attempting to load test extension: Xunit.Runner.VisualStudio.VsTestRunner
TpTrace Verbose: 0 : 41340, 5, 2024/05/08, 16:47:03.371, 8892486287308, testhost.dll, TestExecutorExtensionManager: Loading executor Microsoft.VisualStudio.TestPlatform.Common.ExtensionDecorators.SerialTestRunDecorator
TpTrace Verbose: 0 : 41340, 5, 2024/05/08, 16:47:03.371, 8892486288297, testhost.dll, TestExecutorService: Loaded the executors
TpTrace Verbose: 0 : 41340, 5, 2024/05/08, 16:47:03.372, 8892486299246, testhost.dll, TestPluginCache.DiscoverTestExtensions: finding test extensions in assemblies ends with: TestAdapter.dll TPluginInfo: Microsoft.VisualStudio.TestPlatform.Common.ExtensionFramework.Utilities.TestSettingsProviderPluginInformation TExtension: Microsoft.VisualStudio.TestPlatform.ObjectModel.Adapter.ISettingsProvider
TpTrace Verbose: 0 : 41340, 5, 2024/05/08, 16:47:03.372, 8892486301001, testhost.dll, TestPluginCache.GetExtensionPaths: Filtered extension paths: 
TpTrace Verbose: 0 : 41340, 5, 2024/05/08, 16:47:03.372, 8892486301352, testhost.dll, TestPluginCache.GetExtensionPaths: Added default extension paths: C:\Exercism-Solutions\csharp\bin\Debug\net6.0\fine-code-coverage\build-output\xunit.runner.visualstudio.testadapter.dll
TpTrace Verbose: 0 : 41340, 5, 2024/05/08, 16:47:03.372, 8892486301532, testhost.dll, TestPluginCache.GetExtensionPaths: Added unfilterableExtensionPaths: 
TpTrace Information: 0 : 41340, 5, 2024/05/08, 16:47:03.372, 8892486302745, testhost.dll, AssemblyResolver.AddSearchDirectories: Adding more searchDirectories C:\Exercism-Solutions\csharp\bin\Debug\net6.0\fine-code-coverage\build-output
TpTrace Verbose: 0 : 41340, 5, 2024/05/08, 16:47:03.373, 8892486303117, testhost.dll, TestPluginCache.DiscoverTestExtensions: Discovering the extensions using extension path.
TpTrace Verbose: 0 : 41340, 5, 2024/05/08, 16:47:03.373, 8892486303313, testhost.dll, TestPluginCache.GetExtensionPaths: Filtered extension paths: 
TpTrace Verbose: 0 : 41340, 5, 2024/05/08, 16:47:03.373, 8892486303482, testhost.dll, TestPluginCache.GetExtensionPaths: Added default extension paths: C:\Exercism-Solutions\csharp\bin\Debug\net6.0\fine-code-coverage\build-output\xunit.runner.visualstudio.testadapter.dll
TpTrace Verbose: 0 : 41340, 5, 2024/05/08, 16:47:03.373, 8892486303646, testhost.dll, TestPluginCache.GetExtensionPaths: Added unfilterableExtensionPaths: 
TpTrace Verbose: 0 : 41340, 5, 2024/05/08, 16:47:03.373, 8892486303824, testhost.dll, TestPluginCache.DiscoverTestExtensions: Discovering the extensions using allExtensionPaths: C:\Exercism-Solutions\csharp\bin\Debug\net6.0\fine-code-coverage\build-output\xunit.runner.visualstudio.testadapter.dll
TpTrace Information: 0 : 41340, 5, 2024/05/08, 16:47:03.373, 8892486304148, testhost.dll, AssemblyResolver.AddSearchDirectories: Adding more searchDirectories C:\Exercism-Solutions\csharp\bin\Debug\net6.0\fine-code-coverage\build-output
TpTrace Verbose: 0 : 41340, 5, 2024/05/08, 16:47:03.373, 8892486304653, testhost.dll, MetadataReaderExtensionsHelper: Discovering extensions inside assembly 'xunit.runner.visualstudio.testadapter, Version=2.8.0.0, Culture=neutral, PublicKeyToken=null' file path 'C:\Exercism-Solutions\csharp\bin\Debug\net6.0\fine-code-coverage\build-output\xunit.runner.visualstudio.testadapter.dll'
TpTrace Verbose: 0 : 41340, 5, 2024/05/08, 16:47:03.373, 8892486309077, testhost.dll, TestPluginCache: Discovered the extensions using extension path ''.
TpTrace Verbose: 0 : 41340, 5, 2024/05/08, 16:47:03.373, 8892486309521, testhost.dll, TestPluginCache: Discoverers are ''.
TpTrace Verbose: 0 : 41340, 5, 2024/05/08, 16:47:03.373, 8892486309736, testhost.dll, TestPluginCache: Executors are 'executor://xunit/VsTestRunner2/netcoreapp'.
TpTrace Verbose: 0 : 41340, 5, 2024/05/08, 16:47:03.373, 8892486309925, testhost.dll, TestPluginCache: Executors2 are ''.
TpTrace Verbose: 0 : 41340, 5, 2024/05/08, 16:47:03.373, 8892486310189, testhost.dll, TestPluginCache: Setting providers are ''.
TpTrace Verbose: 0 : 41340, 5, 2024/05/08, 16:47:03.373, 8892486310371, testhost.dll, TestPluginCache: Loggers are ''.
TpTrace Verbose: 0 : 41340, 5, 2024/05/08, 16:47:03.373, 8892486310525, testhost.dll, TestPluginCache: TestHosts are ''.
TpTrace Verbose: 0 : 41340, 5, 2024/05/08, 16:47:03.373, 8892486310676, testhost.dll, TestPluginCache: DataCollectors are ''.
TpTrace Verbose: 0 : 41340, 5, 2024/05/08, 16:47:03.374, 8892486317811, testhost.dll, TestExecutorService: Loaded the settings providers
TpTrace Information: 0 : 41340, 5, 2024/05/08, 16:47:03.374, 8892486318285, testhost.dll, TestExecutorService: Loaded the extensions
TpTrace Information: 0 : 41340, 5, 2024/05/08, 16:47:03.374, 8892486321894, testhost.dll, TestRequestHandler.OnMessageReceived: Running job 'TestExecution.StartWithSources'.
TpTrace Verbose: 0 : 41340, 5, 2024/05/08, 16:47:03.423, 8892486809639, testhost.dll, MulticastDelegateUtilities.SafeInvoke: TestCaseEventsHandler.RaiseSessionStart: Invoking callbacks was skipped because there are no subscribers.
TpTrace Information: 0 : 41340, 5, 2024/05/08, 16:47:03.426, 8892486840118, testhost.dll, TestDiscoveryManager: Discovering tests from sources C:\Exercism-Solutions\csharp\bin\Debug\net6.0\fine-code-coverage\build-output\csharp-exercises.dll
TpTrace Verbose: 0 : 41340, 5, 2024/05/08, 16:47:03.429, 8892486866346, testhost.dll, TestPluginCache.DiscoverTestExtensions: finding test extensions in assemblies ends with: TestAdapter.dll TPluginInfo: Microsoft.VisualStudio.TestPlatform.Common.ExtensionFramework.Utilities.TestDiscovererPluginInformation TExtension: Microsoft.VisualStudio.TestPlatform.ObjectModel.Adapter.ITestDiscoverer
TpTrace Verbose: 0 : 41340, 5, 2024/05/08, 16:47:03.429, 8892486867279, testhost.dll, TestPluginCache.GetExtensionPaths: Filtered extension paths: 
TpTrace Verbose: 0 : 41340, 5, 2024/05/08, 16:47:03.429, 8892486867519, testhost.dll, TestPluginCache.GetExtensionPaths: Added default extension paths: C:\Exercism-Solutions\csharp\bin\Debug\net6.0\fine-code-coverage\build-output\xunit.runner.visualstudio.testadapter.dll
TpTrace Verbose: 0 : 41340, 5, 2024/05/08, 16:47:03.429, 8892486867668, testhost.dll, TestPluginCache.GetExtensionPaths: Added unfilterableExtensionPaths: 
TpTrace Information: 0 : 41340, 5, 2024/05/08, 16:47:03.429, 8892486868656, testhost.dll, AssemblyResolver.AddSearchDirectories: Adding more searchDirectories C:\Exercism-Solutions\csharp\bin\Debug\net6.0\fine-code-coverage\build-output
TpTrace Verbose: 0 : 41340, 5, 2024/05/08, 16:47:03.429, 8892486868915, testhost.dll, TestPluginCache.DiscoverTestExtensions: Discovering the extensions using extension path.
TpTrace Verbose: 0 : 41340, 5, 2024/05/08, 16:47:03.429, 8892486869079, testhost.dll, TestPluginCache.GetExtensionPaths: Filtered extension paths: 
TpTrace Verbose: 0 : 41340, 5, 2024/05/08, 16:47:03.429, 8892486869227, testhost.dll, TestPluginCache.GetExtensionPaths: Added default extension paths: C:\Exercism-Solutions\csharp\bin\Debug\net6.0\fine-code-coverage\build-output\xunit.runner.visualstudio.testadapter.dll
TpTrace Verbose: 0 : 41340, 5, 2024/05/08, 16:47:03.429, 8892486869370, testhost.dll, TestPluginCache.GetExtensionPaths: Added unfilterableExtensionPaths: 
TpTrace Verbose: 0 : 41340, 5, 2024/05/08, 16:47:03.429, 8892486869530, testhost.dll, TestPluginCache.DiscoverTestExtensions: Discovering the extensions using allExtensionPaths: C:\Exercism-Solutions\csharp\bin\Debug\net6.0\fine-code-coverage\build-output\xunit.runner.visualstudio.testadapter.dll
TpTrace Information: 0 : 41340, 5, 2024/05/08, 16:47:03.429, 8892486869793, testhost.dll, AssemblyResolver.AddSearchDirectories: Adding more searchDirectories C:\Exercism-Solutions\csharp\bin\Debug\net6.0\fine-code-coverage\build-output
TpTrace Verbose: 0 : 41340, 5, 2024/05/08, 16:47:03.429, 8892486870249, testhost.dll, MetadataReaderExtensionsHelper: Discovering extensions inside assembly 'xunit.runner.visualstudio.testadapter, Version=2.8.0.0, Culture=neutral, PublicKeyToken=null' file path 'C:\Exercism-Solutions\csharp\bin\Debug\net6.0\fine-code-coverage\build-output\xunit.runner.visualstudio.testadapter.dll'
TpTrace Information: 0 : 41340, 5, 2024/05/08, 16:47:03.431, 8892486887018, testhost.dll, GetTestExtensionFromType: Register extension with identifier data 'Xunit.Runner.VisualStudio.VsTestRunner, xunit.runner.visualstudio.testadapter, Version=2.8.0.0, Culture=neutral, PublicKeyToken=null' and type 'Xunit.Runner.VisualStudio.VsTestRunner, xunit.runner.visualstudio.testadapter, Version=2.8.0.0, Culture=neutral, PublicKeyToken=null' inside file 'C:\Exercism-Solutions\csharp\bin\Debug\net6.0\fine-code-coverage\build-output\xunit.runner.visualstudio.testadapter.dll'
TpTrace Verbose: 0 : 41340, 5, 2024/05/08, 16:47:03.431, 8892486888048, testhost.dll, TestPluginCache: Discovered the extensions using extension path ''.
TpTrace Verbose: 0 : 41340, 5, 2024/05/08, 16:47:03.431, 8892486888439, testhost.dll, TestPluginCache: Discoverers are 'Xunit.Runner.VisualStudio.VsTestRunner, xunit.runner.visualstudio.testadapter, Version=2.8.0.0, Culture=neutral, PublicKeyToken=null'.
TpTrace Verbose: 0 : 41340, 5, 2024/05/08, 16:47:03.431, 8892486888619, testhost.dll, TestPluginCache: Executors are 'executor://xunit/VsTestRunner2/netcoreapp'.
TpTrace Verbose: 0 : 41340, 5, 2024/05/08, 16:47:03.431, 8892486888782, testhost.dll, TestPluginCache: Executors2 are ''.
TpTrace Verbose: 0 : 41340, 5, 2024/05/08, 16:47:03.431, 8892486888932, testhost.dll, TestPluginCache: Setting providers are ''.
TpTrace Verbose: 0 : 41340, 5, 2024/05/08, 16:47:03.431, 8892486889074, testhost.dll, TestPluginCache: Loggers are ''.
TpTrace Verbose: 0 : 41340, 5, 2024/05/08, 16:47:03.431, 8892486889213, testhost.dll, TestPluginCache: TestHosts are ''.
TpTrace Verbose: 0 : 41340, 5, 2024/05/08, 16:47:03.431, 8892486889351, testhost.dll, TestPluginCache: DataCollectors are ''.
TpTrace Information: 0 : 41340, 5, 2024/05/08, 16:47:03.435, 8892486929460, testhost.dll, PEReaderHelper.GetAssemblyType: Determined assemblyType:'Managed' for source: 'C:\Exercism-Solutions\csharp\bin\Debug\net6.0\fine-code-coverage\build-output\csharp-exercises.dll'
TpTrace Verbose: 0 : 41340, 5, 2024/05/08, 16:47:03.440, 8892486978533, testhost.dll, BaseRunTests.RunTestInternalWithExecutors: Running tests for executor://xunit/VsTestRunner2/netcoreapp
TpTrace Information: 0 : 41340, 5, 2024/05/08, 16:47:03.447, 8892487052188, testhost.dll, [xUnit.net 00:00:00.00] xUnit.net VSTest Adapter v2.8.0+6438bb880a (64-bit .NET 6.0.28)
TpTrace Verbose: 0 : 41340, 5, 2024/05/08, 16:47:03.448, 8892487054131, testhost.dll, TestRequestHandler.SendData: sending data from testhost: {"Version":7,"MessageType":"TestSession.Message","Payload":{"MessageLevel":0,"Message":"[xUnit.net 00:00:00.00] xUnit.net VSTest Adapter v2.8.0+6438bb880a (64-bit .NET 6.0.28)"}}
TpTrace Verbose: 0 : 41340, 5, 2024/05/08, 16:47:03.448, 8892487056166, testhost.dll, MulticastDelegateUtilities.SafeInvoke: TestRunMessageLoggerProxy.SendMessage: Invoking callback 1/1 for Microsoft.VisualStudio.TestPlatform.CrossPlatEngine.Execution.RunTestsWithSources., took 0 ms.
TpTrace Information: 0 : 41340, 5, 2024/05/08, 16:47:03.458, 8892487162897, testhost.dll, AssemblyResolver.OnResolve: xunit.runner.reporters.netcoreapp10: Resolving assembly.
TpTrace Information: 0 : 41340, 5, 2024/05/08, 16:47:03.459, 8892487163914, testhost.dll, AssemblyResolver.OnResolve: xunit.runner.reporters.netcoreapp10: Searching in: 'C:\Exercism-Solutions\csharp\bin\Debug\net6.0\fine-code-coverage\build-output'.
TpTrace Information: 0 : 41340, 5, 2024/05/08, 16:47:03.459, 8892487166182, testhost.dll, AssemblyResolver.OnResolve: xunit.runner.reporters.netcoreapp10: Loading assembly 'C:\Exercism-Solutions\csharp\bin\Debug\net6.0\fine-code-coverage\build-output\xunit.runner.reporters.netcoreapp10.dll'.
TpTrace Information: 0 : 41340, 5, 2024/05/08, 16:47:03.459, 8892487169694, testhost.dll, AssemblyResolver.OnResolve: Resolved assembly: xunit.runner.reporters.netcoreapp10, from path: C:\Exercism-Solutions\csharp\bin\Debug\net6.0\fine-code-coverage\build-output\xunit.runner.reporters.netcoreapp10.dll
TpTrace Information: 0 : 41340, 5, 2024/05/08, 16:47:03.972, 8892492301440, testhost.dll, [xUnit.net 00:00:00.52]   Discovering: csharp-exercises
TpTrace Verbose: 0 : 41340, 5, 2024/05/08, 16:47:03.972, 8892492302851, testhost.dll, TestRequestHandler.SendData: sending data from testhost: {"Version":7,"MessageType":"TestSession.Message","Payload":{"MessageLevel":0,"Message":"[xUnit.net 00:00:00.52]   Discovering: csharp-exercises"}}
TpTrace Verbose: 0 : 41340, 5, 2024/05/08, 16:47:03.973, 8892492304039, testhost.dll, MulticastDelegateUtilities.SafeInvoke: TestRunMessageLoggerProxy.SendMessage: Invoking callback 1/1 for Microsoft.VisualStudio.TestPlatform.CrossPlatEngine.Execution.RunTestsWithSources., took 0 ms.
TpTrace Information: 0 : 41340, 5, 2024/05/08, 16:47:04.018, 8892492757754, testhost.dll, [xUnit.net 00:00:00.57]   Discovered:  csharp-exercises
TpTrace Verbose: 0 : 41340, 5, 2024/05/08, 16:47:04.018, 8892492759610, testhost.dll, TestRequestHandler.SendData: sending data from testhost: {"Version":7,"MessageType":"TestSession.Message","Payload":{"MessageLevel":0,"Message":"[xUnit.net 00:00:00.57]   Discovered:  csharp-exercises"}}
TpTrace Verbose: 0 : 41340, 5, 2024/05/08, 16:47:04.018, 8892492761272, testhost.dll, MulticastDelegateUtilities.SafeInvoke: TestRunMessageLoggerProxy.SendMessage: Invoking callback 1/1 for Microsoft.VisualStudio.TestPlatform.CrossPlatEngine.Execution.RunTestsWithSources., took 0 ms.
TpTrace Information: 0 : 41340, 5, 2024/05/08, 16:47:04.021, 8892492787340, testhost.dll, [xUnit.net 00:00:00.57]   Starting:    csharp-exercises
TpTrace Verbose: 0 : 41340, 5, 2024/05/08, 16:47:04.021, 8892492788527, testhost.dll, TestRequestHandler.SendData: sending data from testhost: {"Version":7,"MessageType":"TestSession.Message","Payload":{"MessageLevel":0,"Message":"[xUnit.net 00:00:00.57]   Starting:    csharp-exercises"}}
TpTrace Verbose: 0 : 41340, 5, 2024/05/08, 16:47:04.021, 8892492789825, testhost.dll, MulticastDelegateUtilities.SafeInvoke: TestRunMessageLoggerProxy.SendMessage: Invoking callback 1/1 for Microsoft.VisualStudio.TestPlatform.CrossPlatEngine.Execution.RunTestsWithSources., took 0 ms.
TpTrace Verbose: 0 : 41340, 18, 2024/05/08, 16:47:04.059, 8892493167502, testhost.dll, TestExecutionRecorder.RecordStart: Starting test: WordCountTests.Include_numbers.
TpTrace Verbose: 0 : 41340, 18, 2024/05/08, 16:47:04.093, 8892493511427, testhost.dll, MulticastDelegateUtilities.SafeInvoke: TestCaseEventsHandler.RaiseTestCaseStart: Invoking callback 1/1 for Microsoft.VisualStudio.TestPlatform.CrossPlatEngine.DataCollection.ProxyOutOfProcDataCollectionManager., took 32 ms.
TpTrace Verbose: 0 : 41340, 18, 2024/05/08, 16:47:04.094, 8892493515100, testhost.dll, TestExecutionRecorder.RecordStart: Starting test: HelloWorldTests.Say_hi_.
TpTrace Verbose: 0 : 41340, 18, 2024/05/08, 16:47:04.096, 8892493539618, testhost.dll, MulticastDelegateUtilities.SafeInvoke: TestCaseEventsHandler.RaiseTestCaseStart: Invoking callback 1/1 for Microsoft.VisualStudio.TestPlatform.CrossPlatEngine.DataCollection.ProxyOutOfProcDataCollectionManager., took 2 ms.
TpTrace Warning: 0 : 41340, 18, 2024/05/08, 16:47:04.097, 8892493550661, testhost.dll, [xUnit.net 00:00:00.65]     WordCountTests.Include_numbers [SKIP]
TpTrace Verbose: 0 : 41340, 18, 2024/05/08, 16:47:04.097, 8892493551988, testhost.dll, TestRequestHandler.SendData: sending data from testhost: {"Version":7,"MessageType":"TestSession.Message","Payload":{"MessageLevel":1,"Message":"[xUnit.net 00:00:00.65]     WordCountTests.Include_numbers [SKIP]"}}
TpTrace Verbose: 0 : 41340, 18, 2024/05/08, 16:47:04.098, 8892493553691, testhost.dll, MulticastDelegateUtilities.SafeInvoke: TestRunMessageLoggerProxy.SendMessage: Invoking callback 1/1 for Microsoft.VisualStudio.TestPlatform.CrossPlatEngine.Execution.RunTestsWithSources., took 0 ms.
TpTrace Information: 0 : 41340, 18, 2024/05/08, 16:47:04.098, 8892493554763, testhost.dll, [xUnit.net 00:00:00.65]       Remove this Skip property to run this test
TpTrace Verbose: 0 : 41340, 18, 2024/05/08, 16:47:04.098, 8892493555531, testhost.dll, TestRequestHandler.SendData: sending data from testhost: {"Version":7,"MessageType":"TestSession.Message","Payload":{"MessageLevel":0,"Message":"[xUnit.net 00:00:00.65]       Remove this Skip property to run this test"}}
TpTrace Verbose: 0 : 41340, 18, 2024/05/08, 16:47:04.098, 8892493556193, testhost.dll, MulticastDelegateUtilities.SafeInvoke: TestRunMessageLoggerProxy.SendMessage: Invoking callback 1/1 for Microsoft.VisualStudio.TestPlatform.CrossPlatEngine.Execution.RunTestsWithSources., took 0 ms.
TpTrace Verbose: 0 : 41340, 18, 2024/05/08, 16:47:04.099, 8892493571793, testhost.dll, TestExecutionRecorder.RecordResult: Received result for test: WordCountTests.Include_numbers.
TpTrace Verbose: 0 : 41340, 18, 2024/05/08, 16:47:04.112, 8892493695281, testhost.dll, MulticastDelegateUtilities.SafeInvoke: TestCaseEventsHandler.RaiseTestCaseEnd: Invoking callback 1/1 for Microsoft.VisualStudio.TestPlatform.CrossPlatEngine.DataCollection.ProxyOutOfProcDataCollectionManager., took 11 ms.
TpTrace Verbose: 0 : 41340, 18, 2024/05/08, 16:47:04.115, 8892493726778, testhost.dll, MulticastDelegateUtilities.SafeInvoke: TestCaseEventsHandler.RaiseTestCaseEnd: Invoking callback 1/1 for Microsoft.VisualStudio.TestPlatform.CrossPlatEngine.DataCollection.ProxyOutOfProcDataCollectionManager., took 1 ms.
TpTrace Verbose: 0 : 41340, 18, 2024/05/08, 16:47:04.119, 8892493765879, testhost.dll, TestExecutionRecorder.RecordEnd: test: WordCountTests.Include_numbers execution completed.
TpTrace Verbose: 0 : 41340, 18, 2024/05/08, 16:47:04.119, 8892493768484, testhost.dll, TestExecutionRecorder.RecordStart: Starting test: WordCountTests.With_apostrophes.
TpTrace Verbose: 0 : 41340, 18, 2024/05/08, 16:47:04.121, 8892493783650, testhost.dll, MulticastDelegateUtilities.SafeInvoke: TestCaseEventsHandler.RaiseTestCaseStart: Invoking callback 1/1 for Microsoft.VisualStudio.TestPlatform.CrossPlatEngine.DataCollection.ProxyOutOfProcDataCollectionManager., took 1 ms.
TpTrace Warning: 0 : 41340, 18, 2024/05/08, 16:47:04.121, 8892493785327, testhost.dll, [xUnit.net 00:00:00.67]     WordCountTests.With_apostrophes [SKIP]
TpTrace Verbose: 0 : 41340, 18, 2024/05/08, 16:47:04.121, 8892493786158, testhost.dll, TestRequestHandler.SendData: sending data from testhost: {"Version":7,"MessageType":"TestSession.Message","Payload":{"MessageLevel":1,"Message":"[xUnit.net 00:00:00.67]     WordCountTests.With_apostrophes [SKIP]"}}
TpTrace Verbose: 0 : 41340, 18, 2024/05/08, 16:47:04.121, 8892493787220, testhost.dll, MulticastDelegateUtilities.SafeInvoke: TestRunMessageLoggerProxy.SendMessage: Invoking callback 1/1 for Microsoft.VisualStudio.TestPlatform.CrossPlatEngine.Execution.RunTestsWithSources., took 0 ms.
TpTrace Information: 0 : 41340, 18, 2024/05/08, 16:47:04.121, 8892493787747, testhost.dll, [xUnit.net 00:00:00.67]       Remove this Skip property to run this test
TpTrace Verbose: 0 : 41340, 18, 2024/05/08, 16:47:04.121, 8892493788113, testhost.dll, TestRequestHandler.SendData: sending data from testhost: {"Version":7,"MessageType":"TestSession.Message","Payload":{"MessageLevel":0,"Message":"[xUnit.net 00:00:00.67]       Remove this Skip property to run this test"}}
TpTrace Verbose: 0 : 41340, 18, 2024/05/08, 16:47:04.121, 8892493789387, testhost.dll, MulticastDelegateUtilities.SafeInvoke: TestRunMessageLoggerProxy.SendMessage: Invoking callback 1/1 for Microsoft.VisualStudio.TestPlatform.CrossPlatEngine.Execution.RunTestsWithSources., took 0 ms.
TpTrace Verbose: 0 : 41340, 18, 2024/05/08, 16:47:04.121, 8892493791123, testhost.dll, TestExecutionRecorder.RecordResult: Received result for test: WordCountTests.With_apostrophes.
TpTrace Verbose: 0 : 41340, 18, 2024/05/08, 16:47:04.123, 8892493810106, testhost.dll, MulticastDelegateUtilities.SafeInvoke: TestCaseEventsHandler.RaiseTestCaseEnd: Invoking callback 1/1 for Microsoft.VisualStudio.TestPlatform.CrossPlatEngine.DataCollection.ProxyOutOfProcDataCollectionManager., took 1 ms.
TpTrace Verbose: 0 : 41340, 18, 2024/05/08, 16:47:04.123, 8892493811826, testhost.dll, MulticastDelegateUtilities.SafeInvoke: TestCaseEventsHandler.RaiseTestCaseEnd: Invoking callback 1/1 for Microsoft.VisualStudio.TestPlatform.CrossPlatEngine.DataCollection.ProxyOutOfProcDataCollectionManager., took 0 ms.
TpTrace Verbose: 0 : 41340, 18, 2024/05/08, 16:47:04.124, 8892493813265, testhost.dll, TestExecutionRecorder.RecordEnd: test: WordCountTests.With_apostrophes execution completed.
TpTrace Verbose: 0 : 41340, 18, 2024/05/08, 16:47:04.124, 8892493813924, testhost.dll, TestExecutionRecorder.RecordStart: Starting test: WordCountTests.Handles_cramped_lists.
TpTrace Verbose: 0 : 41340, 18, 2024/05/08, 16:47:04.125, 8892493829124, testhost.dll, MulticastDelegateUtilities.SafeInvoke: TestCaseEventsHandler.RaiseTestCaseStart: Invoking callback 1/1 for Microsoft.VisualStudio.TestPlatform.CrossPlatEngine.DataCollection.ProxyOutOfProcDataCollectionManager., took 1 ms.
TpTrace Warning: 0 : 41340, 18, 2024/05/08, 16:47:04.125, 8892493830817, testhost.dll, [xUnit.net 00:00:00.68]     WordCountTests.Handles_cramped_lists [SKIP]
TpTrace Verbose: 0 : 41340, 18, 2024/05/08, 16:47:04.125, 8892493831601, testhost.dll, TestRequestHandler.SendData: sending data from testhost: {"Version":7,"MessageType":"TestSession.Message","Payload":{"MessageLevel":1,"Message":"[xUnit.net 00:00:00.68]     WordCountTests.Handles_cramped_lists [SKIP]"}}
TpTrace Verbose: 0 : 41340, 18, 2024/05/08, 16:47:04.125, 8892493832356, testhost.dll, MulticastDelegateUtilities.SafeInvoke: TestRunMessageLoggerProxy.SendMessage: Invoking callback 1/1 for Microsoft.VisualStudio.TestPlatform.CrossPlatEngine.Execution.RunTestsWithSources., took 0 ms.
TpTrace Information: 0 : 41340, 18, 2024/05/08, 16:47:04.125, 8892493832822, testhost.dll, [xUnit.net 00:00:00.68]       Remove this Skip property to run this test
TpTrace Verbose: 0 : 41340, 18, 2024/05/08, 16:47:04.126, 8892493833173, testhost.dll, TestRequestHandler.SendData: sending data from testhost: {"Version":7,"MessageType":"TestSession.Message","Payload":{"MessageLevel":0,"Message":"[xUnit.net 00:00:00.68]       Remove this Skip property to run this test"}}
TpTrace Verbose: 0 : 41340, 18, 2024/05/08, 16:47:04.126, 8892493833702, testhost.dll, MulticastDelegateUtilities.SafeInvoke: TestRunMessageLoggerProxy.SendMessage: Invoking callback 1/1 for Microsoft.VisualStudio.TestPlatform.CrossPlatEngine.Execution.RunTestsWithSources., took 0 ms.
TpTrace Verbose: 0 : 41340, 18, 2024/05/08, 16:47:04.126, 8892493834103, testhost.dll, TestExecutionRecorder.RecordResult: Received result for test: WordCountTests.Handles_cramped_lists.
TpTrace Verbose: 0 : 41340, 18, 2024/05/08, 16:47:04.127, 8892493847845, testhost.dll, MulticastDelegateUtilities.SafeInvoke: TestCaseEventsHandler.RaiseTestCaseEnd: Invoking callback 1/1 for Microsoft.VisualStudio.TestPlatform.CrossPlatEngine.DataCollection.ProxyOutOfProcDataCollectionManager., took 1 ms.
TpTrace Verbose: 0 : 41340, 18, 2024/05/08, 16:47:04.127, 8892493849395, testhost.dll, MulticastDelegateUtilities.SafeInvoke: TestCaseEventsHandler.RaiseTestCaseEnd: Invoking callback 1/1 for Microsoft.VisualStudio.TestPlatform.CrossPlatEngine.DataCollection.ProxyOutOfProcDataCollectionManager., took 0 ms.
TpTrace Verbose: 0 : 41340, 18, 2024/05/08, 16:47:04.127, 8892493850824, testhost.dll, TestExecutionRecorder.RecordEnd: test: WordCountTests.Handles_cramped_lists execution completed.
TpTrace Verbose: 0 : 41340, 18, 2024/05/08, 16:47:04.127, 8892493851785, testhost.dll, TestExecutionRecorder.RecordStart: Starting test: WordCountTests.Count_one_of_each_word.
TpTrace Verbose: 0 : 41340, 18, 2024/05/08, 16:47:04.129, 8892493867098, testhost.dll, MulticastDelegateUtilities.SafeInvoke: TestCaseEventsHandler.RaiseTestCaseStart: Invoking callback 1/1 for Microsoft.VisualStudio.TestPlatform.CrossPlatEngine.DataCollection.ProxyOutOfProcDataCollectionManager., took 1 ms.
TpTrace Warning: 0 : 41340, 18, 2024/05/08, 16:47:04.129, 8892493869030, testhost.dll, [xUnit.net 00:00:00.68]     WordCountTests.Count_one_of_each_word [SKIP]
TpTrace Verbose: 0 : 41340, 18, 2024/05/08, 16:47:04.129, 8892493869842, testhost.dll, TestRequestHandler.SendData: sending data from testhost: {"Version":7,"MessageType":"TestSession.Message","Payload":{"MessageLevel":1,"Message":"[xUnit.net 00:00:00.68]     WordCountTests.Count_one_of_each_word [SKIP]"}}
TpTrace Verbose: 0 : 41340, 18, 2024/05/08, 16:47:04.129, 8892493870721, testhost.dll, MulticastDelegateUtilities.SafeInvoke: TestRunMessageLoggerProxy.SendMessage: Invoking callback 1/1 for Microsoft.VisualStudio.TestPlatform.CrossPlatEngine.Execution.RunTestsWithSources., took 0 ms.
TpTrace Information: 0 : 41340, 18, 2024/05/08, 16:47:04.129, 8892493871167, testhost.dll, [xUnit.net 00:00:00.68]       Remove this Skip property to run this test
TpTrace Verbose: 0 : 41340, 18, 2024/05/08, 16:47:04.129, 8892493871590, testhost.dll, TestRequestHandler.SendData: sending data from testhost: {"Version":7,"MessageType":"TestSession.Message","Payload":{"MessageLevel":0,"Message":"[xUnit.net 00:00:00.68]       Remove this Skip property to run this test"}}
TpTrace Verbose: 0 : 41340, 18, 2024/05/08, 16:47:04.129, 8892493872035, testhost.dll, MulticastDelegateUtilities.SafeInvoke: TestRunMessageLoggerProxy.SendMessage: Invoking callback 1/1 for Microsoft.VisualStudio.TestPlatform.CrossPlatEngine.Execution.RunTestsWithSources., took 0 ms.
TpTrace Verbose: 0 : 41340, 18, 2024/05/08, 16:47:04.129, 8892493872631, testhost.dll, TestExecutionRecorder.RecordResult: Received result for test: WordCountTests.Count_one_of_each_word.
TpTrace Verbose: 0 : 41340, 18, 2024/05/08, 16:47:04.131, 8892493887706, testhost.dll, MulticastDelegateUtilities.SafeInvoke: TestCaseEventsHandler.RaiseTestCaseEnd: Invoking callback 1/1 for Microsoft.VisualStudio.TestPlatform.CrossPlatEngine.DataCollection.ProxyOutOfProcDataCollectionManager., took 1 ms.
TpTrace Verbose: 0 : 41340, 18, 2024/05/08, 16:47:04.131, 8892493888723, testhost.dll, MulticastDelegateUtilities.SafeInvoke: TestCaseEventsHandler.RaiseTestCaseEnd: Invoking callback 1/1 for Microsoft.VisualStudio.TestPlatform.CrossPlatEngine.DataCollection.ProxyOutOfProcDataCollectionManager., took 0 ms.
TpTrace Verbose: 0 : 41340, 18, 2024/05/08, 16:47:04.131, 8892493889498, testhost.dll, TestExecutionRecorder.RecordEnd: test: WordCountTests.Count_one_of_each_word execution completed.
TpTrace Verbose: 0 : 41340, 18, 2024/05/08, 16:47:04.131, 8892493889910, testhost.dll, TestExecutionRecorder.RecordStart: Starting test: WordCountTests.With_quotations.
TpTrace Verbose: 0 : 41340, 18, 2024/05/08, 16:47:04.132, 8892493899428, testhost.dll, MulticastDelegateUtilities.SafeInvoke: TestCaseEventsHandler.RaiseTestCaseStart: Invoking callback 1/1 for Microsoft.VisualStudio.TestPlatform.CrossPlatEngine.DataCollection.ProxyOutOfProcDataCollectionManager., took 0 ms.
TpTrace Warning: 0 : 41340, 18, 2024/05/08, 16:47:04.132, 8892493901077, testhost.dll, [xUnit.net 00:00:00.68]     WordCountTests.With_quotations [SKIP]
TpTrace Verbose: 0 : 41340, 18, 2024/05/08, 16:47:04.132, 8892493901891, testhost.dll, TestRequestHandler.SendData: sending data from testhost: {"Version":7,"MessageType":"TestSession.Message","Payload":{"MessageLevel":1,"Message":"[xUnit.net 00:00:00.68]     WordCountTests.With_quotations [SKIP]"}}
TpTrace Verbose: 0 : 41340, 18, 2024/05/08, 16:47:04.132, 8892493903083, testhost.dll, MulticastDelegateUtilities.SafeInvoke: TestRunMessageLoggerProxy.SendMessage: Invoking callback 1/1 for Microsoft.VisualStudio.TestPlatform.CrossPlatEngine.Execution.RunTestsWithSources., took 0 ms.
TpTrace Information: 0 : 41340, 18, 2024/05/08, 16:47:04.133, 8892493903768, testhost.dll, [xUnit.net 00:00:00.68]       Remove this Skip property to run this test
TpTrace Verbose: 0 : 41340, 18, 2024/05/08, 16:47:04.133, 8892493904259, testhost.dll, TestRequestHandler.SendData: sending data from testhost: {"Version":7,"MessageType":"TestSession.Message","Payload":{"MessageLevel":0,"Message":"[xUnit.net 00:00:00.68]       Remove this Skip property to run this test"}}
TpTrace Verbose: 0 : 41340, 18, 2024/05/08, 16:47:04.133, 8892493904927, testhost.dll, MulticastDelegateUtilities.SafeInvoke: TestRunMessageLoggerProxy.SendMessage: Invoking callback 1/1 for Microsoft.VisualStudio.TestPlatform.CrossPlatEngine.Execution.RunTestsWithSources., took 0 ms.
TpTrace Verbose: 0 : 41340, 18, 2024/05/08, 16:47:04.133, 8892493905651, testhost.dll, TestExecutionRecorder.RecordResult: Received result for test: WordCountTests.With_quotations.
TpTrace Verbose: 0 : 41340, 18, 2024/05/08, 16:47:04.135, 8892493923348, testhost.dll, MulticastDelegateUtilities.SafeInvoke: TestCaseEventsHandler.RaiseTestCaseEnd: Invoking callback 1/1 for Microsoft.VisualStudio.TestPlatform.CrossPlatEngine.DataCollection.ProxyOutOfProcDataCollectionManager., took 1 ms.
TpTrace Verbose: 0 : 41340, 18, 2024/05/08, 16:47:04.135, 8892493924924, testhost.dll, MulticastDelegateUtilities.SafeInvoke: TestCaseEventsHandler.RaiseTestCaseEnd: Invoking callback 1/1 for Microsoft.VisualStudio.TestPlatform.CrossPlatEngine.DataCollection.ProxyOutOfProcDataCollectionManager., took 0 ms.
TpTrace Verbose: 0 : 41340, 18, 2024/05/08, 16:47:04.135, 8892493926283, testhost.dll, TestExecutionRecorder.RecordEnd: test: WordCountTests.With_quotations execution completed.
TpTrace Verbose: 0 : 41340, 18, 2024/05/08, 16:47:04.135, 8892493927315, testhost.dll, TestExecutionRecorder.RecordStart: Starting test: WordCountTests.Alternating_word_separators_not_detected_as_a_word.
TpTrace Verbose: 0 : 41340, 18, 2024/05/08, 16:47:04.136, 8892493941849, testhost.dll, MulticastDelegateUtilities.SafeInvoke: TestCaseEventsHandler.RaiseTestCaseStart: Invoking callback 1/1 for Microsoft.VisualStudio.TestPlatform.CrossPlatEngine.DataCollection.ProxyOutOfProcDataCollectionManager., took 1 ms.
TpTrace Warning: 0 : 41340, 18, 2024/05/08, 16:47:04.137, 8892493943285, testhost.dll, [xUnit.net 00:00:00.69]     WordCountTests.Alternating_word_separators_not_detected_as_a_word [SKIP]
TpTrace Verbose: 0 : 41340, 18, 2024/05/08, 16:47:04.137, 8892493944096, testhost.dll, TestRequestHandler.SendData: sending data from testhost: {"Version":7,"MessageType":"TestSession.Message","Payload":{"MessageLevel":1,"Message":"[xUnit.net 00:00:00.69]     WordCountTests.Alternating_word_separators_not_detected_as_a_word [SKIP]"}}
TpTrace Verbose: 0 : 41340, 18, 2024/05/08, 16:47:04.137, 8892493945329, testhost.dll, MulticastDelegateUtilities.SafeInvoke: TestRunMessageLoggerProxy.SendMessage: Invoking callback 1/1 for Microsoft.VisualStudio.TestPlatform.CrossPlatEngine.Execution.RunTestsWithSources., took 0 ms.
TpTrace Information: 0 : 41340, 18, 2024/05/08, 16:47:04.137, 8892493946130, testhost.dll, [xUnit.net 00:00:00.69]       Remove this Skip property to run this test
TpTrace Verbose: 0 : 41340, 18, 2024/05/08, 16:47:04.137, 8892493947758, testhost.dll, TestRequestHandler.SendData: sending data from testhost: {"Version":7,"MessageType":"TestSession.Message","Payload":{"MessageLevel":0,"Message":"[xUnit.net 00:00:00.69]       Remove this Skip property to run this test"}}
TpTrace Verbose: 0 : 41340, 18, 2024/05/08, 16:47:04.137, 8892493949407, testhost.dll, MulticastDelegateUtilities.SafeInvoke: TestRunMessageLoggerProxy.SendMessage: Invoking callback 1/1 for Microsoft.VisualStudio.TestPlatform.CrossPlatEngine.Execution.RunTestsWithSources., took 0 ms.
TpTrace Verbose: 0 : 41340, 18, 2024/05/08, 16:47:04.137, 8892493950573, testhost.dll, TestExecutionRecorder.RecordResult: Received result for test: WordCountTests.Alternating_word_separators_not_detected_as_a_word.
TpTrace Verbose: 0 : 41340, 18, 2024/05/08, 16:47:04.139, 8892493968611, testhost.dll, MulticastDelegateUtilities.SafeInvoke: TestCaseEventsHandler.RaiseTestCaseEnd: Invoking callback 1/1 for Microsoft.VisualStudio.TestPlatform.CrossPlatEngine.DataCollection.ProxyOutOfProcDataCollectionManager., took 1 ms.
TpTrace Verbose: 0 : 41340, 18, 2024/05/08, 16:47:04.139, 8892493970019, testhost.dll, MulticastDelegateUtilities.SafeInvoke: TestCaseEventsHandler.RaiseTestCaseEnd: Invoking callback 1/1 for Microsoft.VisualStudio.TestPlatform.CrossPlatEngine.DataCollection.ProxyOutOfProcDataCollectionManager., took 0 ms.
TpTrace Verbose: 0 : 41340, 18, 2024/05/08, 16:47:04.139, 8892493971011, testhost.dll, TestExecutionRecorder.RecordEnd: test: WordCountTests.Alternating_word_separators_not_detected_as_a_word execution completed.
TpTrace Verbose: 0 : 41340, 18, 2024/05/08, 16:47:04.139, 8892493971776, testhost.dll, TestExecutionRecorder.RecordStart: Starting test: WordCountTests.Multiple_spaces_not_detected_as_a_word.
TpTrace Verbose: 0 : 41340, 18, 2024/05/08, 16:47:04.141, 8892493983676, testhost.dll, MulticastDelegateUtilities.SafeInvoke: TestCaseEventsHandler.RaiseTestCaseStart: Invoking callback 1/1 for Microsoft.VisualStudio.TestPlatform.CrossPlatEngine.DataCollection.ProxyOutOfProcDataCollectionManager., took 1 ms.
TpTrace Warning: 0 : 41340, 18, 2024/05/08, 16:47:04.141, 8892493984877, testhost.dll, [xUnit.net 00:00:00.69]     WordCountTests.Multiple_spaces_not_detected_as_a_word [SKIP]
TpTrace Verbose: 0 : 41340, 18, 2024/05/08, 16:47:04.141, 8892493985557, testhost.dll, TestRequestHandler.SendData: sending data from testhost: {"Version":7,"MessageType":"TestSession.Message","Payload":{"MessageLevel":1,"Message":"[xUnit.net 00:00:00.69]     WordCountTests.Multiple_spaces_not_detected_as_a_word [SKIP]"}}
TpTrace Verbose: 0 : 41340, 18, 2024/05/08, 16:47:04.141, 8892493986398, testhost.dll, MulticastDelegateUtilities.SafeInvoke: TestRunMessageLoggerProxy.SendMessage: Invoking callback 1/1 for Microsoft.VisualStudio.TestPlatform.CrossPlatEngine.Execution.RunTestsWithSources., took 0 ms.
TpTrace Information: 0 : 41340, 18, 2024/05/08, 16:47:04.141, 8892493986884, testhost.dll, [xUnit.net 00:00:00.69]       Remove this Skip property to run this test
TpTrace Verbose: 0 : 41340, 18, 2024/05/08, 16:47:04.141, 8892493988095, testhost.dll, TestRequestHandler.SendData: sending data from testhost: {"Version":7,"MessageType":"TestSession.Message","Payload":{"MessageLevel":0,"Message":"[xUnit.net 00:00:00.69]       Remove this Skip property to run this test"}}
TpTrace Verbose: 0 : 41340, 18, 2024/05/08, 16:47:04.141, 8892493989164, testhost.dll, MulticastDelegateUtilities.SafeInvoke: TestRunMessageLoggerProxy.SendMessage: Invoking callback 1/1 for Microsoft.VisualStudio.TestPlatform.CrossPlatEngine.Execution.RunTestsWithSources., took 0 ms.
TpTrace Verbose: 0 : 41340, 18, 2024/05/08, 16:47:04.141, 8892493990065, testhost.dll, TestExecutionRecorder.RecordResult: Received result for test: WordCountTests.Multiple_spaces_not_detected_as_a_word.
TpTrace Verbose: 0 : 41340, 18, 2024/05/08, 16:47:04.147, 8892494050621, testhost.dll, MulticastDelegateUtilities.SafeInvoke: TestCaseEventsHandler.RaiseTestCaseEnd: Invoking callback 1/1 for Microsoft.VisualStudio.TestPlatform.CrossPlatEngine.DataCollection.ProxyOutOfProcDataCollectionManager., took 5 ms.
TpTrace Verbose: 0 : 41340, 18, 2024/05/08, 16:47:04.147, 8892494052201, testhost.dll, MulticastDelegateUtilities.SafeInvoke: TestCaseEventsHandler.RaiseTestCaseEnd: Invoking callback 1/1 for Microsoft.VisualStudio.TestPlatform.CrossPlatEngine.DataCollection.ProxyOutOfProcDataCollectionManager., took 0 ms.
TpTrace Verbose: 0 : 41340, 18, 2024/05/08, 16:47:04.147, 8892494052998, testhost.dll, TestExecutionRecorder.RecordEnd: test: WordCountTests.Multiple_spaces_not_detected_as_a_word execution completed.
TpTrace Verbose: 0 : 41340, 18, 2024/05/08, 16:47:04.148, 8892494053367, testhost.dll, TestExecutionRecorder.RecordStart: Starting test: WordCountTests.Multiple_occurrences_of_a_word.
TpTrace Verbose: 0 : 41340, 18, 2024/05/08, 16:47:04.149, 8892494065562, testhost.dll, MulticastDelegateUtilities.SafeInvoke: TestCaseEventsHandler.RaiseTestCaseStart: Invoking callback 1/1 for Microsoft.VisualStudio.TestPlatform.CrossPlatEngine.DataCollection.ProxyOutOfProcDataCollectionManager., took 1 ms.
TpTrace Warning: 0 : 41340, 18, 2024/05/08, 16:47:04.149, 8892494066983, testhost.dll, [xUnit.net 00:00:00.70]     WordCountTests.Multiple_occurrences_of_a_word [SKIP]
TpTrace Verbose: 0 : 41340, 18, 2024/05/08, 16:47:04.149, 8892494067595, testhost.dll, TestRequestHandler.SendData: sending data from testhost: {"Version":7,"MessageType":"TestSession.Message","Payload":{"MessageLevel":1,"Message":"[xUnit.net 00:00:00.70]     WordCountTests.Multiple_occurrences_of_a_word [SKIP]"}}
TpTrace Verbose: 0 : 41340, 18, 2024/05/08, 16:47:04.149, 8892494068552, testhost.dll, MulticastDelegateUtilities.SafeInvoke: TestRunMessageLoggerProxy.SendMessage: Invoking callback 1/1 for Microsoft.VisualStudio.TestPlatform.CrossPlatEngine.Execution.RunTestsWithSources., took 0 ms.
TpTrace Information: 0 : 41340, 18, 2024/05/08, 16:47:04.149, 8892494068892, testhost.dll, [xUnit.net 00:00:00.70]       Remove this Skip property to run this test
TpTrace Verbose: 0 : 41340, 18, 2024/05/08, 16:47:04.149, 8892494069265, testhost.dll, TestRequestHandler.SendData: sending data from testhost: {"Version":7,"MessageType":"TestSession.Message","Payload":{"MessageLevel":0,"Message":"[xUnit.net 00:00:00.70]       Remove this Skip property to run this test"}}
TpTrace Verbose: 0 : 41340, 18, 2024/05/08, 16:47:04.149, 8892494070885, testhost.dll, MulticastDelegateUtilities.SafeInvoke: TestRunMessageLoggerProxy.SendMessage: Invoking callback 1/1 for Microsoft.VisualStudio.TestPlatform.CrossPlatEngine.Execution.RunTestsWithSources., took 0 ms.
TpTrace Verbose: 0 : 41340, 18, 2024/05/08, 16:47:04.149, 8892494071893, testhost.dll, TestExecutionRecorder.RecordResult: Received result for test: WordCountTests.Multiple_occurrences_of_a_word.
TpTrace Verbose: 0 : 41340, 18, 2024/05/08, 16:47:04.151, 8892494085549, testhost.dll, MulticastDelegateUtilities.SafeInvoke: TestCaseEventsHandler.RaiseTestCaseEnd: Invoking callback 1/1 for Microsoft.VisualStudio.TestPlatform.CrossPlatEngine.DataCollection.ProxyOutOfProcDataCollectionManager., took 1 ms.
TpTrace Verbose: 0 : 41340, 18, 2024/05/08, 16:47:04.151, 8892494086756, testhost.dll, MulticastDelegateUtilities.SafeInvoke: TestCaseEventsHandler.RaiseTestCaseEnd: Invoking callback 1/1 for Microsoft.VisualStudio.TestPlatform.CrossPlatEngine.DataCollection.ProxyOutOfProcDataCollectionManager., took 0 ms.
TpTrace Verbose: 0 : 41340, 18, 2024/05/08, 16:47:04.151, 8892494087758, testhost.dll, TestExecutionRecorder.RecordEnd: test: WordCountTests.Multiple_occurrences_of_a_word execution completed.
TpTrace Verbose: 0 : 41340, 18, 2024/05/08, 16:47:04.151, 8892494088307, testhost.dll, TestExecutionRecorder.RecordStart: Starting test: WordCountTests.Handles_expanded_lists.
TpTrace Information: 0 : 41340, 18, 2024/05/08, 16:47:04.154, 8892494117180, testhost.dll, Sending test run statistics
TpTrace Verbose: 0 : 41340, 18, 2024/05/08, 16:47:04.179, 8892494367963, testhost.dll, TestRequestHandler.SendData: sending data from testhost: {"Version":7,"MessageType":"TestExecution.StatsChange","Payload":{"NewTestResults":[{"TestCase":{"Id":"b82608bb-6e97-9923-6d58-acc931d189e7","FullyQualifiedName":"WordCountTests.Include_numbers","DisplayName":"WordCountTests.Include_numbers","ExecutorUri":"executor://xunit/VsTestRunner2/netcoreapp","Source":"C:\\Exercism-Solutions\\csharp\\bin\\Debug\\net6.0\\fine-code-coverage\\build-output\\csharp-exercises.dll","CodeFilePath":null,"LineNumber":0,"Properties":[]},"Attachments":[],"Outcome":3,"ErrorMessage":"Remove this Skip property to run this test","ErrorStackTrace":null,"DisplayName":"WordCountTests.Include_numbers","Messages":[],"ComputerName":"PPMSPO002371","Duration":"00:00:00.0010000","StartTime":"2024-05-08T19:47:04.0995592+00:00","EndTime":"2024-05-08T19:47:04.099581+00:00","Properties":[]},{"TestCase":{"Id":"1b1e016b-d5ee-7316-7956-2b59a9f510e5","FullyQualifiedName":"WordCountTests.With_apostrophes","DisplayName":"WordCountTests.With_apostrophes","ExecutorUri":"executor://xunit/VsTestRunner2/netcoreapp","Source":"C:\\Exercism-Solutions\\csharp\\bin\\Debug\\net6.0\\fine-code-coverage\\build-output\\csharp-exercises.dll","CodeFilePath":null,"LineNumber":0,"Properties":[]},"Attachments":[],"Outcome":3,"ErrorMessage":"Remove this Skip property to run this test","ErrorStackTrace":null,"DisplayName":"WordCountTests.With_apostrophes","Messages":[],"ComputerName":"PPMSPO002371","Duration":"00:00:00.0010000","StartTime":"2024-05-08T19:47:04.1217751+00:00","EndTime":"2024-05-08T19:47:04.1217753+00:00","Properties":[]},{"TestCase":{"Id":"c943c42e-09cb-093e-7aa9-b73f1449606c","FullyQualifiedName":"WordCountTests.Handles_cramped_lists","DisplayName":"WordCountTests.Handles_cramped_lists","ExecutorUri":"executor://xunit/VsTestRunner2/netcoreapp","Source":"C:\\Exercism-Solutions\\csharp\\bin\\Debug\\net6.0\\fine-code-coverage\\build-output\\csharp-exercises.dll","CodeFilePath":null,"LineNumber":0,"Properties":[]},"Attachments":[],"Outcome":3,"ErrorMessage":"Remove this Skip property to run this test","ErrorStackTrace":null,"DisplayName":"WordCountTests.Handles_cramped_lists","Messages":[],"ComputerName":"PPMSPO002371","Duration":"00:00:00.0010000","StartTime":"2024-05-08T19:47:04.1260993+00:00","EndTime":"2024-05-08T19:47:04.1260993+00:00","Properties":[]},{"TestCase":{"Id":"76eb9b48-cfba-5db5-485e-562a129021ad","FullyQualifiedName":"WordCountTests.Count_one_of_each_word","DisplayName":"WordCountTests.Count_one_of_each_word","ExecutorUri":"executor://xunit/VsTestRunner2/netcoreapp","Source":"C:\\Exercism-Solutions\\csharp\\bin\\Debug\\net6.0\\fine-code-coverage\\build-output\\csharp-exercises.dll","CodeFilePath":null,"LineNumber":0,"Properties":[]},"Attachments":[],"Outcome":3,"ErrorMessage":"Remove this Skip property to run this test","ErrorStackTrace":null,"DisplayName":"WordCountTests.Count_one_of_each_word","Messages":[],"ComputerName":"PPMSPO002371","Duration":"00:00:00.0010000","StartTime":"2024-05-08T19:47:04.1299516+00:00","EndTime":"2024-05-08T19:47:04.1299516+00:00","Properties":[]},{"TestCase":{"Id":"ddc0b71b-1fd0-2832-ab04-e6c3d847ce08","FullyQualifiedName":"WordCountTests.With_quotations","DisplayName":"WordCountTests.With_quotations","ExecutorUri":"executor://xunit/VsTestRunner2/netcoreapp","Source":"C:\\Exercism-Solutions\\csharp\\bin\\Debug\\net6.0\\fine-code-coverage\\build-output\\csharp-exercises.dll","CodeFilePath":null,"LineNumber":0,"Properties":[]},"Attachments":[],"Outcome":3,"ErrorMessage":"Remove this Skip property to run this test","ErrorStackTrace":null,"DisplayName":"WordCountTests.With_quotations","Messages":[],"ComputerName":"PPMSPO002371","Duration":"00:00:00.0010000","StartTime":"2024-05-08T19:47:04.1332524+00:00","EndTime":"2024-05-08T19:47:04.1332525+00:00","Properties":[]},{"TestCase":{"Id":"9f64bcc6-e17e-0795-27e4-746c6f4738ed","FullyQualifiedName":"WordCountTests.Alternating_word_separators_not_detected_as_a_word","DisplayName":"WordCountTests.Alternating_word_separators_not_detected_as_a_word","ExecutorUri":"executor://xunit/VsTestRunner2/netcoreapp","Source":"C:\\Exercism-Solutions\\csharp\\bin\\Debug\\net6.0\\fine-code-coverage\\build-output\\csharp-exercises.dll","CodeFilePath":null,"LineNumber":0,"Properties":[]},"Attachments":[],"Outcome":3,"ErrorMessage":"Remove this Skip property to run this test","ErrorStackTrace":null,"DisplayName":"WordCountTests.Alternating_word_separators_not_detected_as_a_word","Messages":[],"ComputerName":"PPMSPO002371","Duration":"00:00:00.0010000","StartTime":"2024-05-08T19:47:04.1377447+00:00","EndTime":"2024-05-08T19:47:04.1377448+00:00","Properties":[]},{"TestCase":{"Id":"09b899d6-c006-c4de-2d41-d76bb8121604","FullyQualifiedName":"WordCountTests.Multiple_spaces_not_detected_as_a_word","DisplayName":"WordCountTests.Multiple_spaces_not_detected_as_a_word","ExecutorUri":"executor://xunit/VsTestRunner2/netcoreapp","Source":"C:\\Exercism-Solutions\\csharp\\bin\\Debug\\net6.0\\fine-code-coverage\\build-output\\csharp-exercises.dll","CodeFilePath":null,"LineNumber":0,"Properties":[]},"Attachments":[],"Outcome":3,"ErrorMessage":"Remove this Skip property to run this test","ErrorStackTrace":null,"DisplayName":"WordCountTests.Multiple_spaces_not_detected_as_a_word","Messages":[],"ComputerName":"PPMSPO002371","Duration":"00:00:00.0010000","StartTime":"2024-05-08T19:47:04.1416872+00:00","EndTime":"2024-05-08T19:47:04.1416873+00:00","Properties":[]},{"TestCase":{"Id":"b8b7ade4-b918-4a64-4666-52f6f858dcae","FullyQualifiedName":"WordCountTests.Multiple_occurrences_of_a_word","DisplayName":"WordCountTests.Multiple_occurrences_of_a_word","ExecutorUri":"executor://xunit/VsTestRunner2/netcoreapp","Source":"C:\\Exercism-Solutions\\csharp\\bin\\Debug\\net6.0\\fine-code-coverage\\build-output\\csharp-exercises.dll","CodeFilePath":null,"LineNumber":0,"Properties":[]},"Attachments":[],"Outcome":3,"ErrorMessage":"Remove this Skip property to run this test","ErrorStackTrace":null,"DisplayName":"WordCountTests.Multiple_occurrences_of_a_word","Messages":[],"ComputerName":"PPMSPO002371","Duration":"00:00:00.0010000","StartTime":"2024-05-08T19:47:04.1498756+00:00","EndTime":"2024-05-08T19:47:04.1498757+00:00","Properties":[]}],"TestRunStatistics":{"ExecutedTests":8,"Stats":{"Skipped":8}},"ActiveTests":[{"Id":"de228eec-db07-5ea5-0b8d-1e50b3458934","FullyQualifiedName":"HelloWorldTests.Say_hi_","DisplayName":"HelloWorldTests.Say_hi_","ExecutorUri":"executor://xunit/VsTestRunner2/netcoreapp","Source":"C:\\Exercism-Solutions\\csharp\\bin\\Debug\\net6.0\\fine-code-coverage\\build-output\\csharp-exercises.dll","CodeFilePath":null,"LineNumber":0,"Properties":[]},{"Id":"078fb83f-50e2-5800-6d08-0475ef0507ea","FullyQualifiedName":"WordCountTests.Handles_expanded_lists","DisplayName":"WordCountTests.Handles_expanded_lists","ExecutorUri":"executor://xunit/VsTestRunner2/netcoreapp","Source":"C:\\Exercism-Solutions\\csharp\\bin\\Debug\\net6.0\\fine-code-coverage\\build-output\\csharp-exercises.dll","CodeFilePath":null,"LineNumber":0,"Properties":[]}]}}
TpTrace Verbose: 0 : 41340, 18, 2024/05/08, 16:47:04.179, 8892494372170, testhost.dll, TestRunCache: OnNewTestResult: Notified the onCacheHit callback.
TpTrace Verbose: 0 : 41340, 18, 2024/05/08, 16:47:04.181, 8892494386403, testhost.dll, MulticastDelegateUtilities.SafeInvoke: TestCaseEventsHandler.RaiseTestCaseStart: Invoking callback 1/1 for Microsoft.VisualStudio.TestPlatform.CrossPlatEngine.DataCollection.ProxyOutOfProcDataCollectionManager., took 1 ms.
TpTrace Warning: 0 : 41340, 18, 2024/05/08, 16:47:04.181, 8892494387961, testhost.dll, [xUnit.net 00:00:00.73]     WordCountTests.Handles_expanded_lists [SKIP]
TpTrace Verbose: 0 : 41340, 18, 2024/05/08, 16:47:04.181, 8892494388860, testhost.dll, TestRequestHandler.SendData: sending data from testhost: {"Version":7,"MessageType":"TestSession.Message","Payload":{"MessageLevel":1,"Message":"[xUnit.net 00:00:00.73]     WordCountTests.Handles_expanded_lists [SKIP]"}}
TpTrace Verbose: 0 : 41340, 18, 2024/05/08, 16:47:04.181, 8892494389600, testhost.dll, MulticastDelegateUtilities.SafeInvoke: TestRunMessageLoggerProxy.SendMessage: Invoking callback 1/1 for Microsoft.VisualStudio.TestPlatform.CrossPlatEngine.Execution.RunTestsWithSources., took 0 ms.
TpTrace Information: 0 : 41340, 18, 2024/05/08, 16:47:04.181, 8892494389974, testhost.dll, [xUnit.net 00:00:00.73]       Remove this Skip property to run this test
TpTrace Verbose: 0 : 41340, 18, 2024/05/08, 16:47:04.181, 8892494390554, testhost.dll, TestRequestHandler.SendData: sending data from testhost: {"Version":7,"MessageType":"TestSession.Message","Payload":{"MessageLevel":0,"Message":"[xUnit.net 00:00:00.73]       Remove this Skip property to run this test"}}
TpTrace Verbose: 0 : 41340, 18, 2024/05/08, 16:47:04.181, 8892494391100, testhost.dll, MulticastDelegateUtilities.SafeInvoke: TestRunMessageLoggerProxy.SendMessage: Invoking callback 1/1 for Microsoft.VisualStudio.TestPlatform.CrossPlatEngine.Execution.RunTestsWithSources., took 0 ms.
TpTrace Verbose: 0 : 41340, 18, 2024/05/08, 16:47:04.181, 8892494391828, testhost.dll, TestExecutionRecorder.RecordResult: Received result for test: WordCountTests.Handles_expanded_lists.
TpTrace Verbose: 0 : 41340, 18, 2024/05/08, 16:47:04.183, 8892494403573, testhost.dll, MulticastDelegateUtilities.SafeInvoke: TestCaseEventsHandler.RaiseTestCaseEnd: Invoking callback 1/1 for Microsoft.VisualStudio.TestPlatform.CrossPlatEngine.DataCollection.ProxyOutOfProcDataCollectionManager., took 1 ms.
TpTrace Verbose: 0 : 41340, 18, 2024/05/08, 16:47:04.183, 8892494404643, testhost.dll, MulticastDelegateUtilities.SafeInvoke: TestCaseEventsHandler.RaiseTestCaseEnd: Invoking callback 1/1 for Microsoft.VisualStudio.TestPlatform.CrossPlatEngine.DataCollection.ProxyOutOfProcDataCollectionManager., took 0 ms.
TpTrace Warning: 0 : 41340, 18, 2024/05/08, 16:47:04.183, 8892494405136, testhost.dll, TestRunCache: InProgressTests is null
TpTrace Warning: 0 : 41340, 18, 2024/05/08, 16:47:04.183, 8892494407882, testhost.dll, TestRunCache: No test found corresponding to testResult 'WordCountTests.Handles_expanded_lists' in inProgress list.
TpTrace Verbose: 0 : 41340, 18, 2024/05/08, 16:47:04.183, 8892494409225, testhost.dll, TestExecutionRecorder.RecordEnd: test: WordCountTests.Handles_expanded_lists execution completed.
TpTrace Warning: 0 : 41340, 18, 2024/05/08, 16:47:04.183, 8892494409646, testhost.dll, TestRunCache: InProgressTests is null
TpTrace Verbose: 0 : 41340, 18, 2024/05/08, 16:47:04.183, 8892494410327, testhost.dll, TestExecutionRecorder.RecordStart: Starting test: WordCountTests.Ignore_punctuation.
TpTrace Verbose: 0 : 41340, 18, 2024/05/08, 16:47:04.185, 8892494425049, testhost.dll, MulticastDelegateUtilities.SafeInvoke: TestCaseEventsHandler.RaiseTestCaseStart: Invoking callback 1/1 for Microsoft.VisualStudio.TestPlatform.CrossPlatEngine.DataCollection.ProxyOutOfProcDataCollectionManager., took 1 ms.
TpTrace Warning: 0 : 41340, 18, 2024/05/08, 16:47:04.185, 8892494427892, testhost.dll, [xUnit.net 00:00:00.74]     WordCountTests.Ignore_punctuation [SKIP]
TpTrace Verbose: 0 : 41340, 18, 2024/05/08, 16:47:04.185, 8892494429333, testhost.dll, TestRequestHandler.SendData: sending data from testhost: {"Version":7,"MessageType":"TestSession.Message","Payload":{"MessageLevel":1,"Message":"[xUnit.net 00:00:00.74]     WordCountTests.Ignore_punctuation [SKIP]"}}
TpTrace Verbose: 0 : 41340, 18, 2024/05/08, 16:47:04.185, 8892494430950, testhost.dll, MulticastDelegateUtilities.SafeInvoke: TestRunMessageLoggerProxy.SendMessage: Invoking callback 1/1 for Microsoft.VisualStudio.TestPlatform.CrossPlatEngine.Execution.RunTestsWithSources., took 0 ms.
TpTrace Information: 0 : 41340, 18, 2024/05/08, 16:47:04.185, 8892494431764, testhost.dll, [xUnit.net 00:00:00.74]       Remove this Skip property to run this test
TpTrace Verbose: 0 : 41340, 18, 2024/05/08, 16:47:04.185, 8892494432490, testhost.dll, TestRequestHandler.SendData: sending data from testhost: {"Version":7,"MessageType":"TestSession.Message","Payload":{"MessageLevel":0,"Message":"[xUnit.net 00:00:00.74]       Remove this Skip property to run this test"}}
TpTrace Verbose: 0 : 41340, 18, 2024/05/08, 16:47:04.186, 8892494433242, testhost.dll, MulticastDelegateUtilities.SafeInvoke: TestRunMessageLoggerProxy.SendMessage: Invoking callback 1/1 for Microsoft.VisualStudio.TestPlatform.CrossPlatEngine.Execution.RunTestsWithSources., took 0 ms.
TpTrace Verbose: 0 : 41340, 18, 2024/05/08, 16:47:04.186, 8892494434000, testhost.dll, TestExecutionRecorder.RecordResult: Received result for test: WordCountTests.Ignore_punctuation.
TpTrace Verbose: 0 : 41340, 18, 2024/05/08, 16:47:04.187, 8892494448088, testhost.dll, MulticastDelegateUtilities.SafeInvoke: TestCaseEventsHandler.RaiseTestCaseEnd: Invoking callback 1/1 for Microsoft.VisualStudio.TestPlatform.CrossPlatEngine.DataCollection.ProxyOutOfProcDataCollectionManager., took 1 ms.
TpTrace Verbose: 0 : 41340, 18, 2024/05/08, 16:47:04.187, 8892494449931, testhost.dll, MulticastDelegateUtilities.SafeInvoke: TestCaseEventsHandler.RaiseTestCaseEnd: Invoking callback 1/1 for Microsoft.VisualStudio.TestPlatform.CrossPlatEngine.DataCollection.ProxyOutOfProcDataCollectionManager., took 0 ms.
TpTrace Verbose: 0 : 41340, 18, 2024/05/08, 16:47:04.187, 8892494451079, testhost.dll, TestExecutionRecorder.RecordEnd: test: WordCountTests.Ignore_punctuation execution completed.
TpTrace Warning: 0 : 41340, 18, 2024/05/08, 16:47:04.187, 8892494451455, testhost.dll, TestRunCache: InProgressTests is null
TpTrace Verbose: 0 : 41340, 18, 2024/05/08, 16:47:04.187, 8892494451975, testhost.dll, TestExecutionRecorder.RecordStart: Starting test: WordCountTests.Substrings_from_the_beginning.
TpTrace Verbose: 0 : 41340, 18, 2024/05/08, 16:47:04.189, 8892494466653, testhost.dll, MulticastDelegateUtilities.SafeInvoke: TestCaseEventsHandler.RaiseTestCaseStart: Invoking callback 1/1 for Microsoft.VisualStudio.TestPlatform.CrossPlatEngine.DataCollection.ProxyOutOfProcDataCollectionManager., took 1 ms.
TpTrace Warning: 0 : 41340, 18, 2024/05/08, 16:47:04.189, 8892494468772, testhost.dll, [xUnit.net 00:00:00.74]     WordCountTests.Substrings_from_the_beginning [SKIP]
TpTrace Verbose: 0 : 41340, 18, 2024/05/08, 16:47:04.189, 8892494469663, testhost.dll, TestRequestHandler.SendData: sending data from testhost: {"Version":7,"MessageType":"TestSession.Message","Payload":{"MessageLevel":1,"Message":"[xUnit.net 00:00:00.74]     WordCountTests.Substrings_from_the_beginning [SKIP]"}}
TpTrace Verbose: 0 : 41340, 18, 2024/05/08, 16:47:04.189, 8892494470529, testhost.dll, MulticastDelegateUtilities.SafeInvoke: TestRunMessageLoggerProxy.SendMessage: Invoking callback 1/1 for Microsoft.VisualStudio.TestPlatform.CrossPlatEngine.Execution.RunTestsWithSources., took 0 ms.
TpTrace Information: 0 : 41340, 18, 2024/05/08, 16:47:04.189, 8892494471053, testhost.dll, [xUnit.net 00:00:00.74]       Remove this Skip property to run this test
TpTrace Verbose: 0 : 41340, 18, 2024/05/08, 16:47:04.189, 8892494471466, testhost.dll, TestRequestHandler.SendData: sending data from testhost: {"Version":7,"MessageType":"TestSession.Message","Payload":{"MessageLevel":0,"Message":"[xUnit.net 00:00:00.74]       Remove this Skip property to run this test"}}
TpTrace Verbose: 0 : 41340, 18, 2024/05/08, 16:47:04.189, 8892494471949, testhost.dll, MulticastDelegateUtilities.SafeInvoke: TestRunMessageLoggerProxy.SendMessage: Invoking callback 1/1 for Microsoft.VisualStudio.TestPlatform.CrossPlatEngine.Execution.RunTestsWithSources., took 0 ms.
TpTrace Verbose: 0 : 41340, 18, 2024/05/08, 16:47:04.189, 8892494472469, testhost.dll, TestExecutionRecorder.RecordResult: Received result for test: WordCountTests.Substrings_from_the_beginning.
TpTrace Verbose: 0 : 41340, 18, 2024/05/08, 16:47:04.191, 8892494491380, testhost.dll, MulticastDelegateUtilities.SafeInvoke: TestCaseEventsHandler.RaiseTestCaseEnd: Invoking callback 1/1 for Microsoft.VisualStudio.TestPlatform.CrossPlatEngine.DataCollection.ProxyOutOfProcDataCollectionManager., took 1 ms.
TpTrace Verbose: 0 : 41340, 18, 2024/05/08, 16:47:04.191, 8892494492872, testhost.dll, MulticastDelegateUtilities.SafeInvoke: TestCaseEventsHandler.RaiseTestCaseEnd: Invoking callback 1/1 for Microsoft.VisualStudio.TestPlatform.CrossPlatEngine.DataCollection.ProxyOutOfProcDataCollectionManager., took 0 ms.
TpTrace Verbose: 0 : 41340, 18, 2024/05/08, 16:47:04.192, 8892494493762, testhost.dll, TestExecutionRecorder.RecordEnd: test: WordCountTests.Substrings_from_the_beginning execution completed.
TpTrace Warning: 0 : 41340, 18, 2024/05/08, 16:47:04.192, 8892494494000, testhost.dll, TestRunCache: InProgressTests is null
TpTrace Verbose: 0 : 41340, 18, 2024/05/08, 16:47:04.192, 8892494494457, testhost.dll, TestExecutionRecorder.RecordStart: Starting test: WordCountTests.Count_one_word.
TpTrace Verbose: 0 : 41340, 18, 2024/05/08, 16:47:04.193, 8892494509777, testhost.dll, MulticastDelegateUtilities.SafeInvoke: TestCaseEventsHandler.RaiseTestCaseStart: Invoking callback 1/1 for Microsoft.VisualStudio.TestPlatform.CrossPlatEngine.DataCollection.ProxyOutOfProcDataCollectionManager., took 1 ms.
TpTrace Verbose: 0 : 41340, 18, 2024/05/08, 16:47:04.195, 8892494527050, testhost.dll, TestExecutionRecorder.RecordResult: Received result for test: HelloWorldTests.Say_hi_.
TpTrace Verbose: 0 : 41340, 18, 2024/05/08, 16:47:04.196, 8892494540556, testhost.dll, MulticastDelegateUtilities.SafeInvoke: TestCaseEventsHandler.RaiseTestCaseEnd: Invoking callback 1/1 for Microsoft.VisualStudio.TestPlatform.CrossPlatEngine.DataCollection.ProxyOutOfProcDataCollectionManager., took 1 ms.
TpTrace Verbose: 0 : 41340, 18, 2024/05/08, 16:47:04.196, 8892494541944, testhost.dll, MulticastDelegateUtilities.SafeInvoke: TestCaseEventsHandler.RaiseTestCaseEnd: Invoking callback 1/1 for Microsoft.VisualStudio.TestPlatform.CrossPlatEngine.DataCollection.ProxyOutOfProcDataCollectionManager., took 0 ms.
TpTrace Warning: 0 : 41340, 18, 2024/05/08, 16:47:04.196, 8892494542418, testhost.dll, TestRunCache: No test found corresponding to testResult 'HelloWorldTests.Say_hi_' in inProgress list.
TpTrace Verbose: 0 : 41340, 18, 2024/05/08, 16:47:04.196, 8892494543028, testhost.dll, TestExecutionRecorder.RecordEnd: test: HelloWorldTests.Say_hi_ execution completed.
TpTrace Error: 0 : 41340, 18, 2024/05/08, 16:47:04.202, 8892494598106, testhost.dll, [xUnit.net 00:00:00.75]     WordCountTests.Count_one_word [FAIL]
TpTrace Verbose: 0 : 41340, 18, 2024/05/08, 16:47:04.202, 8892494600553, testhost.dll, TestRequestHandler.SendData: sending data from testhost: {"Version":7,"MessageType":"TestSession.Message","Payload":{"MessageLevel":2,"Message":"[xUnit.net 00:00:00.75]     WordCountTests.Count_one_word [FAIL]"}}
TpTrace Verbose: 0 : 41340, 18, 2024/05/08, 16:47:04.202, 8892494602685, testhost.dll, MulticastDelegateUtilities.SafeInvoke: TestRunMessageLoggerProxy.SendMessage: Invoking callback 1/1 for Microsoft.VisualStudio.TestPlatform.CrossPlatEngine.Execution.RunTestsWithSources., took 0 ms.
TpTrace Information: 0 : 41340, 18, 2024/05/08, 16:47:04.204, 8892494617064, testhost.dll, [xUnit.net 00:00:00.76]       Assert.Equal() Failure: Dictionaries differ
TpTrace Verbose: 0 : 41340, 18, 2024/05/08, 16:47:04.204, 8892494618858, testhost.dll, TestRequestHandler.SendData: sending data from testhost: {"Version":7,"MessageType":"TestSession.Message","Payload":{"MessageLevel":0,"Message":"[xUnit.net 00:00:00.76]       Assert.Equal() Failure: Dictionaries differ"}}
TpTrace Verbose: 0 : 41340, 18, 2024/05/08, 16:47:04.204, 8892494620641, testhost.dll, MulticastDelegateUtilities.SafeInvoke: TestRunMessageLoggerProxy.SendMessage: Invoking callback 1/1 for Microsoft.VisualStudio.TestPlatform.CrossPlatEngine.Execution.RunTestsWithSources., took 0 ms.
TpTrace Information: 0 : 41340, 18, 2024/05/08, 16:47:04.204, 8892494621565, testhost.dll, [xUnit.net 00:00:00.76]       Expected: [["word"] = 1]
TpTrace Verbose: 0 : 41340, 18, 2024/05/08, 16:47:04.204, 8892494622202, testhost.dll, TestRequestHandler.SendData: sending data from testhost: {"Version":7,"MessageType":"TestSession.Message","Payload":{"MessageLevel":0,"Message":"[xUnit.net 00:00:00.76]       Expected: [[\"word\"] = 1]"}}
TpTrace Verbose: 0 : 41340, 18, 2024/05/08, 16:47:04.205, 8892494623423, testhost.dll, MulticastDelegateUtilities.SafeInvoke: TestRunMessageLoggerProxy.SendMessage: Invoking callback 1/1 for Microsoft.VisualStudio.TestPlatform.CrossPlatEngine.Execution.RunTestsWithSources., took 0 ms.
TpTrace Information: 0 : 41340, 18, 2024/05/08, 16:47:04.205, 8892494624073, testhost.dll, [xUnit.net 00:00:00.76]       Actual:   [["palavra"] = 1]
TpTrace Verbose: 0 : 41340, 18, 2024/05/08, 16:47:04.205, 8892494624750, testhost.dll, TestRequestHandler.SendData: sending data from testhost: {"Version":7,"MessageType":"TestSession.Message","Payload":{"MessageLevel":0,"Message":"[xUnit.net 00:00:00.76]       Actual:   [[\"palavra\"] = 1]"}}
TpTrace Verbose: 0 : 41340, 18, 2024/05/08, 16:47:04.205, 8892494625655, testhost.dll, MulticastDelegateUtilities.SafeInvoke: TestRunMessageLoggerProxy.SendMessage: Invoking callback 1/1 for Microsoft.VisualStudio.TestPlatform.CrossPlatEngine.Execution.RunTestsWithSources., took 0 ms.
TpTrace Information: 0 : 41340, 18, 2024/05/08, 16:47:04.206, 8892494636979, testhost.dll, [xUnit.net 00:00:00.76]       Stack Trace:
TpTrace Verbose: 0 : 41340, 18, 2024/05/08, 16:47:04.206, 8892494638431, testhost.dll, TestRequestHandler.SendData: sending data from testhost: {"Version":7,"MessageType":"TestSession.Message","Payload":{"MessageLevel":0,"Message":"[xUnit.net 00:00:00.76]       Stack Trace:"}}
TpTrace Verbose: 0 : 41340, 18, 2024/05/08, 16:47:04.206, 8892494639431, testhost.dll, MulticastDelegateUtilities.SafeInvoke: TestRunMessageLoggerProxy.SendMessage: Invoking callback 1/1 for Microsoft.VisualStudio.TestPlatform.CrossPlatEngine.Execution.RunTestsWithSources., took 0 ms.
TpTrace Information: 0 : 41340, 18, 2024/05/08, 16:47:04.209, 8892494664573, testhost.dll, [xUnit.net 00:00:00.76]         C:\Exercism-Solutions\csharp\word-count\WordCountTests.cs(14,0): at WordCountTests.Count_one_word()
TpTrace Verbose: 0 : 41340, 18, 2024/05/08, 16:47:04.209, 8892494667896, testhost.dll, TestRequestHandler.SendData: sending data from testhost: {"Version":7,"MessageType":"TestSession.Message","Payload":{"MessageLevel":0,"Message":"[xUnit.net 00:00:00.76]         C:\\Exercism-Solutions\\csharp\\word-count\\WordCountTests.cs(14,0): at WordCountTests.Count_one_word()"}}
TpTrace Verbose: 0 : 41340, 18, 2024/05/08, 16:47:04.209, 8892494670344, testhost.dll, MulticastDelegateUtilities.SafeInvoke: TestRunMessageLoggerProxy.SendMessage: Invoking callback 1/1 for Microsoft.VisualStudio.TestPlatform.CrossPlatEngine.Execution.RunTestsWithSources., took 0 ms.
TpTrace Verbose: 0 : 41340, 18, 2024/05/08, 16:47:04.211, 8892494684236, testhost.dll, TestExecutionRecorder.RecordResult: Received result for test: WordCountTests.Count_one_word.
TpTrace Verbose: 0 : 41340, 18, 2024/05/08, 16:47:04.213, 8892494703872, testhost.dll, MulticastDelegateUtilities.SafeInvoke: TestCaseEventsHandler.RaiseTestCaseEnd: Invoking callback 1/1 for Microsoft.VisualStudio.TestPlatform.CrossPlatEngine.DataCollection.ProxyOutOfProcDataCollectionManager., took 1 ms.
TpTrace Verbose: 0 : 41340, 18, 2024/05/08, 16:47:04.213, 8892494705237, testhost.dll, MulticastDelegateUtilities.SafeInvoke: TestCaseEventsHandler.RaiseTestCaseEnd: Invoking callback 1/1 for Microsoft.VisualStudio.TestPlatform.CrossPlatEngine.DataCollection.ProxyOutOfProcDataCollectionManager., took 0 ms.
TpTrace Verbose: 0 : 41340, 18, 2024/05/08, 16:47:04.213, 8892494706137, testhost.dll, TestExecutionRecorder.RecordEnd: test: WordCountTests.Count_one_word execution completed.
TpTrace Warning: 0 : 41340, 18, 2024/05/08, 16:47:04.213, 8892494706373, testhost.dll, TestRunCache: InProgressTests is null
TpTrace Verbose: 0 : 41340, 18, 2024/05/08, 16:47:04.213, 8892494706786, testhost.dll, TestExecutionRecorder.RecordStart: Starting test: WordCountTests.Normalize_case.
TpTrace Verbose: 0 : 41340, 18, 2024/05/08, 16:47:04.215, 8892494727696, testhost.dll, MulticastDelegateUtilities.SafeInvoke: TestCaseEventsHandler.RaiseTestCaseStart: Invoking callback 1/1 for Microsoft.VisualStudio.TestPlatform.CrossPlatEngine.DataCollection.ProxyOutOfProcDataCollectionManager., took 2 ms.
TpTrace Warning: 0 : 41340, 18, 2024/05/08, 16:47:04.215, 8892494730139, testhost.dll, [xUnit.net 00:00:00.77]     WordCountTests.Normalize_case [SKIP]
TpTrace Verbose: 0 : 41340, 18, 2024/05/08, 16:47:04.215, 8892494731251, testhost.dll, TestRequestHandler.SendData: sending data from testhost: {"Version":7,"MessageType":"TestSession.Message","Payload":{"MessageLevel":1,"Message":"[xUnit.net 00:00:00.77]     WordCountTests.Normalize_case [SKIP]"}}
TpTrace Verbose: 0 : 41340, 18, 2024/05/08, 16:47:04.215, 8892494732394, testhost.dll, MulticastDelegateUtilities.SafeInvoke: TestRunMessageLoggerProxy.SendMessage: Invoking callback 1/1 for Microsoft.VisualStudio.TestPlatform.CrossPlatEngine.Execution.RunTestsWithSources., took 0 ms.
TpTrace Information: 0 : 41340, 18, 2024/05/08, 16:47:04.216, 8892494733585, testhost.dll, [xUnit.net 00:00:00.77]       Remove this Skip property to run this test
TpTrace Verbose: 0 : 41340, 18, 2024/05/08, 16:47:04.216, 8892494734625, testhost.dll, TestRequestHandler.SendData: sending data from testhost: {"Version":7,"MessageType":"TestSession.Message","Payload":{"MessageLevel":0,"Message":"[xUnit.net 00:00:00.77]       Remove this Skip property to run this test"}}
TpTrace Verbose: 0 : 41340, 18, 2024/05/08, 16:47:04.216, 8892494736095, testhost.dll, MulticastDelegateUtilities.SafeInvoke: TestRunMessageLoggerProxy.SendMessage: Invoking callback 1/1 for Microsoft.VisualStudio.TestPlatform.CrossPlatEngine.Execution.RunTestsWithSources., took 0 ms.
TpTrace Verbose: 0 : 41340, 18, 2024/05/08, 16:47:04.216, 8892494737057, testhost.dll, TestExecutionRecorder.RecordResult: Received result for test: WordCountTests.Normalize_case.
TpTrace Verbose: 0 : 41340, 18, 2024/05/08, 16:47:04.218, 8892494754933, testhost.dll, MulticastDelegateUtilities.SafeInvoke: TestCaseEventsHandler.RaiseTestCaseEnd: Invoking callback 1/1 for Microsoft.VisualStudio.TestPlatform.CrossPlatEngine.DataCollection.ProxyOutOfProcDataCollectionManager., took 1 ms.
TpTrace Verbose: 0 : 41340, 18, 2024/05/08, 16:47:04.218, 8892494756513, testhost.dll, MulticastDelegateUtilities.SafeInvoke: TestCaseEventsHandler.RaiseTestCaseEnd: Invoking callback 1/1 for Microsoft.VisualStudio.TestPlatform.CrossPlatEngine.DataCollection.ProxyOutOfProcDataCollectionManager., took 0 ms.
TpTrace Verbose: 0 : 41340, 18, 2024/05/08, 16:47:04.218, 8892494757616, testhost.dll, TestExecutionRecorder.RecordEnd: test: WordCountTests.Normalize_case execution completed.
TpTrace Warning: 0 : 41340, 18, 2024/05/08, 16:47:04.218, 8892494758197, testhost.dll, TestRunCache: InProgressTests is null
TpTrace Information: 0 : 41340, 5, 2024/05/08, 16:47:04.221, 8892494788804, testhost.dll, [xUnit.net 00:00:00.77]   Finished:    csharp-exercises
TpTrace Verbose: 0 : 41340, 5, 2024/05/08, 16:47:04.221, 8892494790650, testhost.dll, TestRequestHandler.SendData: sending data from testhost: {"Version":7,"MessageType":"TestSession.Message","Payload":{"MessageLevel":0,"Message":"[xUnit.net 00:00:00.77]   Finished:    csharp-exercises"}}
TpTrace Verbose: 0 : 41340, 5, 2024/05/08, 16:47:04.221, 8892494792222, testhost.dll, MulticastDelegateUtilities.SafeInvoke: TestRunMessageLoggerProxy.SendMessage: Invoking callback 1/1 for Microsoft.VisualStudio.TestPlatform.CrossPlatEngine.Execution.RunTestsWithSources., took 0 ms.
TpTrace Verbose: 0 : 41340, 5, 2024/05/08, 16:47:04.226, 8892494838393, testhost.dll, BaseRunTests.RunTestInternalWithExecutors: Completed running tests for executor://xunit/VsTestRunner2/netcoreapp
TpTrace Verbose: 0 : 41340, 5, 2024/05/08, 16:47:04.227, 8892494850907, testhost.dll, MulticastDelegateUtilities.SafeInvoke: TestCaseEventsHandler.RaiseSessionEnd: Invoking callback 1/1 for Microsoft.VisualStudio.TestPlatform.CrossPlatEngine.DataCollection.ProxyOutOfProcDataCollectionManager., took 0 ms.
TpTrace Information: 0 : 41340, 5, 2024/05/08, 16:47:04.230, 8892494880921, testhost.dll, Sending test run complete
TpTrace Verbose: 0 : 41340, 5, 2024/05/08, 16:47:04.244, 8892495013813, testhost.dll, TestRequestHandler.SendData: sending data from testhost: {"Version":7,"MessageType":"TestExecution.Completed","Payload":{"TestRunCompleteArgs":{"TestRunStatistics":{"ExecutedTests":14,"Stats":{"Skipped":12,"Passed":1,"Failed":1}},"IsCanceled":false,"IsAborted":false,"Error":null,"AttachmentSets":[],"InvokedDataCollectors":[],"ElapsedTimeInRunningTests":"00:00:00.7895162","Metrics":{},"DiscoveredExtensions":{"TestDiscoverers":["Xunit.Runner.VisualStudio.VsTestRunner, xunit.runner.visualstudio.testadapter, Version=2.8.0.0, Culture=neutral, PublicKeyToken=null"],"TestExecutors":["executor://xunit/VsTestRunner2/netcoreapp"],"TestExecutors2":[],"TestSettingsProviders":[]}},"LastRunTests":{"NewTestResults":[{"TestCase":{"Id":"078fb83f-50e2-5800-6d08-0475ef0507ea","FullyQualifiedName":"WordCountTests.Handles_expanded_lists","DisplayName":"WordCountTests.Handles_expanded_lists","ExecutorUri":"executor://xunit/VsTestRunner2/netcoreapp","Source":"C:\\Exercism-Solutions\\csharp\\bin\\Debug\\net6.0\\fine-code-coverage\\build-output\\csharp-exercises.dll","CodeFilePath":null,"LineNumber":0,"Properties":[]},"Attachments":[],"Outcome":3,"ErrorMessage":"Remove this Skip property to run this test","ErrorStackTrace":null,"DisplayName":"WordCountTests.Handles_expanded_lists","Messages":[],"ComputerName":"PPMSPO002371","Duration":"00:00:00.0010000","StartTime":"2024-05-08T19:47:04.1818674+00:00","EndTime":"2024-05-08T19:47:04.1818674+00:00","Properties":[]},{"TestCase":{"Id":"ea1dd87a-4a69-0a4d-cace-5d93371dc70b","FullyQualifiedName":"WordCountTests.Ignore_punctuation","DisplayName":"WordCountTests.Ignore_punctuation","ExecutorUri":"executor://xunit/VsTestRunner2/netcoreapp","Source":"C:\\Exercism-Solutions\\csharp\\bin\\Debug\\net6.0\\fine-code-coverage\\build-output\\csharp-exercises.dll","CodeFilePath":null,"LineNumber":0,"Properties":[]},"Attachments":[],"Outcome":3,"ErrorMessage":"Remove this Skip property to run this test","ErrorStackTrace":null,"DisplayName":"WordCountTests.Ignore_punctuation","Messages":[],"ComputerName":"PPMSPO002371","Duration":"00:00:00.0010000","StartTime":"2024-05-08T19:47:04.186085+00:00","EndTime":"2024-05-08T19:47:04.1860851+00:00","Properties":[]},{"TestCase":{"Id":"3f5ec32f-daee-0ebd-265a-4fbacbe49dcd","FullyQualifiedName":"WordCountTests.Substrings_from_the_beginning","DisplayName":"WordCountTests.Substrings_from_the_beginning","ExecutorUri":"executor://xunit/VsTestRunner2/netcoreapp","Source":"C:\\Exercism-Solutions\\csharp\\bin\\Debug\\net6.0\\fine-code-coverage\\build-output\\csharp-exercises.dll","CodeFilePath":null,"LineNumber":0,"Properties":[]},"Attachments":[],"Outcome":3,"ErrorMessage":"Remove this Skip property to run this test","ErrorStackTrace":null,"DisplayName":"WordCountTests.Substrings_from_the_beginning","Messages":[],"ComputerName":"PPMSPO002371","Duration":"00:00:00.0010000","StartTime":"2024-05-08T19:47:04.189935+00:00","EndTime":"2024-05-08T19:47:04.189935+00:00","Properties":[]},{"TestCase":{"Id":"de228eec-db07-5ea5-0b8d-1e50b3458934","FullyQualifiedName":"HelloWorldTests.Say_hi_","DisplayName":"HelloWorldTests.Say_hi_","ExecutorUri":"executor://xunit/VsTestRunner2/netcoreapp","Source":"C:\\Exercism-Solutions\\csharp\\bin\\Debug\\net6.0\\fine-code-coverage\\build-output\\csharp-exercises.dll","CodeFilePath":null,"LineNumber":0,"Properties":[]},"Attachments":[],"Outcome":1,"ErrorMessage":null,"ErrorStackTrace":null,"DisplayName":"HelloWorldTests.Say_hi_","Messages":[],"ComputerName":"PPMSPO002371","Duration":"00:00:00.0053470","StartTime":"2024-05-08T19:47:04.1953438+00:00","EndTime":"2024-05-08T19:47:04.195344+00:00","Properties":[]},{"TestCase":{"Id":"ebc1d37c-5c58-43b1-6345-4849ac90cf31","FullyQualifiedName":"WordCountTests.Count_one_word","DisplayName":"WordCountTests.Count_one_word","ExecutorUri":"executor://xunit/VsTestRunner2/netcoreapp","Source":"C:\\Exercism-Solutions\\csharp\\bin\\Debug\\net6.0\\fine-code-coverage\\build-output\\csharp-exercises.dll","CodeFilePath":null,"LineNumber":0,"Properties":[]},"Attachments":[],"Outcome":2,"ErrorMessage":"Assert.Equal() Failure: Dictionaries differ\r\nExpected: [[\"word\"] = 1]\r\nActual:   [[\"palavra\"] = 1]","ErrorStackTrace":"   at WordCountTests.Count_one_word() in C:\\Exercism-Solutions\\csharp\\word-count\\WordCountTests.cs:line 14","DisplayName":"WordCountTests.Count_one_word","Messages":[],"ComputerName":"PPMSPO002371","Duration":"00:00:00.0282141","StartTime":"2024-05-08T19:47:04.2109488+00:00","EndTime":"2024-05-08T19:47:04.210949+00:00","Properties":[]},{"TestCase":{"Id":"851da4f7-3d99-21df-6dbd-5fff668c1d62","FullyQualifiedName":"WordCountTests.Normalize_case","DisplayName":"WordCountTests.Normalize_case","ExecutorUri":"executor://xunit/VsTestRunner2/netcoreapp","Source":"C:\\Exercism-Solutions\\csharp\\bin\\Debug\\net6.0\\fine-code-coverage\\build-output\\csharp-exercises.dll","CodeFilePath":null,"LineNumber":0,"Properties":[]},"Attachments":[],"Outcome":3,"ErrorMessage":"Remove this Skip property to run this test","ErrorStackTrace":null,"DisplayName":"WordCountTests.Normalize_case","Messages":[],"ComputerName":"PPMSPO002371","Duration":"00:00:00.0010000","StartTime":"2024-05-08T19:47:04.2163897+00:00","EndTime":"2024-05-08T19:47:04.2163898+00:00","Properties":[]}],"TestRunStatistics":{"ExecutedTests":14,"Stats":{"Skipped":12,"Passed":1,"Failed":1}},"ActiveTests":[]},"RunAttachments":[],"ExecutorUris":["executor://xunit/VsTestRunner2/netcoreapp"]}}
TpTrace Verbose: 0 : 41340, 5, 2024/05/08, 16:47:04.244, 8892495019939, testhost.dll, BaseRunTests.RunTests: Run is complete.
TpTrace Verbose: 0 : 41340, 12, 2024/05/08, 16:47:04.245, 8892495029059, testhost.dll, TcpClientExtensions.MessageLoopAsync: NotifyDataAvailable remoteEndPoint: [::ffff:127.0.0.1]:49301 localEndPoint: [::ffff:127.0.0.1]:49303
TpTrace Information: 0 : 41340, 12, 2024/05/08, 16:47:04.245, 8892495030910, testhost.dll, TestRequestHandler.OnMessageReceived: received message: (TestSession.Terminate) -> {"MessageType":"TestSession.Terminate","Payload":null}
TpTrace Information: 0 : 41340, 12, 2024/05/08, 16:47:04.245, 8892495031623, testhost.dll, Session End message received from server. Closing the connection.
TpTrace Information: 0 : 41340, 12, 2024/05/08, 16:47:04.246, 8892495036063, testhost.dll, SocketClient.Stop: Stop communication from server endpoint: 127.0.0.1:049301
TpTrace Information: 0 : 41340, 12, 2024/05/08, 16:47:04.246, 8892495036935, testhost.dll, SocketClient: Stop: Cancellation requested. Stopping message loop.
TpTrace Verbose: 0 : 41340, 12, 2024/05/08, 16:47:04.246, 8892495038465, testhost.dll, LengthPrefixCommunicationChannel.Dispose: Dispose reader and writer.
TpTrace Information: 0 : 41340, 12, 2024/05/08, 16:47:04.246, 8892495038993, testhost.dll, Closing the connection !
TpTrace Verbose: 0 : 41340, 12, 2024/05/08, 16:47:04.246, 8892495039303, testhost.dll, MulticastDelegateUtilities.SafeInvoke: LengthPrefixCommunicationChannel: MessageReceived: Invoking callback 1/1 for Microsoft.VisualStudio.TestPlatform.CommunicationUtilities.TestRequestHandler., took 0 ms.
TpTrace Information: 0 : 41340, 12, 2024/05/08, 16:47:04.246, 8892495041092, testhost.dll, SocketClient.PrivateStop: Stop communication from server endpoint: 127.0.0.1:049301, error:
TpTrace Verbose: 0 : 41340, 12, 2024/05/08, 16:47:04.247, 8892495047900, testhost.dll, LengthPrefixCommunicationChannel.Dispose: Dispose reader and writer.
TpTrace Information: 0 : 41340, 1, 2024/05/08, 16:47:04.247, 8892495047950, testhost.dll, Closing the connection!
TpTrace Verbose: 0 : 41340, 12, 2024/05/08, 16:47:04.247, 8892495049328, testhost.dll, TcpClientExtensions.MessageLoopAsync: exiting MessageLoopAsync remoteEndPoint: [::ffff:127.0.0.1]:49301 localEndPoint: [::ffff:127.0.0.1]:49303
TpTrace Information: 0 : 41340, 1, 2024/05/08, 16:47:04.247, 8892495051324, testhost.dll, Testhost process exiting.
