TpTrace Verbose: 0 : 46412, 1, 2024/05/08, 17:24:46.324, 8915116169156, datacollector.dll, Version: 17.9.0-release-24072-02
TpTrace Information: 0 : 46412, 1, 2024/05/08, 17:24:46.328, 8915116207990, datacollector.dll, DataCollectorMain.Run: Starting data collector run with args: --port,51136,--parentprocessid,26428,--diag,C:\Exercism-Solutions\csharp\bin\Debug\net6.0\fine-code-coverage\coverage-tool-output\diagnostics.datacollector.24-05-08_17-24-46_15004_6.log,--tracelevel,4
TpTrace Information: 0 : 46412, 1, 2024/05/08, 17:24:46.328, 8915116209552, datacollector.dll, DataCollector: Monitoring parent process with id: '26428'
TpTrace Information: 0 : 46412, 1, 2024/05/08, 17:24:46.337, 8915116299197, datacollector.dll, Trying to connect to server on socket : 127.0.0.1:51136 
TpTrace Verbose: 0 : 46412, 1, 2024/05/08, 17:24:46.345, 8915116380613, datacollector.dll, SocketCommunicationManager : SetupClientAsync : Attempting to connect to the server.
TpTrace Information: 0 : 46412, 7, 2024/05/08, 17:24:46.355, 8915116477406, datacollector.dll, Connected to the server successfully 
TpTrace Information: 0 : 46412, 7, 2024/05/08, 17:24:46.355, 8915116478729, datacollector.dll, Using the buffer size of 16384 bytes
TpTrace Information: 0 : 46412, 1, 2024/05/08, 17:24:46.397, 8915116904971, datacollector.dll, DataCollector: Start Request Processing.
TpTrace Verbose: 0 : 46412, 1, 2024/05/08, 17:24:46.398, 8915116906723, datacollector.dll, SocketCommunicationManager.WaitForServerConnection took: 0 ms, with 90000 ms timeout, and finished with True.
TpTrace Information: 0 : 46412, 1, 2024/05/08, 17:24:46.398, 8915116908584, datacollector.dll, DataCollectionRequestHandler.ProcessRequests: Datacollector received message: (DataCollection.BeforeTestRunStart) -> {"MessageType":"DataCollection.BeforeTestRunStart","Payload":{"SettingsXml":"<RunSettings><RunConfiguration><ResultsDirectory>C:\\Exercism-Solutions\\csharp\\bin\\Debug\\net6.0\\fine-code-coverage\\coverage-tool-output</ResultsDirectory><TargetPlatform>X64</TargetPlatform><TargetFrameworkVersion>.NETCoreApp,Version=v6.0</TargetFrameworkVersion><DesignMode>False</DesignMode><CollectSourceInformation>False</CollectSourceInformation><TestAdaptersPaths>C:\\Program Files\\dotnet\\sdk\\8.0.202\\Extensions</TestAdaptersPaths></RunConfiguration><LoggerRunSettings><Loggers><Logger friendlyName=\"blame\" enabled=\"True\" /><Logger friendlyName=\"Console\" uri=\"logger://microsoft/TestPlatform/ConsoleLogger/v1\" assemblyQualifiedName=\"Microsoft.VisualStudio.TestPlatform.CommandLine.Internal.ConsoleLogger, vstest.console, Version=15.0.0.0, Culture=neutral, PublicKeyToken=b03f5f7f11d50a3a\" codeBase=\"C:\\Program Files\\dotnet\\sdk\\8.0.202\\vstest.console.dll\" enabled=\"True\" /></Loggers></LoggerRunSettings><DataCollectionRunSettings><DataCollectors><DataCollector friendlyName=\"blame\" enabled=\"True\"><Configuration><ResultsDirectory>C:\\Exercism-Solutions\\csharp\\bin\\Debug\\net6.0\\fine-code-coverage\\coverage-tool-output</ResultsDirectory></Configuration></DataCollector></DataCollectors></DataCollectionRunSettings></RunSettings>","Sources":["C:\\Exercism-Solutions\\csharp\\bin\\Debug\\net6.0\\fine-code-coverage\\build-output\\csharp-exercises.dll"],"IsTelemetryOptedIn":false}}
TpTrace Verbose: 0 : 46412, 1, 2024/05/08, 17:24:46.431, 8915117236409, datacollector.dll, TestPluginCache: Update extensions started. Skip filter = False
TpTrace Verbose: 0 : 46412, 1, 2024/05/08, 17:24:46.431, 8915117242718, datacollector.dll, TestPluginCache: Using directories for assembly resolution 'C:\Program Files\dotnet\sdk\8.0.202\Extensions'.
TpTrace Verbose: 0 : 46412, 1, 2024/05/08, 17:24:46.431, 8915117243371, datacollector.dll, TestPluginCache: Updated the available extensions to 'C:\Program Files\dotnet\sdk\8.0.202\Extensions\Microsoft.TestPlatform.Extensions.BlameDataCollector.dll,C:\Program Files\dotnet\sdk\8.0.202\Extensions\Microsoft.TestPlatform.Extensions.EventLogCollector.dll'.
TpTrace Verbose: 0 : 46412, 1, 2024/05/08, 17:24:46.437, 8915117298821, datacollector.dll, TestPluginCache.DiscoverTestExtensions: finding test extensions in assemblies ends with: Collector.dll TPluginInfo: Microsoft.VisualStudio.TestPlatform.Common.DataCollector.DataCollectorConfig TExtension: Microsoft.VisualStudio.TestPlatform.ObjectModel.DataCollection.DataCollector
TpTrace Verbose: 0 : 46412, 1, 2024/05/08, 17:24:46.438, 8915117313901, datacollector.dll, TestPluginCache.GetExtensionPaths: Filtered extension paths: C:\Program Files\dotnet\sdk\8.0.202\Extensions\Microsoft.TestPlatform.Extensions.BlameDataCollector.dll
C:\Program Files\dotnet\sdk\8.0.202\Extensions\Microsoft.TestPlatform.Extensions.EventLogCollector.dll
TpTrace Verbose: 0 : 46412, 1, 2024/05/08, 17:24:46.438, 8915117315286, datacollector.dll, TestPluginCache.GetExtensionPaths: Added default extension paths: 
TpTrace Verbose: 0 : 46412, 1, 2024/05/08, 17:24:46.439, 8915117315750, datacollector.dll, TestPluginCache.GetExtensionPaths: Added unfilterableExtensionPaths: 
TpTrace Information: 0 : 46412, 1, 2024/05/08, 17:24:46.439, 8915117322321, datacollector.dll, AssemblyResolver.ctor: Creating AssemblyResolver with searchDirectories C:\Program Files\dotnet\sdk\8.0.202\Extensions,C:\Program Files\dotnet\sdk\8.0.202
TpTrace Verbose: 0 : 46412, 1, 2024/05/08, 17:24:46.440, 8915117333745, datacollector.dll, TestPluginCache.DiscoverTestExtensions: Discovering the extensions using extension path.
TpTrace Verbose: 0 : 46412, 1, 2024/05/08, 17:24:46.441, 8915117335933, datacollector.dll, TestPluginCache.GetExtensionPaths: Filtered extension paths: C:\Program Files\dotnet\sdk\8.0.202\Extensions\Microsoft.TestPlatform.Extensions.BlameDataCollector.dll
C:\Program Files\dotnet\sdk\8.0.202\Extensions\Microsoft.TestPlatform.Extensions.EventLogCollector.dll
TpTrace Verbose: 0 : 46412, 1, 2024/05/08, 17:24:46.441, 8915117336494, datacollector.dll, TestPluginCache.GetExtensionPaths: Added default extension paths: 
TpTrace Verbose: 0 : 46412, 1, 2024/05/08, 17:24:46.441, 8915117336786, datacollector.dll, TestPluginCache.GetExtensionPaths: Added unfilterableExtensionPaths: 
TpTrace Verbose: 0 : 46412, 1, 2024/05/08, 17:24:46.441, 8915117337292, datacollector.dll, TestPluginCache.DiscoverTestExtensions: Discovering the extensions using allExtensionPaths: C:\Program Files\dotnet\sdk\8.0.202\Extensions\Microsoft.TestPlatform.Extensions.BlameDataCollector.dll
C:\Program Files\dotnet\sdk\8.0.202\Extensions\Microsoft.TestPlatform.Extensions.EventLogCollector.dll
TpTrace Information: 0 : 46412, 1, 2024/05/08, 17:24:46.441, 8915117338456, datacollector.dll, AssemblyResolver.AddSearchDirectories: Adding more searchDirectories C:\Program Files\dotnet\sdk\8.0.202\Extensions,C:\Program Files\dotnet\sdk\8.0.202
TpTrace Information: 0 : 46412, 1, 2024/05/08, 17:24:46.441, 8915117339078, datacollector.dll, AssemblyResolver.AddSearchDirectories: Adding more searchDirectories C:\Program Files\dotnet\sdk\8.0.202\Extensions,C:\Program Files\dotnet\sdk\8.0.202
TpTrace Information: 0 : 46412, 1, 2024/05/08, 17:24:46.441, 8915117343405, datacollector.dll, AssemblyResolver.OnResolve: Microsoft.TestPlatform.Extensions.BlameDataCollector: Resolving assembly.
TpTrace Information: 0 : 46412, 1, 2024/05/08, 17:24:46.441, 8915117344496, datacollector.dll, AssemblyResolver.OnResolve: Microsoft.TestPlatform.Extensions.BlameDataCollector: Searching in: 'C:\Program Files\dotnet\sdk\8.0.202\Extensions'.
TpTrace Information: 0 : 46412, 1, 2024/05/08, 17:24:46.449, 8915117420060, datacollector.dll, AssemblyResolver.OnResolve: Microsoft.TestPlatform.Extensions.BlameDataCollector: Loading assembly 'C:\Program Files\dotnet\sdk\8.0.202\Extensions\Microsoft.TestPlatform.Extensions.BlameDataCollector.dll'.
TpTrace Information: 0 : 46412, 1, 2024/05/08, 17:24:46.450, 8915117430882, datacollector.dll, AssemblyResolver.OnResolve: Resolved assembly: Microsoft.TestPlatform.Extensions.BlameDataCollector, from path: C:\Program Files\dotnet\sdk\8.0.202\Extensions\Microsoft.TestPlatform.Extensions.BlameDataCollector.dll
TpTrace Verbose: 0 : 46412, 1, 2024/05/08, 17:24:46.455, 8915117477028, datacollector.dll, MetadataReaderExtensionsHelper: Discovering extensions inside assembly 'Microsoft.TestPlatform.Extensions.BlameDataCollector, Version=15.0.0.0, Culture=neutral, PublicKeyToken=b03f5f7f11d50a3a' file path 'C:\Program Files\dotnet\sdk\8.0.202\Extensions\Microsoft.TestPlatform.Extensions.BlameDataCollector.dll'
TpTrace Error: 0 : 46412, 1, 2024/05/08, 17:24:46.458, 8915117508474, datacollector.dll, The type "Microsoft.TestPlatform.Extensions.BlameDataCollector.BlameCollector" defined in "Microsoft.TestPlatform.Extensions.BlameDataCollector.dll" does not have ExtensionUri attribute.
TpTrace Information: 0 : 46412, 1, 2024/05/08, 17:24:46.461, 8915117543326, datacollector.dll, GetTestExtensionFromType: Register extension with identifier data 'datacollector://microsoft/TestPlatform/Extensions/Blame/v1' and type 'Microsoft.TestPlatform.Extensions.BlameDataCollector.BlameCollector, Microsoft.TestPlatform.Extensions.BlameDataCollector, Version=15.0.0.0, Culture=neutral, PublicKeyToken=b03f5f7f11d50a3a' inside file 'C:\Program Files\dotnet\sdk\8.0.202\Extensions\Microsoft.TestPlatform.Extensions.BlameDataCollector.dll'
TpTrace Information: 0 : 46412, 1, 2024/05/08, 17:24:46.462, 8915117546051, datacollector.dll, AssemblyResolver.OnResolve: Microsoft.TestPlatform.Extensions.EventLogCollector: Resolving assembly.
TpTrace Information: 0 : 46412, 1, 2024/05/08, 17:24:46.462, 8915117546831, datacollector.dll, AssemblyResolver.OnResolve: Microsoft.TestPlatform.Extensions.EventLogCollector: Searching in: 'C:\Program Files\dotnet\sdk\8.0.202\Extensions'.
TpTrace Information: 0 : 46412, 1, 2024/05/08, 17:24:46.462, 8915117552347, datacollector.dll, AssemblyResolver.OnResolve: Microsoft.TestPlatform.Extensions.EventLogCollector: Loading assembly 'C:\Program Files\dotnet\sdk\8.0.202\Extensions\Microsoft.TestPlatform.Extensions.EventLogCollector.dll'.
TpTrace Information: 0 : 46412, 1, 2024/05/08, 17:24:46.463, 8915117558962, datacollector.dll, AssemblyResolver.OnResolve: Resolved assembly: Microsoft.TestPlatform.Extensions.EventLogCollector, from path: C:\Program Files\dotnet\sdk\8.0.202\Extensions\Microsoft.TestPlatform.Extensions.EventLogCollector.dll
TpTrace Verbose: 0 : 46412, 1, 2024/05/08, 17:24:46.463, 8915117560039, datacollector.dll, MetadataReaderExtensionsHelper: Discovering extensions inside assembly 'Microsoft.TestPlatform.Extensions.EventLogCollector, Version=15.0.0.0, Culture=neutral, PublicKeyToken=b03f5f7f11d50a3a' file path 'C:\Program Files\dotnet\sdk\8.0.202\Extensions\Microsoft.TestPlatform.Extensions.EventLogCollector.dll'
TpTrace Error: 0 : 46412, 1, 2024/05/08, 17:24:46.467, 8915117598833, datacollector.dll, The type "Microsoft.TestPlatform.Extensions.EventLogCollector.EventLogDataCollector" defined in "Microsoft.TestPlatform.Extensions.EventLogCollector.dll" does not have ExtensionUri attribute.
TpTrace Information: 0 : 46412, 1, 2024/05/08, 17:24:46.467, 8915117602402, datacollector.dll, GetTestExtensionFromType: Register extension with identifier data 'datacollector://microsoft/EventLog/2.0' and type 'Microsoft.TestPlatform.Extensions.EventLogCollector.EventLogDataCollector, Microsoft.TestPlatform.Extensions.EventLogCollector, Version=15.0.0.0, Culture=neutral, PublicKeyToken=b03f5f7f11d50a3a' inside file 'C:\Program Files\dotnet\sdk\8.0.202\Extensions\Microsoft.TestPlatform.Extensions.EventLogCollector.dll'
TpTrace Verbose: 0 : 46412, 1, 2024/05/08, 17:24:46.467, 8915117605037, datacollector.dll, TestPluginCache: Discovered the extensions using extension path 'C:\Program Files\dotnet\sdk\8.0.202\Extensions\Microsoft.TestPlatform.Extensions.BlameDataCollector.dll,C:\Program Files\dotnet\sdk\8.0.202\Extensions\Microsoft.TestPlatform.Extensions.EventLogCollector.dll'.
TpTrace Verbose: 0 : 46412, 1, 2024/05/08, 17:24:46.468, 8915117605561, datacollector.dll, TestPluginCache: Discoverers are ''.
TpTrace Verbose: 0 : 46412, 1, 2024/05/08, 17:24:46.468, 8915117605753, datacollector.dll, TestPluginCache: Executors are ''.
TpTrace Verbose: 0 : 46412, 1, 2024/05/08, 17:24:46.468, 8915117605919, datacollector.dll, TestPluginCache: Executors2 are ''.
TpTrace Verbose: 0 : 46412, 1, 2024/05/08, 17:24:46.468, 8915117606202, datacollector.dll, TestPluginCache: Setting providers are ''.
TpTrace Verbose: 0 : 46412, 1, 2024/05/08, 17:24:46.468, 8915117606396, datacollector.dll, TestPluginCache: Loggers are ''.
TpTrace Verbose: 0 : 46412, 1, 2024/05/08, 17:24:46.468, 8915117606563, datacollector.dll, TestPluginCache: TestHosts are ''.
TpTrace Verbose: 0 : 46412, 1, 2024/05/08, 17:24:46.468, 8915117607217, datacollector.dll, TestPluginCache: DataCollectors are 'datacollector://microsoft/TestPlatform/Extensions/Blame/v1,datacollector://microsoft/EventLog/2.0'.
TpTrace Information: 0 : 46412, 1, 2024/05/08, 17:24:46.469, 8915117618621, datacollector.dll, TestPluginManager.CreateTestExtension: Attempting to load test extension: Microsoft.TestPlatform.Extensions.BlameDataCollector.BlameCollector
TpTrace Information: 0 : 46412, 1, 2024/05/08, 17:24:46.471, 8915117644695, datacollector.dll, [MonitorPostmortemDump]Monitor enabled: 'False'
TpTrace Verbose: 0 : 46412, 1, 2024/05/08, 17:24:46.472, 8915117650286, datacollector.dll, MulticastDelegateUtilities.SafeInvoke: DataCollectionEvents.SessionStart: Invoking callbacks was skipped because there are no subscribers.
TpTrace Information: 0 : 46412, 1, 2024/05/08, 17:24:46.472, 8915117654576, datacollector.dll, Listening on Endpoint : 127.0.0.1:51138
TpTrace Information: 0 : 46412, 1, 2024/05/08, 17:24:46.477, 8915117700659, datacollector.dll, DataCollectionRequestHandler.ProcessRequests : DataCollection started.
TpTrace Information: 0 : 46412, 1, 2024/05/08, 17:24:46.521, 8915118143658, datacollector.dll, DataCollectionRequestHandler.ProcessRequests: Datacollector received message: (DataCollection.TestHostLaunched) -> {"MessageType":"DataCollection.TestHostLaunched","Payload":{"ProcessId":35804}}
TpTrace Verbose: 0 : 46412, 1, 2024/05/08, 17:24:46.523, 8915118158088, datacollector.dll, MulticastDelegateUtilities.SafeInvoke: DataCollectionEvents.TestHostLaunched: Invoking callback 1/1 for Microsoft.TestPlatform.Extensions.BlameDataCollector.BlameCollector., took 0 ms.
TpTrace Information: 0 : 46412, 9, 2024/05/08, 17:24:46.703, 8915119961955, datacollector.dll, Using the buffer size of 16384 bytes
TpTrace Information: 0 : 46412, 9, 2024/05/08, 17:24:46.703, 8915119962954, datacollector.dll, Accepted Client request and set the flag
TpTrace Verbose: 0 : 46412, 7, 2024/05/08, 17:24:46.703, 8915119962346, datacollector.dll, SocketCommunicationManager.WaitForClientConnection took: 228 ms, with 90000 ms timeout, and finished with True.
TpTrace Information: 0 : 46412, 7, 2024/05/08, 17:24:47.545, 8915128382178, datacollector.dll, DataCollectionTestCaseEventHandler: Test case starting.
TpTrace Information: 0 : 46412, 7, 2024/05/08, 17:24:47.558, 8915128510041, datacollector.dll, BlameCollector.EventsTestCaseStart: Test Case Start
TpTrace Verbose: 0 : 46412, 7, 2024/05/08, 17:24:47.558, 8915128512646, datacollector.dll, MulticastDelegateUtilities.SafeInvoke: DataCollectionEvents.TestCaseStart: Invoking callback 1/1 for Microsoft.TestPlatform.Extensions.BlameDataCollector.BlameCollector., took 0 ms.
TpTrace Information: 0 : 46412, 7, 2024/05/08, 17:24:47.558, 8915128515342, datacollector.dll, DataCollectionTestCaseEventHandler: Test case 'WordCountTests.Include_numbers - b82608bb-6e97-9923-6d58-acc931d189e7' started.
TpTrace Information: 0 : 46412, 7, 2024/05/08, 17:24:47.559, 8915128523179, datacollector.dll, DataCollectionTestCaseEventHandler: Test case starting.
TpTrace Information: 0 : 46412, 7, 2024/05/08, 17:24:47.560, 8915128534827, datacollector.dll, BlameCollector.EventsTestCaseStart: Test Case Start
TpTrace Verbose: 0 : 46412, 7, 2024/05/08, 17:24:47.561, 8915128535898, datacollector.dll, MulticastDelegateUtilities.SafeInvoke: DataCollectionEvents.TestCaseStart: Invoking callback 1/1 for Microsoft.TestPlatform.Extensions.BlameDataCollector.BlameCollector., took 0 ms.
TpTrace Information: 0 : 46412, 7, 2024/05/08, 17:24:47.561, 8915128537763, datacollector.dll, DataCollectionTestCaseEventHandler: Test case 'HelloWorldTests.Say_hi_ - de228eec-db07-5ea5-0b8d-1e50b3458934' started.
TpTrace Information: 0 : 46412, 7, 2024/05/08, 17:24:47.566, 8915128585837, datacollector.dll, DataCollectionTestCaseEventHandler: Test case completing.
TpTrace Information: 0 : 46412, 7, 2024/05/08, 17:24:47.569, 8915128617371, datacollector.dll, BlameCollector.EventsTestCaseEnd: Test Case End
TpTrace Verbose: 0 : 46412, 7, 2024/05/08, 17:24:47.569, 8915128619873, datacollector.dll, MulticastDelegateUtilities.SafeInvoke: DataCollectionEvents.TestCaseEnd: Invoking callback 1/1 for Microsoft.TestPlatform.Extensions.BlameDataCollector.BlameCollector., took 0 ms.
TpTrace Information: 0 : 46412, 7, 2024/05/08, 17:24:47.570, 8915128632904, datacollector.dll, DataCollectionTestCaseEventHandler: Test case 'HelloWorldTests.Say_hi_ - de228eec-db07-5ea5-0b8d-1e50b3458934' completed
TpTrace Information: 0 : 46412, 7, 2024/05/08, 17:24:47.579, 8915128716351, datacollector.dll, DataCollectionTestCaseEventHandler: Test case completing.
TpTrace Information: 0 : 46412, 7, 2024/05/08, 17:24:47.580, 8915128727541, datacollector.dll, BlameCollector.EventsTestCaseEnd: Test Case End
TpTrace Verbose: 0 : 46412, 7, 2024/05/08, 17:24:47.580, 8915128728783, datacollector.dll, MulticastDelegateUtilities.SafeInvoke: DataCollectionEvents.TestCaseEnd: Invoking callback 1/1 for Microsoft.TestPlatform.Extensions.BlameDataCollector.BlameCollector., took 0 ms.
TpTrace Information: 0 : 46412, 7, 2024/05/08, 17:24:47.580, 8915128732734, datacollector.dll, DataCollectionTestCaseEventHandler: Test case 'WordCountTests.Include_numbers - b82608bb-6e97-9923-6d58-acc931d189e7' completed
TpTrace Information: 0 : 46412, 7, 2024/05/08, 17:24:47.582, 8915128745908, datacollector.dll, DataCollectionTestCaseEventHandler: Test case starting.
TpTrace Information: 0 : 46412, 7, 2024/05/08, 17:24:47.582, 8915128752965, datacollector.dll, BlameCollector.EventsTestCaseStart: Test Case Start
TpTrace Verbose: 0 : 46412, 7, 2024/05/08, 17:24:47.582, 8915128754113, datacollector.dll, MulticastDelegateUtilities.SafeInvoke: DataCollectionEvents.TestCaseStart: Invoking callback 1/1 for Microsoft.TestPlatform.Extensions.BlameDataCollector.BlameCollector., took 0 ms.
TpTrace Information: 0 : 46412, 7, 2024/05/08, 17:24:47.583, 8915128756858, datacollector.dll, DataCollectionTestCaseEventHandler: Test case 'WordCountTests.With_apostrophes - 1b1e016b-d5ee-7316-7956-2b59a9f510e5' started.
TpTrace Information: 0 : 46412, 7, 2024/05/08, 17:24:47.583, 8915128763762, datacollector.dll, DataCollectionTestCaseEventHandler: Test case completing.
TpTrace Information: 0 : 46412, 7, 2024/05/08, 17:24:47.584, 8915128768329, datacollector.dll, BlameCollector.EventsTestCaseEnd: Test Case End
TpTrace Verbose: 0 : 46412, 7, 2024/05/08, 17:24:47.584, 8915128768828, datacollector.dll, MulticastDelegateUtilities.SafeInvoke: DataCollectionEvents.TestCaseEnd: Invoking callback 1/1 for Microsoft.TestPlatform.Extensions.BlameDataCollector.BlameCollector., took 0 ms.
TpTrace Information: 0 : 46412, 7, 2024/05/08, 17:24:47.584, 8915128769945, datacollector.dll, DataCollectionTestCaseEventHandler: Test case 'WordCountTests.With_apostrophes - 1b1e016b-d5ee-7316-7956-2b59a9f510e5' completed
TpTrace Information: 0 : 46412, 7, 2024/05/08, 17:24:47.585, 8915128779774, datacollector.dll, DataCollectionTestCaseEventHandler: Test case starting.
TpTrace Information: 0 : 46412, 7, 2024/05/08, 17:24:47.585, 8915128784526, datacollector.dll, BlameCollector.EventsTestCaseStart: Test Case Start
TpTrace Verbose: 0 : 46412, 7, 2024/05/08, 17:24:47.585, 8915128785354, datacollector.dll, MulticastDelegateUtilities.SafeInvoke: DataCollectionEvents.TestCaseStart: Invoking callback 1/1 for Microsoft.TestPlatform.Extensions.BlameDataCollector.BlameCollector., took 0 ms.
TpTrace Information: 0 : 46412, 7, 2024/05/08, 17:24:47.586, 8915128786903, datacollector.dll, DataCollectionTestCaseEventHandler: Test case 'WordCountTests.Handles_cramped_lists - c943c42e-09cb-093e-7aa9-b73f1449606c' started.
TpTrace Information: 0 : 46412, 7, 2024/05/08, 17:24:47.586, 8915128794485, datacollector.dll, DataCollectionTestCaseEventHandler: Test case completing.
TpTrace Information: 0 : 46412, 7, 2024/05/08, 17:24:47.587, 8915128800582, datacollector.dll, BlameCollector.EventsTestCaseEnd: Test Case End
TpTrace Verbose: 0 : 46412, 7, 2024/05/08, 17:24:47.587, 8915128801302, datacollector.dll, MulticastDelegateUtilities.SafeInvoke: DataCollectionEvents.TestCaseEnd: Invoking callback 1/1 for Microsoft.TestPlatform.Extensions.BlameDataCollector.BlameCollector., took 0 ms.
TpTrace Information: 0 : 46412, 7, 2024/05/08, 17:24:47.587, 8915128803822, datacollector.dll, DataCollectionTestCaseEventHandler: Test case 'WordCountTests.Handles_cramped_lists - c943c42e-09cb-093e-7aa9-b73f1449606c' completed
TpTrace Information: 0 : 46412, 7, 2024/05/08, 17:24:47.588, 8915128811272, datacollector.dll, DataCollectionTestCaseEventHandler: Test case starting.
TpTrace Information: 0 : 46412, 7, 2024/05/08, 17:24:47.589, 8915128816153, datacollector.dll, BlameCollector.EventsTestCaseStart: Test Case Start
TpTrace Verbose: 0 : 46412, 7, 2024/05/08, 17:24:47.589, 8915128816777, datacollector.dll, MulticastDelegateUtilities.SafeInvoke: DataCollectionEvents.TestCaseStart: Invoking callback 1/1 for Microsoft.TestPlatform.Extensions.BlameDataCollector.BlameCollector., took 0 ms.
TpTrace Information: 0 : 46412, 7, 2024/05/08, 17:24:47.589, 8915128817951, datacollector.dll, DataCollectionTestCaseEventHandler: Test case 'WordCountTests.Count_one_of_each_word - 76eb9b48-cfba-5db5-485e-562a129021ad' started.
TpTrace Information: 0 : 46412, 7, 2024/05/08, 17:24:47.589, 8915128825323, datacollector.dll, DataCollectionTestCaseEventHandler: Test case completing.
TpTrace Information: 0 : 46412, 7, 2024/05/08, 17:24:47.590, 8915128829956, datacollector.dll, BlameCollector.EventsTestCaseEnd: Test Case End
TpTrace Verbose: 0 : 46412, 7, 2024/05/08, 17:24:47.590, 8915128830452, datacollector.dll, MulticastDelegateUtilities.SafeInvoke: DataCollectionEvents.TestCaseEnd: Invoking callback 1/1 for Microsoft.TestPlatform.Extensions.BlameDataCollector.BlameCollector., took 0 ms.
TpTrace Information: 0 : 46412, 7, 2024/05/08, 17:24:47.590, 8915128831846, datacollector.dll, DataCollectionTestCaseEventHandler: Test case 'WordCountTests.Count_one_of_each_word - 76eb9b48-cfba-5db5-485e-562a129021ad' completed
TpTrace Information: 0 : 46412, 7, 2024/05/08, 17:24:47.591, 8915128839567, datacollector.dll, DataCollectionTestCaseEventHandler: Test case starting.
TpTrace Information: 0 : 46412, 7, 2024/05/08, 17:24:47.592, 8915128846683, datacollector.dll, BlameCollector.EventsTestCaseStart: Test Case Start
TpTrace Verbose: 0 : 46412, 7, 2024/05/08, 17:24:47.592, 8915128847841, datacollector.dll, MulticastDelegateUtilities.SafeInvoke: DataCollectionEvents.TestCaseStart: Invoking callback 1/1 for Microsoft.TestPlatform.Extensions.BlameDataCollector.BlameCollector., took 0 ms.
TpTrace Information: 0 : 46412, 7, 2024/05/08, 17:24:47.592, 8915128849783, datacollector.dll, DataCollectionTestCaseEventHandler: Test case 'WordCountTests.With_quotations - ddc0b71b-1fd0-2832-ab04-e6c3d847ce08' started.
TpTrace Information: 0 : 46412, 7, 2024/05/08, 17:24:47.592, 8915128855002, datacollector.dll, DataCollectionTestCaseEventHandler: Test case completing.
TpTrace Information: 0 : 46412, 7, 2024/05/08, 17:24:47.593, 8915128860970, datacollector.dll, BlameCollector.EventsTestCaseEnd: Test Case End
TpTrace Verbose: 0 : 46412, 7, 2024/05/08, 17:24:47.593, 8915128861810, datacollector.dll, MulticastDelegateUtilities.SafeInvoke: DataCollectionEvents.TestCaseEnd: Invoking callback 1/1 for Microsoft.TestPlatform.Extensions.BlameDataCollector.BlameCollector., took 0 ms.
TpTrace Information: 0 : 46412, 7, 2024/05/08, 17:24:47.593, 8915128863443, datacollector.dll, DataCollectionTestCaseEventHandler: Test case 'WordCountTests.With_quotations - ddc0b71b-1fd0-2832-ab04-e6c3d847ce08' completed
TpTrace Information: 0 : 46412, 7, 2024/05/08, 17:24:47.594, 8915128870107, datacollector.dll, DataCollectionTestCaseEventHandler: Test case starting.
TpTrace Information: 0 : 46412, 7, 2024/05/08, 17:24:47.595, 8915128876791, datacollector.dll, BlameCollector.EventsTestCaseStart: Test Case Start
TpTrace Verbose: 0 : 46412, 7, 2024/05/08, 17:24:47.595, 8915128877449, datacollector.dll, MulticastDelegateUtilities.SafeInvoke: DataCollectionEvents.TestCaseStart: Invoking callback 1/1 for Microsoft.TestPlatform.Extensions.BlameDataCollector.BlameCollector., took 0 ms.
TpTrace Information: 0 : 46412, 7, 2024/05/08, 17:24:47.595, 8915128878806, datacollector.dll, DataCollectionTestCaseEventHandler: Test case 'WordCountTests.Alternating_word_separators_not_detected_as_a_word - 9f64bcc6-e17e-0795-27e4-746c6f4738ed' started.
TpTrace Information: 0 : 46412, 7, 2024/05/08, 17:24:47.596, 8915128887294, datacollector.dll, DataCollectionTestCaseEventHandler: Test case completing.
TpTrace Information: 0 : 46412, 7, 2024/05/08, 17:24:47.596, 8915128892975, datacollector.dll, BlameCollector.EventsTestCaseEnd: Test Case End
TpTrace Verbose: 0 : 46412, 7, 2024/05/08, 17:24:47.596, 8915128893644, datacollector.dll, MulticastDelegateUtilities.SafeInvoke: DataCollectionEvents.TestCaseEnd: Invoking callback 1/1 for Microsoft.TestPlatform.Extensions.BlameDataCollector.BlameCollector., took 0 ms.
TpTrace Information: 0 : 46412, 7, 2024/05/08, 17:24:47.596, 8915128895053, datacollector.dll, DataCollectionTestCaseEventHandler: Test case 'WordCountTests.Alternating_word_separators_not_detected_as_a_word - 9f64bcc6-e17e-0795-27e4-746c6f4738ed' completed
TpTrace Information: 0 : 46412, 7, 2024/05/08, 17:24:47.597, 8915128901455, datacollector.dll, DataCollectionTestCaseEventHandler: Test case starting.
TpTrace Information: 0 : 46412, 7, 2024/05/08, 17:24:47.601, 8915128940636, datacollector.dll, BlameCollector.EventsTestCaseStart: Test Case Start
TpTrace Verbose: 0 : 46412, 7, 2024/05/08, 17:24:47.601, 8915128942190, datacollector.dll, MulticastDelegateUtilities.SafeInvoke: DataCollectionEvents.TestCaseStart: Invoking callback 1/1 for Microsoft.TestPlatform.Extensions.BlameDataCollector.BlameCollector., took 0 ms.
TpTrace Information: 0 : 46412, 7, 2024/05/08, 17:24:47.601, 8915128943666, datacollector.dll, DataCollectionTestCaseEventHandler: Test case 'WordCountTests.Multiple_spaces_not_detected_as_a_word - 09b899d6-c006-c4de-2d41-d76bb8121604' started.
TpTrace Information: 0 : 46412, 7, 2024/05/08, 17:24:47.602, 8915128951078, datacollector.dll, DataCollectionTestCaseEventHandler: Test case completing.
TpTrace Information: 0 : 46412, 7, 2024/05/08, 17:24:47.603, 8915128956530, datacollector.dll, BlameCollector.EventsTestCaseEnd: Test Case End
TpTrace Verbose: 0 : 46412, 7, 2024/05/08, 17:24:47.603, 8915128957189, datacollector.dll, MulticastDelegateUtilities.SafeInvoke: DataCollectionEvents.TestCaseEnd: Invoking callback 1/1 for Microsoft.TestPlatform.Extensions.BlameDataCollector.BlameCollector., took 0 ms.
TpTrace Information: 0 : 46412, 7, 2024/05/08, 17:24:47.603, 8915128958722, datacollector.dll, DataCollectionTestCaseEventHandler: Test case 'WordCountTests.Multiple_spaces_not_detected_as_a_word - 09b899d6-c006-c4de-2d41-d76bb8121604' completed
TpTrace Information: 0 : 46412, 7, 2024/05/08, 17:24:47.604, 8915128967981, datacollector.dll, DataCollectionTestCaseEventHandler: Test case starting.
TpTrace Information: 0 : 46412, 7, 2024/05/08, 17:24:47.604, 8915128974122, datacollector.dll, BlameCollector.EventsTestCaseStart: Test Case Start
TpTrace Verbose: 0 : 46412, 7, 2024/05/08, 17:24:47.605, 8915128976063, datacollector.dll, MulticastDelegateUtilities.SafeInvoke: DataCollectionEvents.TestCaseStart: Invoking callback 1/1 for Microsoft.TestPlatform.Extensions.BlameDataCollector.BlameCollector., took 0 ms.
TpTrace Information: 0 : 46412, 7, 2024/05/08, 17:24:47.605, 8915128978163, datacollector.dll, DataCollectionTestCaseEventHandler: Test case 'WordCountTests.Multiple_occurrences_of_a_word - b8b7ade4-b918-4a64-4666-52f6f858dcae' started.
TpTrace Information: 0 : 46412, 7, 2024/05/08, 17:24:47.605, 8915128984235, datacollector.dll, DataCollectionTestCaseEventHandler: Test case completing.
TpTrace Information: 0 : 46412, 7, 2024/05/08, 17:24:47.606, 8915128988656, datacollector.dll, BlameCollector.EventsTestCaseEnd: Test Case End
TpTrace Verbose: 0 : 46412, 7, 2024/05/08, 17:24:47.606, 8915128989323, datacollector.dll, MulticastDelegateUtilities.SafeInvoke: DataCollectionEvents.TestCaseEnd: Invoking callback 1/1 for Microsoft.TestPlatform.Extensions.BlameDataCollector.BlameCollector., took 0 ms.
TpTrace Information: 0 : 46412, 7, 2024/05/08, 17:24:47.606, 8915128990334, datacollector.dll, DataCollectionTestCaseEventHandler: Test case 'WordCountTests.Multiple_occurrences_of_a_word - b8b7ade4-b918-4a64-4666-52f6f858dcae' completed
TpTrace Information: 0 : 46412, 7, 2024/05/08, 17:24:47.633, 8915129260685, datacollector.dll, DataCollectionTestCaseEventHandler: Test case starting.
TpTrace Information: 0 : 46412, 7, 2024/05/08, 17:24:47.634, 8915129267142, datacollector.dll, BlameCollector.EventsTestCaseStart: Test Case Start
TpTrace Verbose: 0 : 46412, 7, 2024/05/08, 17:24:47.634, 8915129267758, datacollector.dll, MulticastDelegateUtilities.SafeInvoke: DataCollectionEvents.TestCaseStart: Invoking callback 1/1 for Microsoft.TestPlatform.Extensions.BlameDataCollector.BlameCollector., took 0 ms.
TpTrace Information: 0 : 46412, 7, 2024/05/08, 17:24:47.634, 8915129269072, datacollector.dll, DataCollectionTestCaseEventHandler: Test case 'WordCountTests.Handles_expanded_lists - 078fb83f-50e2-5800-6d08-0475ef0507ea' started.
TpTrace Information: 0 : 46412, 7, 2024/05/08, 17:24:47.634, 8915129274479, datacollector.dll, DataCollectionTestCaseEventHandler: Test case completing.
TpTrace Information: 0 : 46412, 7, 2024/05/08, 17:24:47.635, 8915129278956, datacollector.dll, BlameCollector.EventsTestCaseEnd: Test Case End
TpTrace Verbose: 0 : 46412, 7, 2024/05/08, 17:24:47.635, 8915129279468, datacollector.dll, MulticastDelegateUtilities.SafeInvoke: DataCollectionEvents.TestCaseEnd: Invoking callback 1/1 for Microsoft.TestPlatform.Extensions.BlameDataCollector.BlameCollector., took 0 ms.
TpTrace Information: 0 : 46412, 7, 2024/05/08, 17:24:47.635, 8915129280605, datacollector.dll, DataCollectionTestCaseEventHandler: Test case 'WordCountTests.Handles_expanded_lists - 078fb83f-50e2-5800-6d08-0475ef0507ea' completed
TpTrace Information: 0 : 46412, 7, 2024/05/08, 17:24:47.636, 8915129288744, datacollector.dll, DataCollectionTestCaseEventHandler: Test case starting.
TpTrace Information: 0 : 46412, 7, 2024/05/08, 17:24:47.636, 8915129293412, datacollector.dll, BlameCollector.EventsTestCaseStart: Test Case Start
TpTrace Verbose: 0 : 46412, 7, 2024/05/08, 17:24:47.636, 8915129293918, datacollector.dll, MulticastDelegateUtilities.SafeInvoke: DataCollectionEvents.TestCaseStart: Invoking callback 1/1 for Microsoft.TestPlatform.Extensions.BlameDataCollector.BlameCollector., took 0 ms.
TpTrace Information: 0 : 46412, 7, 2024/05/08, 17:24:47.636, 8915129294982, datacollector.dll, DataCollectionTestCaseEventHandler: Test case 'WordCountTests.Ignore_punctuation - ea1dd87a-4a69-0a4d-cace-5d93371dc70b' started.
TpTrace Information: 0 : 46412, 7, 2024/05/08, 17:24:47.637, 8915129300171, datacollector.dll, DataCollectionTestCaseEventHandler: Test case completing.
TpTrace Information: 0 : 46412, 7, 2024/05/08, 17:24:47.637, 8915129305435, datacollector.dll, BlameCollector.EventsTestCaseEnd: Test Case End
TpTrace Verbose: 0 : 46412, 7, 2024/05/08, 17:24:47.638, 8915129306070, datacollector.dll, MulticastDelegateUtilities.SafeInvoke: DataCollectionEvents.TestCaseEnd: Invoking callback 1/1 for Microsoft.TestPlatform.Extensions.BlameDataCollector.BlameCollector., took 0 ms.
TpTrace Information: 0 : 46412, 7, 2024/05/08, 17:24:47.638, 8915129307176, datacollector.dll, DataCollectionTestCaseEventHandler: Test case 'WordCountTests.Ignore_punctuation - ea1dd87a-4a69-0a4d-cace-5d93371dc70b' completed
TpTrace Information: 0 : 46412, 7, 2024/05/08, 17:24:47.638, 8915129315304, datacollector.dll, DataCollectionTestCaseEventHandler: Test case starting.
TpTrace Information: 0 : 46412, 7, 2024/05/08, 17:24:47.639, 8915129320567, datacollector.dll, BlameCollector.EventsTestCaseStart: Test Case Start
TpTrace Verbose: 0 : 46412, 7, 2024/05/08, 17:24:47.639, 8915129321679, datacollector.dll, MulticastDelegateUtilities.SafeInvoke: DataCollectionEvents.TestCaseStart: Invoking callback 1/1 for Microsoft.TestPlatform.Extensions.BlameDataCollector.BlameCollector., took 0 ms.
TpTrace Information: 0 : 46412, 7, 2024/05/08, 17:24:47.639, 8915129322876, datacollector.dll, DataCollectionTestCaseEventHandler: Test case 'WordCountTests.Substrings_from_the_beginning - 3f5ec32f-daee-0ebd-265a-4fbacbe49dcd' started.
TpTrace Information: 0 : 46412, 7, 2024/05/08, 17:24:47.640, 8915129329271, datacollector.dll, DataCollectionTestCaseEventHandler: Test case completing.
TpTrace Information: 0 : 46412, 7, 2024/05/08, 17:24:47.641, 8915129339575, datacollector.dll, BlameCollector.EventsTestCaseEnd: Test Case End
TpTrace Verbose: 0 : 46412, 7, 2024/05/08, 17:24:47.641, 8915129341555, datacollector.dll, MulticastDelegateUtilities.SafeInvoke: DataCollectionEvents.TestCaseEnd: Invoking callback 1/1 for Microsoft.TestPlatform.Extensions.BlameDataCollector.BlameCollector., took 0 ms.
TpTrace Information: 0 : 46412, 7, 2024/05/08, 17:24:47.641, 8915129343933, datacollector.dll, DataCollectionTestCaseEventHandler: Test case 'WordCountTests.Substrings_from_the_beginning - 3f5ec32f-daee-0ebd-265a-4fbacbe49dcd' completed
TpTrace Information: 0 : 46412, 7, 2024/05/08, 17:24:47.642, 8915129352975, datacollector.dll, DataCollectionTestCaseEventHandler: Test case starting.
TpTrace Information: 0 : 46412, 7, 2024/05/08, 17:24:47.643, 8915129358919, datacollector.dll, BlameCollector.EventsTestCaseStart: Test Case Start
TpTrace Verbose: 0 : 46412, 7, 2024/05/08, 17:24:47.643, 8915129359542, datacollector.dll, MulticastDelegateUtilities.SafeInvoke: DataCollectionEvents.TestCaseStart: Invoking callback 1/1 for Microsoft.TestPlatform.Extensions.BlameDataCollector.BlameCollector., took 0 ms.
TpTrace Information: 0 : 46412, 7, 2024/05/08, 17:24:47.643, 8915129360759, datacollector.dll, DataCollectionTestCaseEventHandler: Test case 'WordCountTests.Count_one_word - ebc1d37c-5c58-43b1-6345-4849ac90cf31' started.
TpTrace Information: 0 : 46412, 7, 2024/05/08, 17:24:47.644, 8915129366615, datacollector.dll, DataCollectionTestCaseEventHandler: Test case completing.
TpTrace Information: 0 : 46412, 7, 2024/05/08, 17:24:47.644, 8915129371339, datacollector.dll, BlameCollector.EventsTestCaseEnd: Test Case End
TpTrace Verbose: 0 : 46412, 7, 2024/05/08, 17:24:47.644, 8915129371812, datacollector.dll, MulticastDelegateUtilities.SafeInvoke: DataCollectionEvents.TestCaseEnd: Invoking callback 1/1 for Microsoft.TestPlatform.Extensions.BlameDataCollector.BlameCollector., took 0 ms.
TpTrace Information: 0 : 46412, 7, 2024/05/08, 17:24:47.644, 8915129373344, datacollector.dll, DataCollectionTestCaseEventHandler: Test case 'WordCountTests.Count_one_word - ebc1d37c-5c58-43b1-6345-4849ac90cf31' completed
TpTrace Information: 0 : 46412, 7, 2024/05/08, 17:24:47.645, 8915129380692, datacollector.dll, DataCollectionTestCaseEventHandler: Test case starting.
TpTrace Information: 0 : 46412, 7, 2024/05/08, 17:24:47.646, 8915129386257, datacollector.dll, BlameCollector.EventsTestCaseStart: Test Case Start
TpTrace Verbose: 0 : 46412, 7, 2024/05/08, 17:24:47.646, 8915129386891, datacollector.dll, MulticastDelegateUtilities.SafeInvoke: DataCollectionEvents.TestCaseStart: Invoking callback 1/1 for Microsoft.TestPlatform.Extensions.BlameDataCollector.BlameCollector., took 0 ms.
TpTrace Information: 0 : 46412, 7, 2024/05/08, 17:24:47.646, 8915129387834, datacollector.dll, DataCollectionTestCaseEventHandler: Test case 'WordCountTests.Normalize_case - 851da4f7-3d99-21df-6dbd-5fff668c1d62' started.
TpTrace Information: 0 : 46412, 7, 2024/05/08, 17:24:47.646, 8915129394500, datacollector.dll, DataCollectionTestCaseEventHandler: Test case completing.
TpTrace Information: 0 : 46412, 7, 2024/05/08, 17:24:47.647, 8915129399255, datacollector.dll, BlameCollector.EventsTestCaseEnd: Test Case End
TpTrace Verbose: 0 : 46412, 7, 2024/05/08, 17:24:47.647, 8915129399858, datacollector.dll, MulticastDelegateUtilities.SafeInvoke: DataCollectionEvents.TestCaseEnd: Invoking callback 1/1 for Microsoft.TestPlatform.Extensions.BlameDataCollector.BlameCollector., took 0 ms.
TpTrace Information: 0 : 46412, 7, 2024/05/08, 17:24:47.647, 8915129401267, datacollector.dll, DataCollectionTestCaseEventHandler: Test case 'WordCountTests.Normalize_case - 851da4f7-3d99-21df-6dbd-5fff668c1d62' completed
TpTrace Information: 0 : 46412, 7, 2024/05/08, 17:24:47.657, 8915129505202, datacollector.dll, DataCollectionTestCaseEventHandler: Test session ended
TpTrace Information: 0 : 46412, 1, 2024/05/08, 17:24:47.687, 8915129804103, datacollector.dll, DataCollectionRequestHandler.ProcessRequests: Datacollector received message: (DataCollection.AfterTestRunEnd) -> {"MessageType":"DataCollection.AfterTestRunEnd","Payload":false}
TpTrace Information: 0 : 46412, 1, 2024/05/08, 17:24:47.689, 8915129815648, datacollector.dll, Blame Collector: Session End
TpTrace Information: 0 : 46412, 1, 2024/05/08, 17:24:47.689, 8915129816647, datacollector.dll, BlameCollector.CollectDumpAndAbortTesthost: Custom path to dump directory was provided via VSTEST_DUMP_PATH. Skipping attachment upload, the caller is responsible for collecting and uploading the dumps themselves.
TpTrace Verbose: 0 : 46412, 1, 2024/05/08, 17:24:47.689, 8915129817371, datacollector.dll, MulticastDelegateUtilities.SafeInvoke: DataCollectionEvents.SessionEnd: Invoking callback 1/1 for Microsoft.TestPlatform.Extensions.BlameDataCollector.BlameCollector., took 0 ms.
TpTrace Information: 0 : 46412, 1, 2024/05/08, 17:24:47.689, 8915129823116, datacollector.dll, DataCollectionManager.CleanupPlugins: CleanupPlugins called
TpTrace Verbose: 0 : 46412, 1, 2024/05/08, 17:24:47.689, 8915129823819, datacollector.dll, DataCollectionManager.CleanupPlugins: Cleaning up 1 plugins
TpTrace Verbose: 0 : 46412, 1, 2024/05/08, 17:24:47.689, 8915129824621, datacollector.dll, dataCollectorInfo.DisposeDataCollector: calling Dispose() on Microsoft.TestPlatform.Extensions.BlameDataCollector.BlameCollector
TpTrace Information: 0 : 46412, 1, 2024/05/08, 17:24:47.689, 8915129825145, datacollector.dll, DataCollectionManager.CleanupPlugins: CleanupPlugins finished
TpTrace Information: 0 : 46412, 1, 2024/05/08, 17:24:47.693, 8915129856425, datacollector.dll, DataCollectionRequestHandler.ProcessRequests : Session End message received from server. Closing the connection.
TpTrace Information: 0 : 46412, 1, 2024/05/08, 17:24:47.693, 8915129859236, datacollector.dll, Closing the connection !
TpTrace Information: 0 : 46412, 1, 2024/05/08, 17:24:47.693, 8915129859689, datacollector.dll, DataCollectionRequestHandler.ProcessRequests : DataCollection completed
TpTrace Information: 0 : 46412, 1, 2024/05/08, 17:24:47.693, 8915129859911, datacollector.dll, Program.Main: exiting datacollector process.
